C51 COMPILER V9.60.7.0   AD_KEY                                                            03/31/2026 17:56:21 PAGE 1   


C51 COMPILER V9.60.7.0, COMPILATION OF MODULE AD_KEY
OBJECT MODULE PLACED IN .\Release\Objects\ad_key.obj
COMPILER INVOKED BY: C:\Keil_v5\C51\BIN\C51.EXE ..\..\User\ad_key.c LARGE OPTIMIZE(9,SIZE) BROWSE ORDER INTVECTOR(0X000C
                    -) INCDIR(..\..\Libraries\Include;..\..\User;..\..\driver_on_chip) INTERVAL(3) DEBUG OBJECTEXTEND PRINT(.\Release\Listing
                    -s\ad_key.lst) OBJECT(.\Release\Objects\ad_key.obj)

line level    source

   1          #include "ad_key.h"
   2          #include "user_include.h"
   3          
   4          // еӯҳж”ҫжҢүй”®еҜ№еә”зҡ„adеҖј:
   5          static const u16 ad_key_scan_table[][2] = {
   6              // [][0]жҢүй”®еҜ№еә”зҡ„зҙўеј•,еңЁеҲӨж–ӯжҢүй”®й”®еҖјж—¶дҪҝз”Ё   [][1]жҢүй”®еҜ№еә”зҡ„adеҖјйҳҲеҖј
   7          
   8              {AD_KEY_INDEX_1, AD_KEY_INDEX_1_VAL}, //
   9              {AD_KEY_INDEX_2, AD_KEY_INDEX_2_VAL}, //
  10              {AD_KEY_INDEX_3, AD_KEY_INDEX_3_VAL}, //
  11              {AD_KEY_INDEX_4, AD_KEY_INDEX_4_VAL}, //
  12          };
  13          
  14          // е°ҶжҢүй”®idе’ҢжҢүй”®дәӢд»¶з»‘е®ҡиө·жқҘпјҢеңЁ xx еҮҪж•°дёӯпјҢйҖҡиҝҮжҹҘиЎЁзҡ„ж–№ејҸеҫ—еҲ°жҢүй”®дәӢд»¶
  15          static const u8 ad_key_event_table[][AD_KEY_EFFECT_EVENT_NUMS + 1] = {
  16              {AD_KEY_INDEX_1, AD_KEY_EVENT_ID_1_CLICK, AD_KEY_EVENT_ID_1_LONG, AD_KEY_EVENT_ID_1_HOLD, AD_KEY_EVENT
             -_ID_1_LOOSE}, //
  17              {AD_KEY_INDEX_2, AD_KEY_EVENT_ID_2_CLICK, AD_KEY_EVENT_ID_2_LONG, AD_KEY_EVENT_ID_2_HOLD, AD_KEY_EVENT
             -_ID_2_LOOSE}, //
  18              {AD_KEY_INDEX_3, AD_KEY_EVENT_ID_3_CLICK, AD_KEY_EVENT_ID_3_LONG, AD_KEY_EVENT_ID_3_HOLD, AD_KEY_EVENT
             -_ID_3_LOOSE}, //
  19              {AD_KEY_INDEX_4, AD_KEY_EVENT_ID_4_CLICK, AD_KEY_EVENT_ID_4_LONG, AD_KEY_EVENT_ID_4_HOLD, AD_KEY_EVENT
             -_ID_4_LOOSE}, //
  20          };
  21          
  22          extern u8 ad_key_get_key_val(void);
  23          volatile struct key_driver_para ad_key_para = {
  24              // зј–иҜ‘еҷЁдёҚж”ҜжҢҒжҢҮе®ҡжҲҗе‘ҳиөӢеҖјзҡ„еҶҷжі•пјҢдјҡжҠҘй”ҷ
  25              AD_KEY_SCAN_CIRCLE_TIMES, // const u8 scan_times; // жҢүй”®жү«жҸҸйў‘зҺҮ, еҚ•дҪҚms
  26              0,                        // volatile u8 cur_scan_times; // жҢүй”®жү«жҸҸйў‘зҺҮ, еҚ•дҪҚmsпјҢз”ұ1msзҡ„е®
             -ҡж—¶еҷЁдёӯж–ӯеҶ…зҙҜеҠ пјҢеңЁkey_driver_scan()дёӯжё…йӣ¶
  27              0,                        // volatile u8 last_key; // еӯҳж”ҫдёҠдёҖж¬Ўи°ғз”Ёget_value()д№ӢеҗҺеҫ—еҲ°зҡ„ж
             -Ңүй”®еҖј
  28          
  29              //== з”ЁдәҺж¶ҲжҠ–зұ»еҸӮж•° ==//
  30              0, // volatile u8 filter_value; // з”ЁдәҺжҢүй”®ж¶ҲжҠ–пјҢеӯҳж”ҫж¶ҲжҠ–жңҹй—ҙеҫ—еҲ°зҡ„й”®еҖј
  31              0, // volatile u8 filter_cnt;   // з”ЁдәҺжҢүй”®ж¶ҲжҠ–ж—¶зҡ„зҙҜеҠ еҖј
  32              3, // const u8 filter_time;     // еҪ“filter_cntзҙҜеҠ еҲ°base_cntеҖјж—¶, ж¶ҲжҠ–жңүж•Ҳ
  33          
  34              //== з”ЁдәҺеҲӨе®ҡй•ҝжҢүе’ҢHOLDдәӢд»¶еҸӮж•°
  35              AD_KEY_LONG_PRESS_TIME_THRESHOLD_MS / AD_KEY_SCAN_CIRCLE_TIMES,                                       
             -  // const u8 long_time; // жҢүй”®еҲӨе®ҡй•ҝжҢүж•°йҮҸ
  36              (AD_KEY_LONG_PRESS_TIME_THRESHOLD_MS + AD_KEY_HOLD_PRESS_TIME_THRESHOLD_MS) / AD_KEY_SCAN_CIRCLE_TIMES
             -, // const u8 hold_time; // жҢүй”®еҲӨе®ҡHOLDж•°йҮҸ
  37              0,                                                                                                    
             -  // volatile u8 press_cnt; // дёҺlong_timeе’Ңhold_timeеҜ№жҜ”, еҲӨж–ӯlong_eventе’Ңhold_event
  38          
  39              //== з”ЁдәҺеҲӨе®ҡиҝһеҮ»дәӢд»¶еҸӮж•°
  40              0,                  // volatile u8 click_cnt; // жҢүй”®жҢүдёӢж¬Ўж•°
  41              0,                  // volatile u8 click_delay_cnt; // жҢүй”®иў«жҠ¬иө·еҗҺзӯүеҫ…иҝһеҮ»дәӢд»¶е»¶ж—¶и®Ўж•
             -°
  42              0,                  // const u8 click_delay_time; // жҢүй”®иў«жҠ¬иө·еҗҺзӯүеҫ…иҝһеҮ»дәӢд»¶е»¶ж—¶ж•°йҮҸ
  43              0,                  // volatile u8 notify_value;    // еңЁе»¶ж—¶зҡ„еҫ…еҸ‘йҖҒжҢүй”®еҖј
C51 COMPILER V9.60.7.0   AD_KEY                                                            03/31/2026 17:56:21 PAGE 2   

  44              KEY_TYPE_AD,        // const u8 key_type;
  45              ad_key_get_key_val, // u8 (*get_value)(void); // з”ЁжҲ·иҮӘе®ҡд№үзҡ„иҺ·еҸ–й”®еҖјзҡ„еҮҪж•°
  46          
  47              // == еӯҳж”ҫеҫ—еҲ°зҡ„жҢүй”®й”®еҖје’ҢжҢүй”®дәӢд»¶
  48              AD_KEY_INDEX_NONE, // volatile u8 latest_key_val;
  49              KEY_EVENT_NONE,    // volatile u8 latest_key_event;
  50          };
  51          
  52          // е°ҶйҮҮйӣҶеҲ°зҡ„adеҖјиҪ¬жҚўжҲҗиҮӘе®ҡд№үзҡ„й”®еҖј
  53          static u16 ad_key_val_to_ad_key_index(const u16 ad_key_val)
  54          {
  55   1          u8 i = 0;
  56   1          u16 ad_key_index = NO_KEY;
  57   1      
  58   1          // ARRAY_SIZE(ad_key_scan_table) иҝҷйҮҢжҳҜжұӮеҮәж•°з»„дёӯеӯҳж”ҫзҡ„жҢүй”®дёӘж•°
  59   1          for (i = 0; i < ARRAY_SIZE(ad_key_scan_table); i++)
  60   1          {
  61   2              if (ad_key_val < ad_key_scan_table[i][1])
  62   2              {
  63   3                  ad_key_index = ad_key_scan_table[i][0];
  64   3                  break;
  65   3              }
  66   2          }
  67   1      
  68   1          return ad_key_index;
  69   1      }
  70          
  71          //
  72          /**
  73           * @brief е°ҶжҢүй”®еҖје’Ңkey_driver_scanеҫ—еҲ°зҡ„жҢүй”®дәӢд»¶иҪ¬жҚўжҲҗadжҢүй”®зҡ„дәӢд»¶
  74           *
  75           * @param key_val adжҢүй”®й”®еҖј
  76           * @param key_event еңЁkey_driver_scanеҫ—еҲ°зҡ„жҢүй”®дәӢд»¶ KEY_EVENT
  77           * @return u8 еңЁad_key_event_tableдёӯжүҫеҲ°зҡ„еҜ№еә”зҡ„жҢүй”®дәӢд»¶пјҢеҰӮжһңжІЎжңүеҲҷиҝ”еӣһ AD_KEY_EVENT_
             -NONE
  78           */
  79          static u8 ad_key_get_event(const u8 key_val, const u8 key_event)
  80          {
  81   1          u8 ret_key_event = AD_KEY_EVENT_NONE;
  82   1          u8 key_event_index = 0;
  83   1          u8 i = 0;
  84   1      
  85   1          // е°Ҷ key_driver_scanеҫ—еҲ°зҡ„жҢүй”®дәӢд»¶ KEY_EVENT иҪ¬жҚўдёә ad_key_event_table дёӯзҡ„зҙўеј•
  86   1          if (key_event == KEY_EVENT_CLICK)
  87   1          {
  88   2              key_event_index = 1;
  89   2          }
  90   1          else if (key_event == KEY_EVENT_LONG)
  91   1          {
  92   2              key_event_index = 2;
  93   2          }
  94   1          else if (key_event == KEY_EVENT_HOLD)
  95   1          {
  96   2              key_event_index = 3;
  97   2          }
  98   1          else if (key_event == KEY_EVENT_UP)
  99   1          {
 100   2              key_event_index = 4;
 101   2          }
 102   1          else
 103   1          {
 104   2              return (u8)AD_KEY_EVENT_NONE;
C51 COMPILER V9.60.7.0   AD_KEY                                                            03/31/2026 17:56:21 PAGE 3   

 105   2          }
 106   1      
 107   1          for (; i < ARRAY_SIZE(ad_key_event_table); i++)
 108   1          {
 109   2              if (key_val == ad_key_event_table[i][0])
 110   2              {
 111   3                  ret_key_event = ad_key_event_table[i][key_event_index];
 112   3                  break;
 113   3              }
 114   2          }
 115   1      
 116   1          return ret_key_event;
 117   1      }
 118          
 119          // void adc_update_ad_key_val(u16 adc_val)
 120          // {
 121          //     adc_val_of_adkey = adc_val;
 122          // }
 123          
 124          // u16 adc_get_ad_key_val(void)
 125          // {
 126          //     return adc_val_of_adkey;
 127          // }
 128          
 129          // иҺ·еҸ–жҢүй”®й”®еҖјпјҢз”ұkey_driver_scan()еҮҪж•°и°ғз”Ё
 130          u8 ad_key_get_key_val(void)
 131          {
 132   1          static volatile u16 val = AD_KEY_NONE_VAL; // еҚ•ж¬ЎжҢүй”®ж Үеҝ—
 133   1          u8 ret = NO_KEY;
 134   1      
 135   1          // жңүж•°жҚ®жӣҙж–°пјҢжүҚиҺ·еҸ–ж•°жҚ®
 136   1          if (adc_get_update_flag(ADC_CHANNEL_SEL_AD_KEY))
 137   1          {
 138   2              adc_clear_update_flag(ADC_CHANNEL_SEL_AD_KEY);
 139   2              val = adc_get_val(ADC_CHANNEL_SEL_AD_KEY);
 140   2      
 141   2              // printf("ad key val == %u\n", val);
 142   2          }
 143   1      
 144   1          ret = ad_key_val_to_ad_key_index(val); // е°ҶйҮҮйӣҶеҲ°зҡ„adеҖјиҪ¬жҚўжҲҗиҮӘе®ҡд№үзҡ„й”®еҖј
 145   1          return ret;
 146   1      }
 147          
 148          void ad_key_handle(void)
 149          {
 150   1          u8 ad_key_event = AD_KEY_EVENT_NONE;
 151   1      
 152   1          if (ad_key_para.latest_key_val == AD_KEY_INDEX_NONE)
 153   1          {
 154   2              return;
 155   2          }
 156   1      
 157   1          // USER_TO_DO йңҖиҰҒжіЁж„ҸдҪҺз”өйҮҸдёҚжү§иЎҢж“ҚдҪң
 158   1          // дҪҺз”өйҮҸпјҢеҮҪж•°зӣҙжҺҘиҝ”еӣһ
 159   1          // if ((led_ctl.status == LED_STATUS_OFF) &&
 160   1          //     (ble_ic.is_working == 0) &&
 161   1          //     (is_in_charging_by_charger == 0) &&
 162   1          //     (is_in_charging_by_solar_panel == 0))
 163   1          // {
 164   1          //     // u8 bat_percent = slip_avg_get_filtered_val(); 
 165   1          //     // дҪҺз”өйҮҸпјҢеҮҪж•°зӣҙжҺҘиҝ”еӣһ
 166   1          //     if (stable_bat_percent < 10)
C51 COMPILER V9.60.7.0   AD_KEY                                                            03/31/2026 17:56:21 PAGE 4   

 167   1          //     {
 168   1          //         return;
 169   1          //     }
 170   1          // }
 171   1      
 172   1          if (is_in_charging)
 173   1          {
 174   2              return;
 175   2          }
 176   1      
 177   1      
 178   1          ad_key_event = ad_key_get_event(ad_key_para.latest_key_val, ad_key_para.latest_key_event);
 179   1          ad_key_para.latest_key_val = AD_KEY_INDEX_NONE;
 180   1          ad_key_para.latest_key_event = KEY_EVENT_NONE;
 181   1      
 182   1          switch (ad_key_event)
 183   1          {
 184   2              // ================================================================
 185   2              // key 1пјҢеҜ№еә”зҡ„дёқеҚ°жҳҜ дёҠдёҖжӣІ
 186   2          case AD_KEY_EVENT_ID_1_CLICK:
 187   2      #if USER_DEBUG_ENABLE
 188   2              printf("key 1 click\n");
 189   2      #endif
 190   2              uart_data_send_cmd(UART_SEND_CMD_MUSIC_PREV);
 191   2              break;
 192   2      
 193   2          case AD_KEY_EVENT_ID_1_LONG:
 194   2      #if USER_DEBUG_ENABLE
 195   2              printf("key 1 long\n");
 196   2      #endif
 197   2      
 198   2              // й•ҝжҢүеҸ‘йҖҒйҹійҮҸеҠ 
 199   2              uart_data_send_cmd(UART_SEND_CMD_VOLUME_ADD);
 200   2              break;
 201   2      
 202   2          case AD_KEY_EVENT_ID_1_HOLD:
 203   2      #if USER_DEBUG_ENABLE
 204   2              printf("key 1 hold\n");
 205   2      #endif
 206   2      
 207   2              // й•ҝжҢүеҸ‘йҖҒйҹійҮҸеҠ 
 208   2              uart_data_send_cmd(UART_SEND_CMD_VOLUME_ADD);
 209   2              break;
 210   2      
 211   2          case AD_KEY_EVENT_ID_1_LOOSE:
 212   2      #if USER_DEBUG_ENABLE
 213   2              printf("key 1 loose\n");
 214   2      #endif
 215   2              break;
 216   2      
 217   2              // ================================================================
 218   2              // key 2пјҢеҜ№еә”зҡ„дёқеҚ°жҳҜ зҒҜејҖе…і
 219   2          case AD_KEY_EVENT_ID_2_CLICK:
 220   2      #if USER_DEBUG_ENABLE
 221   2              printf("key 2 click\n");
 222   2      #endif
 223   2              led_status_switch();
 224   2              break;
 225   2      
 226   2          case AD_KEY_EVENT_ID_2_LONG:
 227   2      #if USER_DEBUG_ENABLE
 228   2              printf("key 2 long\n");
C51 COMPILER V9.60.7.0   AD_KEY                                                            03/31/2026 17:56:21 PAGE 5   

 229   2      #endif
 230   2              break;
 231   2      
 232   2          case AD_KEY_EVENT_ID_2_HOLD:
 233   2      #if USER_DEBUG_ENABLE
 234   2              printf("key 2 hold\n");
 235   2      #endif
 236   2              break;
 237   2      
 238   2          case AD_KEY_EVENT_ID_2_LOOSE:
 239   2      #if USER_DEBUG_ENABLE
 240   2              printf("key 2 loose\n");
 241   2      #endif
 242   2              break;
 243   2      
 244   2              // ================================================================
 245   2              // key 3пјҢеҜ№еә”зҡ„дёқеҚ°жҳҜ дёӢдёҖжӣІ
 246   2      
 247   2          case AD_KEY_EVENT_ID_3_CLICK:
 248   2      #if USER_DEBUG_ENABLE
 249   2              printf("key 3 click\n");
 250   2      #endif
 251   2      
 252   2              uart_data_send_cmd(UART_SEND_CMD_MUSIC_NEXT);
 253   2              break;
 254   2      
 255   2          case AD_KEY_EVENT_ID_3_LONG:
 256   2      #if USER_DEBUG_ENABLE
 257   2              printf("key 3 long\n");
 258   2      #endif
 259   2      
 260   2              // й•ҝжҢүеҸ‘йҖҒйҹійҮҸеҮҸ
 261   2              uart_data_send_cmd(UART_SEND_CMD_VOLUME_SUB);
 262   2              break;
 263   2      
 264   2          case AD_KEY_EVENT_ID_3_HOLD:
 265   2      #if USER_DEBUG_ENABLE
 266   2              printf("key 3 hold\n");
 267   2      #endif
 268   2      
 269   2              // й•ҝжҢүеҸ‘йҖҒйҹійҮҸеҮҸ
 270   2              uart_data_send_cmd(UART_SEND_CMD_VOLUME_SUB);
 271   2              break;
 272   2      
 273   2          case AD_KEY_EVENT_ID_3_LOOSE:
 274   2      #if USER_DEBUG_ENABLE
 275   2              printf("key 3 loose\n");
 276   2      #endif
 277   2              break;
 278   2      
 279   2              // ================================================================
 280   2              // key 4пјҢеҜ№еә”зҡ„дёқеҚ°жҳҜ жҖ»ејҖе…і
 281   2          case AD_KEY_EVENT_ID_4_CLICK:
 282   2      #if USER_DEBUG_ENABLE
 283   2              printf("key 4 click\n");
 284   2      #endif
 285   2      
 286   2              // ж’ӯж”ҫ/жҡӮеҒңйҹід№җ
 287   2              if (ble_ic.music_status == BLUETOOTH_IC_STATUS_PLAYING_MUSIC)
 288   2              {
 289   3                  uart_data_send_cmd(UART_SEND_CMD_MUSIC_PAUSE);
 290   3              }
C51 COMPILER V9.60.7.0   AD_KEY                                                            03/31/2026 17:56:21 PAGE 6   

 291   2              else if (ble_ic.music_status == BLUETOOTH_IC_STATUS_PAUSE_MUSIC)
 292   2              {
 293   3                  uart_data_send_cmd(UART_SEND_CMD_MUSIC_PLAY);
 294   3              }
 295   2              break;
 296   2      
 297   2          case AD_KEY_EVENT_ID_4_LONG:
 298   2      #if USER_DEBUG_ENABLE
 299   2              printf("key 4 long\n");
 300   2      #endif
 301   2      
 302   2              // жү“ејҖи“қзүҷ/е…ій—ӯи“қзүҷ
 303   2              if (ble_ic.is_working)
 304   2              {
 305   3                  uart_data_send_cmd(UART_SEND_CMD_BLE_CLOSE);
 306   3                  // еҸ‘йҖҒе®ҢжҲҗеҗҺпјҢйңҖиҰҒеңЁдёІеҸЈжҺҘж”¶еҲ°и“қзүҷе…ій—ӯеҠҹж”ҫзҡ„ж•°жҚ®еҗҺпјҢеҶҚжү§иЎҢе…ій—ӯи
             -“қзүҷзҡ„ж“ҚдҪң
 307   3              }
 308   2              else
 309   2              {
 310   3                  BLE_IC_POWER_KEY_PIN = 0;
 311   3                  delay_ms(30); // зӯүеҫ…и“қзүҷејҖжңәе®ҢжҜ•
 312   3                  uart_data_send_cmd(UART_SEND_CMD_BLE_OPEN);
 313   3                  ble_ic.is_working = 1;
 314   3              }
 315   2              break;
 316   2      
 317   2          case AD_KEY_EVENT_ID_4_HOLD:
 318   2      #if USER_DEBUG_ENABLE
 319   2              printf("key 4 hold\n");
 320   2      #endif
 321   2              break;
 322   2      
 323   2          case AD_KEY_EVENT_ID_4_LOOSE:
 324   2      #if USER_DEBUG_ENABLE
 325   2              printf("key 4 loose\n");
 326   2      #endif
 327   2              break;
 328   2      
 329   2          default:
 330   2              break;
 331   2          }
 332   1      }


MODULE INFORMATION:   STATIC OVERLAYABLE
   CODE SIZE        =    535    ----
   CONSTANT SIZE    =    200    ----
   XDATA SIZE       =     57       3
   PDATA SIZE       =   ----    ----
   DATA SIZE        =   ----    ----
   IDATA SIZE       =   ----    ----
   BIT SIZE         =   ----    ----
END OF MODULE INFORMATION.


C51 COMPILATION COMPLETE.  0 WARNING(S),  0 ERROR(S)
