C51 COMPILER V9.60.7.0   ADC                                                               05/20/2026 19:00:47 PAGE 1   


C51 COMPILER V9.60.7.0, COMPILATION OF MODULE ADC
OBJECT MODULE PLACED IN .\Release\Objects\adc.obj
COMPILER INVOKED BY: C:\Keil_v5\C51\BIN\C51.EXE ..\..\driver_on_chip\adc.c LARGE OPTIMIZE(9,SIZE) BROWSE ORDER INTVECTOR
                    -(0X000C) INCDIR(..\..\Libraries\Include;..\..\User;..\..\driver_on_chip) INTERVAL(3) DEBUG OBJECTEXTEND PRINT(.\Release\
                    -Listings\adc.lst) OBJECT(.\Release\Objects\adc.obj)

line level    source

   1          #include "adc.h"
   2          #include "user_config.h"
   3          #include "user_include.h"
   4          
   5          volatile u8 cur_adc_status = ADC_STATUS_IDLE;
   6          
   7          // adๆ้ฎ๏ผ
   8          static volatile u16 adc_adkey_val = 0; // ๅญๆพ้้ๅฐ็adๅผ
   9          static volatile bit flag_is_adkey_val_update = 0;
  10          // ad็ตๆฑ ๏ผ
  11          static volatile u16 adc_bat_det_val = 0;
  12          static volatile bit flag_is_adc_bat_det_val_update = 0;
  13          // adๅคช้ณ่ฝ๏ผ
  14          static volatile u16 adc_solar_det_val = 0;
  15          static volatile bit flag_is_adc_solar_det_val_update = 0;
  16          
  17          // type-cๅๅ
  18          static volatile u16 adc_type_c_det_val = 0;
  19          static volatile bit flag_is_adc_type_c_det_val_update = 0;
  20          
  21          // adc็ธๅณ็ๅผ่้็ฝฎ
  22          void adc_pin_init(void)
  23          {
  24   1          // P24 ๆฃๆตADKEY
  25   1          P2_MD1 |= GPIO_P24_MODE_SEL(0x3);
  26   1      
  27   1          // P14 ๆฃๆตๅคช้ณ่ฝไธไพง็็ตๅ
  28   1          P1_MD1 |= GPIO_P14_MODE_SEL(0x3);
  29   1       
  30   1          // ๆฃๆตtype-cๅ็ต็ๅผ่
  31   1          P1_MD1 |= GPIO_P16_MODE_SEL(0x03);
  32   1      }
  33          
  34          void adc_init(void)
  35          {
  36   1          cur_adc_status = ADC_STATUS_IDLE;
  37   1      
  38   1          ADC_ACON0 = ADC_CMP_EN(0x1) |  // ๆๅผADCไธญ็CMPไฝฟ่ฝไฟกๅท
  39   1                      ADC_BIAS_EN(0x1) | // ๆๅผADCๅ็ฝฎ็ตๆต่ฝไฝฟไฟกๅท
  40   1                      ADC_BIAS_SEL(0x1); // ๆๅผ ADCๅ็ฝฎ็ตๆต
  41   1      
  42   1          __EnableIRQ(ADC_IRQn); // ไฝฟ่ฝADCไธญๆญ
  43   1          IE_EA = 1;             // ไฝฟ่ฝๆปไธญๆญ
  44   1      
  45   1          ADC_CFG1 |= (0x0F << 3) |       // ADCๆถ้ๅ้ขไธบ16ๅ้ข๏ผไธบ็ณป็ปๆถ้/16๏ผๆadcๆถ้่ฎพ็ฝ
             -ฎไธบๆๆข๏ผ๏ผ
  46   1                      (0x01 << 0);        // ADC0 ้้ไธญๆญไฝฟ่ฝ
  47   1          ADC_CFG0 |= ADC_CHAN0_EN(0x1) | // ไฝฟ่ฝ ้้0
  48   1                      ADC_EN(0x1);        // ไฝฟ่ฝ adc
  49   1      
  50   1          delay_ms(1); // ็ญๅพADCๆจกๅ้็ฝฎ็จณๅฎ๏ผ้่ฆ็ญๅพ20usไปฅไธ
  51   1      }
  52          
C51 COMPILER V9.60.7.0   ADC                                                               05/20/2026 19:00:47 PAGE 2   

  53          /**
  54           * @brief ๆดๆฐ้้ๅฏนๅบ็adๅผ๏ผ็ฑadไธญๆญๆดๆฐ๏ผ
  55           *
  56           * @param adc_channel
  57           * @param adc_val
  58           */
  59          void adc_update_val(adc_channel_sel_t adc_channel, u16 adc_val)
  60          {
  61   1          switch (adc_channel)
  62   1          {
  63   2          case ADC_CHANNEL_SEL_AD_KEY:
  64   2              adc_adkey_val = adc_val;
  65   2              flag_is_adkey_val_update = 1;
  66   2              break;
  67   2          case ADC_CHANNEL_SEL_BAT_DET:
  68   2              adc_bat_det_val = adc_val;
  69   2              flag_is_adc_bat_det_val_update = 1;
  70   2              break;
  71   2          case ADC_CHANNEL_SEL_SOLAR_DET:
  72   2              adc_solar_det_val = adc_val;
  73   2              flag_is_adc_solar_det_val_update = 1;
  74   2              break;
  75   2          case ADC_CHANNEL_SEL_TYPE_C:
  76   2              adc_type_c_det_val = adc_val;
  77   2              flag_is_adc_type_c_det_val_update = 1;
  78   2              break;
  79   2          }
  80   1      }
  81          
  82          u16 adc_get_val(adc_channel_sel_t adc_channel)
  83          {
  84   1          u16 ret = 0;
  85   1          switch (adc_channel)
  86   1          {
  87   2          case ADC_CHANNEL_SEL_AD_KEY:
  88   2              ret = adc_adkey_val;
  89   2              break;
  90   2          case ADC_CHANNEL_SEL_BAT_DET:
  91   2              ret = adc_bat_det_val;
  92   2              break;
  93   2          case ADC_CHANNEL_SEL_SOLAR_DET:
  94   2              ret = adc_solar_det_val;
  95   2              break;
  96   2          case ADC_CHANNEL_SEL_TYPE_C:
  97   2              ret = adc_type_c_det_val;
  98   2              break;
  99   2      
 100   2          default:
 101   2              break;
 102   2          }
 103   1      
 104   1          return ret;
 105   1      }
 106          
 107          // ่ทๅๆดๆฐๆ ๅฟไฝ็็ถๆ
 108          u8 adc_get_update_flag(adc_channel_sel_t adc_channel)
 109          {
 110   1          u8 ret = 0xFF;
 111   1          switch (adc_channel)
 112   1          {
 113   2          case ADC_CHANNEL_SEL_AD_KEY:
 114   2              ret = (u8)flag_is_adkey_val_update;
C51 COMPILER V9.60.7.0   ADC                                                               05/20/2026 19:00:47 PAGE 3   

 115   2              break;
 116   2          case ADC_CHANNEL_SEL_BAT_DET:
 117   2              ret = (u8)flag_is_adc_bat_det_val_update;
 118   2              break;
 119   2          case ADC_CHANNEL_SEL_SOLAR_DET:
 120   2              ret = (u8)flag_is_adc_solar_det_val_update;
 121   2              break;
 122   2          case ADC_CHANNEL_SEL_TYPE_C:
 123   2              ret = (u8)flag_is_adc_type_c_det_val_update;
 124   2              break; 
 125   2      
 126   2          default:
 127   2              break;
 128   2          }
 129   1      
 130   1          return ret;
 131   1      }
 132          
 133          // ๆธ้คๆดๆฐๆ ๅฟไฝ็็ถๆ
 134          void adc_clear_update_flag(adc_channel_sel_t adc_channel)
 135          {
 136   1          switch (adc_channel)
 137   1          {
 138   2          case ADC_CHANNEL_SEL_AD_KEY:
 139   2              flag_is_adkey_val_update = 0;
 140   2              break;
 141   2          case ADC_CHANNEL_SEL_BAT_DET:
 142   2              flag_is_adc_bat_det_val_update = 0;
 143   2              break;
 144   2          case ADC_CHANNEL_SEL_SOLAR_DET:
 145   2              flag_is_adc_solar_det_val_update = 0;
 146   2              break;
 147   2          case ADC_CHANNEL_SEL_TYPE_C:
 148   2              flag_is_adc_type_c_det_val_update = 0;
 149   2              break;
 150   2      
 151   2          default:
 152   2              break;
 153   2          }
 154   1      }
 155          
 156          void adc_channel_sel(adc_channel_sel_t adc_channel)
 157          {
 158   1          ADC_ACON1 &= ~(ADC_VREF_SEL(0x07) |  // ๆธ็ฉบๅ่็ตๅ้ๆฉไฝ
 159   1                         ADC_EXREF_SEL(0x01) | // ๅณ้ญๅค้จๅ่็ตๅ
 160   1                         ADC_INREF_SEL(0x01)); // ๅณ้ญๅ้จๅ่็ตๅ
 161   1      
 162   1          switch (adc_channel)
 163   1          {
 164   2          case ADC_CHANNEL_SEL_AD_KEY:
 165   2              // ADC้็ฝฎ
 166   2              ADC_ACON1 |= ADC_VREF_SEL(0x06) | // ้ๆฉ VCC ไฝไธบๅ่็ตๅ
 167   2                           ADC_TEN_SEL(0x03);   // ๅณ้ญๆต่ฏไฟกๅท
 168   2              ADC_CHS0 = ADC_ANALOG_CHAN(0x14); // ้ๅๅผ่ๅฏนๅบ็้้๏ผ0x14--P24๏ผ
 169   2              break;
 170   2          case ADC_CHANNEL_SEL_BAT_DET:
 171   2              ADC_ACON1 |= ADC_VREF_SEL(0x01) | // ้ๆฉ ๅ้จ2.0V ไฝไธบๅ่็ตๅ
 172   2                           ADC_TEN_SEL(0x03) |  // ๅณ้ญๆต่ฏไฟกๅท
 173   2                           ADC_INREF_SEL(0x01); // ไฝฟ่ฝๅ้จๅ่็ตๅ
 174   2              ADC_CHS0 = ADC_EXT_SEL(0x01) |    // ้ๆฉๅ้จ้้
 175   2                         ADC_ANALOG_CHAN(0x03); // ้ๆฉ VDD 1/5 ๅๅ็้้
 176   2              break;
C51 COMPILER V9.60.7.0   ADC                                                               05/20/2026 19:00:47 PAGE 4   

 177   2          case ADC_CHANNEL_SEL_SOLAR_DET:
 178   2              //  0 ~ 5 V๏ผ ็ป่ฟไบๆ็ฎก0.3Vๅ๏ผๅฎ้็ๅ็ต็ตๅ่ๅด๏ผ0 ~ 4.7V
 179   2              // ็ป่ฟ 1/2 ๅๅๅ๏ผๅ็ๆบๆฃๆตๅฐ็็ตๅ่ๅด๏ผ0 ~ 2.35V
 180   2              // ไฝฟ็จ2.4Vๅ่็ตๅ
 181   2              ADC_ACON1 |= ADC_VREF_SEL(0x02) | // ้ๆฉ ๅ้จ2.4V ไฝไธบๅ่็ตๅ
 182   2                           ADC_TEN_SEL(0x03) |  // ๅณ้ญๆต่ฏไฟกๅท
 183   2                           ADC_INREF_SEL(0x01); // ไฝฟ่ฝๅ้จๅ่็ตๅ
 184   2              ADC_CHS0 = ADC_ANALOG_CHAN(0x0C); // ้ๅๅผ่ๅฏนๅบ็้้๏ผ0x0C -- P14๏ผ
 185   2              break;
 186   2      
 187   2          case ADC_CHANNEL_SEL_TYPE_C:
 188   2              ADC_ACON1 |= ADC_VREF_SEL(0x01) | // ้ๆฉ ๅ้จ2.0V ไฝไธบๅ่็ตๅ
 189   2                           ADC_TEN_SEL(0x03) |  // ๅณ้ญๆต่ฏไฟกๅท
 190   2                           ADC_INREF_SEL(0x01); // ไฝฟ่ฝๅ้จๅ่็ตๅ
 191   2              ADC_CHS0 = ADC_ANALOG_CHAN(0x0E); // ้ๅๅผ่ๅฏนๅบ็้้๏ผ0x0E -- P16๏ผ
 192   2              break;
 193   2      
 194   2          default:
 195   2              break;
 196   2          }
 197   1      
 198   1          ADC_CFG0 |= ADC_CHAN0_EN(0x1) | // ไฝฟ่ฝ้้0
 199   1                      ADC_EN(0x1);        // ไฝฟ่ฝadc
 200   1      }
 201          
 202          // ไฝฟ่ฝadc๏ผๅชๅจไฝๅ่้ๅบๆถ้ฃไธๆฎตๆฃๆตๆถ้ดๅไฝฟ็จ
 203          void adc_init_when_low_pwr_out(void)
 204          {
 205   1          ADC_ACON0 = ADC_CMP_EN(0x1) |   // ๆๅผADCไธญ็CMPไฝฟ่ฝไฟกๅท
 206   1                      ADC_BIAS_EN(0x1) |  // ๆๅผADCๅ็ฝฎ็ตๆต่ฝไฝฟไฟกๅท
 207   1                      ADC_BIAS_SEL(0x1);  // ๆๅผ ADCๅ็ฝฎ็ตๆต
 208   1          ADC_CFG1 |= (0x0F << 3);        // ADCๆถ้ๅ้ขไธบ16ๅ้ข๏ผไธบ็ณป็ปๆถ้/16๏ผๆadcๆถ้่ฎพ็ฝ
             -ฎไธบๆๆข๏ผ๏ผ
 209   1          ADC_CFG0 |= ADC_CHAN0_EN(0x1) | // ไฝฟ่ฝ ้้0
 210   1                      ADC_EN(0x1);        // ไฝฟ่ฝ adc
 211   1      }
 212          
 213          // ็ฎๅๅจไฝๅ่ๅค้ๅไผไฝฟ็จ
 214          u16 adc_get_val_once(void)
 215          {
 216   1          ADC_CFG0 |= ADC_CHAN0_TRG(0x1); // ่งฆๅADC0่ฝฌๆข
 217   1          while (!(ADC_STA & ADC_CHAN0_DONE(0x1)))
 218   1              ;                                           // ็ญๅพ่ฝฌๆขๅฎๆ
 219   1          ADC_STA = ADC_CHAN0_DONE(0x1);                  // ๆธ้คADC0่ฝฌๆขๅฎๆๆ ๅฟไฝ
 220   1          return ((ADC_DATAH0 << 4) | (ADC_DATAL0 >> 4)); // ่ฏปๅADC0็ๅผ
 221   1      }
 222          
 223          // ็ฑ1msๅไปฅไธ็ๅฎๆถๅจ่ฐ็จ
 224          void adc_scan(void)
 225          {
 226   1      
 227   1          switch (cur_adc_status)
 228   1          {
 229   2          case ADC_STATUS_IDLE:
 230   2          // case ADC_STATUS_SEL_SOLAR_DET:
 231   2          case ADC_STATUS_SEL_TYPE_C:
 232   2              adc_channel_sel(ADC_CHANNEL_SEL_AD_KEY);
 233   2              cur_adc_status = ADC_STATUS_SEL_AD_KEY_WAITING;
 234   2              break;
 235   2          case ADC_STATUS_SEL_AD_KEY_WAITING:
 236   2              // ๅผๅฏ่ฝฌๆข๏ผไนๅๅจadไธญๆญ่ทๅadๅผ
 237   2              ADC_CFG0 |= 0x01 << 0; // ๅผๅฏ adc0 ่ฝฌๆข
C51 COMPILER V9.60.7.0   ADC                                                               05/20/2026 19:00:47 PAGE 5   

 238   2              cur_adc_status = ADC_STATUS_SEL_AD_KEY;
 239   2              break;
 240   2          case ADC_STATUS_SEL_AD_KEY:
 241   2              adc_channel_sel(ADC_CHANNEL_SEL_BAT_DET);
 242   2              cur_adc_status = ADC_STATUS_SEL_BAT_DET_WAITING;
 243   2              break;
 244   2          case ADC_STATUS_SEL_BAT_DET_WAITING:
 245   2              // ๅๅค้้็ตๆฑ ็ตๅๅฏนๅบ็adๅผๅ๏ผๅๅณ้ญledๆพ็คบ๏ผไธๅๆฌ็ต้ๆ็คบ็ฏ
 246   2              led_suspend();
 247   2      
 248   2              // ๅผๅฏ่ฝฌๆข๏ผไนๅๅจadไธญๆญ่ทๅadๅผ 
 249   2              ADC_CFG0 |= 0x01 << 0; // ๅผๅฏ adc0 ่ฝฌๆข
 250   2              cur_adc_status = ADC_STATUS_SEL_BAT_DET;
 251   2              break;
 252   2          case ADC_STATUS_SEL_BAT_DET:
 253   2              adc_channel_sel(ADC_CHANNEL_SEL_SOLAR_DET);
 254   2              cur_adc_status = ADC_STATUS_SEL_SOLAR_DET_WAITING;
 255   2              break;
 256   2          case ADC_STATUS_SEL_SOLAR_DET_WAITING:
 257   2              ADC_CFG0 |= 0x01 << 0; // ๅผๅฏ adc0 ่ฝฌๆข
 258   2              cur_adc_status = ADC_STATUS_SEL_SOLAR_DET;
 259   2              break;
 260   2          case ADC_STATUS_SEL_SOLAR_DET:
 261   2              adc_channel_sel(ADC_CHANNEL_SEL_TYPE_C);
 262   2              cur_adc_status = ADC_STATUS_SEL_TYPE_C_WAITING;
 263   2              break;
 264   2          case ADC_STATUS_SEL_TYPE_C_WAITING:
 265   2              ADC_CFG0 |= 0x01 << 0; // ๅผๅฏ adc0 ่ฝฌๆข
 266   2              cur_adc_status = ADC_STATUS_SEL_TYPE_C;
 267   2              break;
 268   2      
 269   2          default:
 270   2              break;
 271   2          } 
 272   1      }
 273          
 274          void ADC_IRQHandler(void) interrupt ADC_IRQn
 275          {
 276   1          volatile u16 adc_val;
 277   1      
 278   1          // ่ฟๅฅไธญๆญ่ฎพ็ฝฎIP๏ผไธๅฏๅ ้ค
 279   1          __IRQnIPnPush(ADC_IRQn);
 280   1      
 281   1          // ---------------- ็จๆทๅฝๆฐๅค็ -------------------
 282   1      
 283   1          if (ADC_STA & ADC_CHAN0_DONE(0x01))
 284   1          {
 285   2              ADC_STA |= ADC_CHAN0_DONE(0x01);                 // ๆธ้คADC0่ฝฌๆขๅฎๆๆ ๅฟไฝ
 286   2              adc_val = (ADC_DATAH0 << 4) | (ADC_DATAL0 >> 4); // ๅๆฅๆถadๅผ
 287   2               
 288   2              switch (cur_adc_status)
 289   2              {
 290   3              case ADC_STATUS_SEL_AD_KEY:
 291   3                  adc_update_val(ADC_CHANNEL_SEL_AD_KEY, adc_val);
 292   3                  break;
 293   3              case ADC_STATUS_SEL_BAT_DET:
 294   3                  adc_update_val(ADC_CHANNEL_SEL_BAT_DET, adc_val);
 295   3      
 296   3                  // ้้ๅฎ็ตๆฑ ็ตๅๅฏนๅบ็adๅผๅ๏ผๆขๅคledๆพ็คบ๏ผไธๅๆฌ็ต้ๆ็คบ็ฏ
 297   3                  led_resume();
 298   3      
 299   3                  battery_voltage_update_by_isr();
C51 COMPILER V9.60.7.0   ADC                                                               05/20/2026 19:00:47 PAGE 6   

 300   3                  break;
 301   3              case ADC_STATUS_SEL_SOLAR_DET:
 302   3                  adc_update_val(ADC_CHANNEL_SEL_SOLAR_DET, adc_val);
 303   3                  break;
 304   3              case ADC_STATUS_SEL_TYPE_C:
 305   3                  adc_update_val(ADC_CHANNEL_SEL_TYPE_C, adc_val);
 306   3                  break;
 307   3      
 308   3              default:
 309   3                  break;
 310   3              }
 311   2          }
 312   1      
 313   1          // ้ๅบไธญๆญ่ฎพ็ฝฎIP๏ผไธๅฏๅ ้ค
 314   1          __IRQnIPnPop(ADC_IRQn);
 315   1      }


MODULE INFORMATION:   STATIC OVERLAYABLE
   CODE SIZE        =    627    ----
   CONSTANT SIZE    =   ----    ----
   XDATA SIZE       =      9       2
   PDATA SIZE       =   ----    ----
   DATA SIZE        =   ----    ----
   IDATA SIZE       =   ----    ----
   BIT SIZE         =      4    ----
END OF MODULE INFORMATION.


C51 COMPILATION COMPLETE.  0 WARNING(S),  0 ERROR(S)
