C51 COMPILER V9.60.7.0   BAT_SCAN                                                          07/13/2026 17:16:29 PAGE 1   


C51 COMPILER V9.60.7.0, COMPILATION OF MODULE BAT_SCAN
OBJECT MODULE PLACED IN .\Release\Objects\bat_scan.obj
COMPILER INVOKED BY: C:\Keil_v5\C51\BIN\C51.EXE ..\..\User\bat_scan.c LARGE OPTIMIZE(9,SIZE) BROWSE ORDER INTVECTOR(0X00
                    -0C) INCDIR(..\..\Libraries\Include;..\..\User;..\..\driver_on_chip) INTERVAL(3) DEBUG OBJECTEXTEND PRINT(.\Release\Listi
                    -ngs\bat_scan.lst) OBJECT(.\Release\Objects\bat_scan.obj)

line level    source

   1          #include "bat_scan.h"
   2          #include "adc.h"
   3          #include "led.h"
   4          #include "charge_det.h"
   5          #include "battery_monitor.h"
   6          
   7          #include "user_config.h"
   8          
   9          // ====================================================================
  10          static volatile u8 is_bat_vol_buff_add_enable = 0;         // жҳҜеҗҰе…Ғи®ёеҫҖз”өжұ з”өеҺӢж•°з»„дёӯж”ҫе…Ҙж•°жҚ®
  11          static volatile u8 is_bat_vol_buff_get_avg_enable = 0; // жҳҜеҗҰе…Ғи®ёеҫҖз”өжұ з”өеҺӢж•°з»„дёӯиҺ·еҸ–е№іеқҮ
             -еҖј
  12          
  13          // жҺ§еҲ¶дёҖж®өж—¶й—ҙеҶ…йҮҮйӣҶз”өжұ з”өеҺӢеі°еҖјпјҲз”өеҺӢжңҖеӨ§еҖјпјү
  14          static volatile bat_vol_update_sta_t bat_vol_update_sta = BAT_VOL_UPDATE_STA_IDLE;
  15          static volatile u16 bat_vol_update_cnt = 0;
  16          
  17          // и®°еҪ•дёҖж®өж—¶й—ҙеҶ…йҮҮйӣҶеҲ°зҡ„з”өеҺӢеҖјпјҡ
  18          static volatile u16 bat_vol_history_buff[VOLTAGE_HISTORY_SIZE] = {0};
  19          static volatile u8 bat_vol_history_buff_idx = 0;
  20          // ====================================================================
  21          
  22          // еҸӘеңЁйҮҮйӣҶдҪҝз”Ёпјҡ
  23          static volatile u16 voltage_mv = 0;             //
  24          static volatile u16 max_voltage_mv = 0; // еӯҳж”ҫдёҖж®өж—¶й—ҙеҶ…йҮҮйӣҶеҲ°зҡ„жңҖеӨ§з”өеҺӢеҖјпјҲеҸӘеңЁйҮҮйӣҶ
             -дҪҝз”ЁпјҢдёҚиғҪдҪңдёәжңҖз»Ҳзҡ„еҲӨж–ӯдҪҝз”Ёпјү
  25          
  26          // жңҖеҗҺеҫ—еҲ°зҡ„гҖҒзЁіе®ҡзҡ„з”өжұ з”өеҺӢ
  27          volatile u16 avg_voltage_mv = 0; // @ATTENTION еңЁеҪ“еүҚж–Үд»¶еӨ–и°ғз”Ёж—¶пјҢж…Һз”Ё
  28          
  29          // static volatile u8 percent = 0; // з”өжұ з”өйҮҸзҷҫеҲҶжҜ”
  30          
  31          // // жңҖз»Ҳеҫ—еҲ°зҡ„гҖҒзЁіе®ҡзҡ„з”өжұ з”өйҮҸзҷҫеҲҶжҜ”
  32          // volatile u8 bat_percent = 0;
  33          
  34          // з”өжұ з”өйҮҸзҷҫеҲҶжҜ”жӣҙж–°зҡ„ж—¶й—ҙи®Ўж•°еҷЁ
  35          // static volatile u16 bat_percent_update_time_cnt = 0;
  36          
  37          // з”ұе®ҡж—¶еҷЁи°ғз”ЁпјҢжҺ§еҲ¶дёҖж®өж—¶й—ҙеҶ…пјҢеҫҖж•°з»„дёӯж”ҫе…Ҙж•°жҚ®зҡ„ж—¶й—ҙ
  38          void bat_vol_buff_add_timer_callback(void)
  39          {
  40   1              static u32 cnt = 0;
  41   1              cnt++;
  42   1              if (cnt >= BATTERY_VOLTAGE_UPDATE_PERIOD_IN_BUFFER)
  43   1              {
  44   2                      cnt = 0;
  45   2                      is_bat_vol_buff_add_enable = 1;
  46   2              }
  47   1      }
  48          
  49          // з”ұе®ҡж—¶еҷЁи°ғз”ЁпјҢжҺ§еҲ¶дёҖж®өж—¶й—ҙеҶ…пјҢд»Һж•°з»„дёӯиҺ·еҸ–е№іеқҮеҖјзҡ„ж—¶й—ҙ
  50          void bat_vol_buff_get_avg_timer_callback(void)
  51          {
C51 COMPILER V9.60.7.0   BAT_SCAN                                                          07/13/2026 17:16:29 PAGE 2   

  52   1              static u32 cnt = 0;
  53   1              cnt++;
  54   1              if (cnt >= BATTERY_VOLTAGE_UPDATE_PERIOD_IN_BUFFER_EXTRACT)
  55   1              {
  56   2                      cnt = 0;
  57   2                      is_bat_vol_buff_get_avg_enable = 1;
  58   2              }
  59   1      }
  60          
  61          // з”ұе®ҡж—¶еҷЁи°ғз”ЁпјҢжҺ§еҲ¶дёҖж®өж—¶й—ҙпјҢиҺ·еҸ–з”өжұ з”өеҺӢзҡ„жңҖеӨ§еҖјпјҲжөӢиҜ•еҸ‘зҺ°еңЁе……з”өе’Ңж”ҫз
             -”өж—¶пјҢдёҖж®өж—¶й—ҙеҶ…з”өжұ з”өеҺӢзҡ„жңҖеӨ§еҖјжҳҜжңҖжҺҘиҝ‘з”өжұ з”өеҺӢе®һйҷ…еҖјзҡ„пјү
  62          void bat_vol_update_timer_callback(void)
  63          {
  64   1              if (bat_vol_update_sta == BAT_VOL_UPDATE_STA_IDLE)
  65   1              {
  66   2                      bat_vol_update_cnt = 0;
  67   2                      bat_vol_update_sta = BAT_VOL_UPDATE_STA_CAPTURING;
  68   2              }
  69   1              else if (bat_vol_update_sta == BAT_VOL_UPDATE_STA_COMPLETED)
  70   1              {
  71   2                      // е·Із»ҸйҮҮйӣҶе®ҢжҲҗпјҢзӣҙжҺҘиҝ”еӣһ
  72   2                      return;
  73   2              }
  74   1      
  75   1              bat_vol_update_cnt++;
  76   1              if (bat_vol_update_cnt >= BATTERY_VOLTAGE_UPDATE_PERIOD)
  77   1              {
  78   2                      /*
  79   2                              иҝҷйҮҢеҸҜд»ҘдёҚз”Ёжё…йӣ¶пјҢеҸӘжңү bat_vol_update_sta
  80   2                              еҲҡиҝӣе…Ҙ BAT_VOL_UPDATE_STA_IDLE ж—¶жё…йӣ¶
  81   2                      */
  82   2                      // bat_vol_update_cnt = 0;
  83   2                      bat_vol_update_sta = BAT_VOL_UPDATE_STA_COMPLETED;
  84   2              }
  85   1      }
  86          
  87          // ж №жҚ®adеҖјпјҢиҪ¬жҚўжҲҗеҜ№еә”зҡ„з”өжұ з”өеҺӢеҖј(еҚ•дҪҚпјҡmV)
  88          u16 get_battery_voltage_by_adc(u16 adc_val)
  89          {
  90   1              u16 voltage_mv = ADC_TO_BATTERY_VOLTAGE_MV(adc_val);
  91   1              // жү“еҚ°иҪ¬жҚўеҘҪзҡ„з”өеҺӢеҖјпјҲеҸ‘зҺ°е®һйҷ…жү“еҚ°зҡ„з”өеҺӢжҜ”дёҮз”ЁиЎЁйҮҸеҮәзҡ„з”өеҺӢеӨ§дәҶ0.13Vпјү
  92   1      #if 0
                  // printf("voltage_mv == %u\n", voltage_mv);
                  if (voltage_mv > 130)
                  {
                      // иҝҷйҮҢеҒҡз”өеҺӢиЎҘеҒҝпјҲе®һйҷ…жү“еҚ°зҡ„з”өеҺӢжҜ”дёҮз”ЁиЎЁйҮҸеҮәзҡ„з”өеҺӢеӨ§дәҶ0.13VпјҢйңҖиҰҒеҮҸ
             -еҺ»0.13Vпјү
                      voltage_mv -= 130;
                  }
                  // printf("voltage_mv == %u\n", voltage_mv);
              #endif
 101   1      
 102   1      #if 0
                  if (is_in_charging)
                  {
                      // е……з”өж—¶пјҢеҮҸеҺ» 0.1 VпјҢдҪңдёәиЎҘеҒҝгҖӮеҰӮжһңз”өеҺӢжҺҘиҝ‘ 4.2V ж—¶пјҢдёҚз”ЁиЎҘеҒҝ
                      if ((voltage_mv <= 4000) && voltage_mv > 100)
                      {
                          voltage_mv -= 100;
                      }
                  }
              #endif
C51 COMPILER V9.60.7.0   BAT_SCAN                                                          07/13/2026 17:16:29 PAGE 3   

 112   1      
 113   1              return voltage_mv;
 114   1      }
 115           
 116          
 117          void bat_vol_history_buff_init(u16 voltage_mv)
 118          {
 119   1              u8 i;
 120   1              for (i = 0; i < VOLTAGE_HISTORY_SIZE; i++)
 121   1              {
 122   2                      bat_vol_history_buff[i] = voltage_mv;
 123   2              }
 124   1              bat_vol_history_buff_idx = 0;
 125   1      }
 126          
 127          void bat_vol_history_buff_add(u16 voltage_mv)
 128          {
 129   1              bat_vol_history_buff[bat_vol_history_buff_idx] = voltage_mv;
 130   1              bat_vol_history_buff_idx = (bat_vol_history_buff_idx + 1) % VOLTAGE_HISTORY_SIZE;
 131   1              // bat_vol_history_buff_idx++;
 132   1              // if (bat_vol_history_buff_idx >= VOLTAGE_HISTORY_SIZE)
 133   1              // {
 134   1              //     bat_vol_history_buff_idx = 0;
 135   1              // }
 136   1      }
 137          
 138          // иҺ·еҸ–зј“еҶІеҢәдёӯжүҖжңүе…ғзҙ зҡ„е№іеқҮеҖј
 139          u16 bat_vol_history_buff_get_avg(void)
 140          {
 141   1              u8 i;
 142   1              u32 ret = 0;
 143   1              for (i = 0; i < VOLTAGE_HISTORY_SIZE; i++)
 144   1              {
 145   2                      ret += bat_vol_history_buff[i];
 146   2              }
 147   1              return (u16)(ret / VOLTAGE_HISTORY_SIZE);
 148   1      }
 149          
 150          /**
 151           * @brief жӣҙж–°з”өжұ з”өеҺӢпјҢз”ұе®ҡж—¶еҷЁи°ғз”ЁгҖӮеҮҪж•°еҶ…йғЁдјҡжӣҙж–°з”өжұ з”өеҺӢе’Ңз”өжұ з”өйҮҸзҷҫеҲҶ
             -жҜ”зӣёе…ізҡ„еҸҳйҮҸ
 152           *
 153           */
 154          void battery_voltage_update_by_isr(void)
 155          {
 156   1              volatile u16 adc_val = 0;
 157   1              volatile u16 cur_voltage_mv = 0; // еӯҳж”ҫеҪ“еүҚйҮҮйӣҶеҲ°зҡ„з”өеҺӢеҖј
 158   1      
 159   1              // иҺ·еҸ–ADеҖјпјҲadеҖјжңүжӣҙж–°жүҚиҺ·еҸ–пјү
 160   1              if (adc_get_update_flag(ADC_CHANNEL_SEL_BAT_DET))
 161   1              {
 162   2                      adc_clear_update_flag(ADC_CHANNEL_SEL_BAT_DET);
 163   2                      adc_val = adc_get_val(ADC_CHANNEL_SEL_BAT_DET);
 164   2                      // printf("bat adc val == %u\n", adc_val);
 165   2                      cur_voltage_mv = get_battery_voltage_by_adc(adc_val);
 166   2                      // printf("cur_voltage_mv == %u\n", cur_voltage_mv);
 167   2      
 168   2                      if (0 == voltage_mv)
 169   2                      {
 170   3                              // еҰӮжһңиҝҳжІЎжңүйҮҮйӣҶиҝҮз”өжұ з”өеҺӢпјҢзӣҙжҺҘе°Ҷз¬¬дёҖж¬ЎйҮҮйӣҶеҲ°зҡ„adеҖјиҪ¬жҚўжҲҗз”өжұ з”өеҺӢ
 171   3                              voltage_mv = cur_voltage_mv;
 172   3      
C51 COMPILER V9.60.7.0   BAT_SCAN                                                          07/13/2026 17:16:29 PAGE 4   

 173   3                              bat_vol_history_buff_init(voltage_mv);
 174   3                              // avg_voltage_mv = bat_vol_history_buff_get_avg();
 175   3                              avg_voltage_mv = cur_voltage_mv;
 176   3                              bat_charge_time_cnt_update(avg_voltage_mv);
 177   3                              bat_discharge_time_cnt_update(avg_voltage_mv);
 178   3                              led_bat_lev_sta_init(avg_voltage_mv);
 179   3      
 180   3      #if USER_DEBUG_ENABLE
                                      printf("bat monitor init\n");
                                      printf("avg_voltage_mv == %u\n", avg_voltage_mv);
              #endif
 184   3                      }
 185   2      
 186   2                      // йҮҮйӣҶдёҖж®өж—¶й—ҙзҡ„з”өеҺӢеҖјпјҢеҸ–е…¶дёӯжңҖеӨ§зҡ„еҖјдҪңдёәз”өжұ з”өеҺӢ
 187   2                      /*
 188   2                              @attention
 189   2                              жөӢиҜ•ж—¶пјҢеҰӮжһңйңҖиҰҒж”№еҸҳз”өжұ з”өеҺӢе’Ңз”өйҮҸзҷҫеҲҶжҜ”пјҢйңҖиҰҒеұҸи”ҪдёӢйқўиҝҷж®өзЁӢеәҸгҖӮ
 190   2                              еҗҰеҲҷдјҡжӣҙж–° voltage_mv е’Ң max_voltage_mvпјҢеҸҜиғҪдјҡиў«иөӢеҖјдёә0пјҢ
 191   2                              еҜјиҮҙеҸҲиҝӣе…ҘдәҶ з”өжұ з”өйҮҸзӣёе…іеҸҳйҮҸзҡ„еҲқе§ӢеҢ–
 192   2                      */
 193   2                      /*
 194   2                              @attention иҝҷйҮҢжІЎжңүеҲӨж–ӯдёҠдёҖж¬Ўзҡ„з”өеҺӢеҖјпјҢдјҡе®һж—¶жӣҙж–° voltage_mv
 195   2                              еңЁе……з”өж—¶пјҢе“ӘжҖ•з”өеҺӢжңүдёӢйҷҚпјҢд№ҹдјҡжӣҙж–° voltage_mv
 196   2                              еңЁж”ҫз”өж—¶пјҢз”өеҺӢжңүдёҠеҚҮпјҢд№ҹдјҡжӣҙж–° voltage_mv
 197   2                      */
 198   2                      if (bat_vol_update_sta == BAT_VOL_UPDATE_STA_COMPLETED)
 199   2                      {
 200   3                              // еҰӮжһңе·Із»ҸйҮҮйӣҶдәҶдёҖж®өж—¶й—ҙзҡ„з”өеҺӢеҖјпјҢеҲҷе°Ҷ voltage_mv иөӢеҖјдёә max_voltage_mv
 201   3                              voltage_mv = max_voltage_mv;
 202   3      
 203   3                              max_voltage_mv = 0; // жё…йӣ¶пјҢеҮҶеӨҮдёӢдёҖиҪ®йҮҮйӣҶ
 204   3                              bat_vol_update_sta = BAT_VOL_UPDATE_STA_IDLE;
 205   3      
 206   3                              // иҫ“еҮәи®Ўз®—з»“жһң (и°ғиҜ•з”Ё)
 207   3                              // printf("Voltage: %umV\n", voltage_mv);
 208   3                      }
 209   2                      else if (bat_vol_update_sta == BAT_VOL_UPDATE_STA_CAPTURING)
 210   2                      {
 211   3                              // еҰӮжһңиҝҳеңЁйҮҮйӣҶж—¶й—ҙеҶ…пјҢжӣҙж–°йҮҮйӣҶеҲ°зҡ„жңҖеӨ§з”өеҺӢеҖј max_voltage_mv
 212   3                              if (max_voltage_mv < cur_voltage_mv)
 213   3                              {
 214   4                                      max_voltage_mv = cur_voltage_mv;
 215   4                              }
 216   3                      }
 217   2              }
 218   1      }
 219          
 220          // void bat_percent_update_time_add(void)
 221          // {
 222          //      if (bat_percent_update_time_cnt < ((u16)-1))
 223          //      {
 224          //              bat_percent_update_time_cnt++;
 225          //      }
 226          // }
 227          
 228          // // йҮҚзҪ®з”өжұ з”өйҮҸзҷҫеҲҶжҜ”зҡ„жӣҙж–°ж—¶й—ҙ
 229          // void bat_percent_update_time_reset(void)
 230          // {
 231          //      bat_percent_update_time_cnt = 0;
 232          // }
 233          
 234          // // зЎ®и®Өз”өжұ з”өйҮҸзҷҫеҲҶжҜ”зҡ„жӣҙж–°ж—¶й—ҙжҳҜеҗҰеҲ°жқҘ
C51 COMPILER V9.60.7.0   BAT_SCAN                                                          07/13/2026 17:16:29 PAGE 5   

 235          // u8 bat_percent_update_time_is_comes(void)
 236          // {
 237          //      if (bat_percent_update_time_cnt >= BATTERY_PERCENT_UPDATE_PERIOD)
 238          //      {
 239          //              return 1;
 240          //      }
 241          //      else
 242          //      {
 243          //              return 0;
 244          //      }
 245          // }
 246          
 247          void bat_scan(void)
 248          {
 249   1              if (voltage_mv == 0)
 250   1              {
 251   2                      return; // е°ҡжңӘиҺ·еҸ–еҲ°з”өеҺӢеҖјпјҢдёҚжү§иЎҢд»ҘдёӢж“ҚдҪң
 252   2              }
 253   1      
 254   1              // жҜҸйҡ”дёҖж®өж—¶й—ҙпјҢе°ҶйҮҮйӣҶеҲ°зҡ„з”өеҺӢеҖјж”ҫе…Ҙж•°з»„
 255   1              if (is_bat_vol_buff_add_enable)
 256   1              {
 257   2                      bat_vol_history_buff_add(voltage_mv);
 258   2                      is_bat_vol_buff_add_enable = 0;
 259   2              }
 260   1      
 261   1              // жҜҸйҡ”дёҖж®өж—¶й—ҙпјҢе°Ҷж•°з»„дёӯзҡ„ж•°жҚ®иҝӣиЎҢе№іеқҮ
 262   1              if (is_bat_vol_buff_get_avg_enable)
 263   1              {
 264   2                      avg_voltage_mv = bat_vol_history_buff_get_avg();
 265   2      #if USER_DEBUG_ENABLE
                              printf("avg_voltage_mv == %u\n", avg_voltage_mv);
              #endif
 268   2      
 269   2                      is_bat_vol_buff_get_avg_enable = 0;
 270   2              }
 271   1      
 272   1      #if 0
                      if (bat_percent_update_time_is_comes())
                      {
                              bat_percent_update_time_reset();
              
                              // жҜҸж¬ЎеҸӘеҸҳеҢ–1%зҡ„з”өжұ з”өйҮҸзҷҫеҲҶжҜ”
                              if (bat_percent > percent && is_in_charging == 0)
                              {
                                      // еҸӘжңүеңЁж”ҫз”өж—¶пјҢжүҚе…Ғи®ёжңҖеҗҺеҫ—еҲ°зҡ„з”өжұ з”өйҮҸзҷҫеҲҶжҜ”еҮҸе°‘
                                      if (bat_percent > 0)
                                      {
                                              bat_percent--;
                                      }
                              }
                              else if (bat_percent < percent && is_in_charging == 1)
                              {
                                      // еҸӘжңүеңЁе……з”өж—¶пјҢжүҚе…Ғи®ёжңҖеҗҺеҫ—еҲ°зҡ„з”өжұ з”өйҮҸзҷҫеҲҶжҜ”еўһеҠ 
                                      if (bat_percent < 100)
                                      {
                                              bat_percent++;
                                      }
                              }
              
              #if USER_DEBUG_ENABLE
                              printf("bat percent == %u\n", (u16)bat_percent);
C51 COMPILER V9.60.7.0   BAT_SCAN                                                          07/13/2026 17:16:29 PAGE 6   

                              printf("avg_voltage_mv == %u\n", avg_voltage_mv);
              #endif
                      }
              #endif
 301   1      }


MODULE INFORMATION:   STATIC OVERLAYABLE
   CODE SIZE        =    586    ----
   CONSTANT SIZE    =   ----    ----
   XDATA SIZE       =     40       9
   PDATA SIZE       =   ----    ----
   DATA SIZE        =   ----    ----
   IDATA SIZE       =   ----    ----
   BIT SIZE         =   ----    ----
END OF MODULE INFORMATION.


C51 COMPILATION COMPLETE.  0 WARNING(S),  0 ERROR(S)
