C51 COMPILER V9.60.7.0   BATTERY_MONITOR                                                   07/02/2026 15:05:08 PAGE 1   


C51 COMPILER V9.60.7.0, COMPILATION OF MODULE BATTERY_MONITOR
OBJECT MODULE PLACED IN .\Release\Objects\battery_monitor.obj
COMPILER INVOKED BY: C:\Keil_v5\C51\BIN\C51.EXE ..\..\User\battery_monitor.c LARGE OPTIMIZE(9,SIZE) BROWSE ORDER INTVECT
                    -OR(0X000C) INCDIR(..\..\Libraries\Include;..\..\User;..\..\driver_on_chip) INTERVAL(3) DEBUG OBJECTEXTEND PRINT(.\Releas
                    -e\Listings\battery_monitor.lst) OBJECT(.\Release\Objects\battery_monitor.obj)

line level    source

   1          #include "battery_monitor.h"
   2          #include "user_include.h"
   3          
   4          // volatile u8 is_send_low_battery_enable = 0;
   5          
   6          // жҳҜеҗҰеҸ‘йҖҒдәҶдҪҺз”өйҮҸжҠҘиӯҰпјҲ REVIEW еңЁз¬¬дёҖж¬ЎдёҠз”өгҖҒдҪҺеҠҹиҖ—е”ӨйҶ’д№ӢеҗҺгҖҒжңүе……з”өд№ӢеҗҺпј
             -ҢйңҖиҰҒжё…йӣ¶пјү
   7          volatile u8 is_sent_low_bat_alert = 0;
   8          volatile u8 is_turn_off_by_low_bat = 0; // жҳҜеҗҰдҪҺз”өйҮҸе…іжңәпјҲ REVIEW д»ҺдҪҺеҠҹиҖ—е”ӨйҶ’пјҢжңүе……з”өд
             -№ӢеҗҺпјҢйғҪжё…йҷӨдёҖдёӢиҜҘж Үеҝ—дҪҚпјү
   9          
  10          // ====================================================================
  11          static volatile u8 is_bat_vol_buff_add_enable = 0;     // жҳҜеҗҰе…Ғи®ёеҫҖз”өжұ з”өеҺӢж•°з»„дёӯж”ҫе…Ҙж•°жҚ®
  12          static volatile u8 is_bat_vol_buff_get_avg_enable = 0; // жҳҜеҗҰе…Ғи®ёеҫҖз”өжұ з”өеҺӢж•°з»„дёӯиҺ·еҸ–е№іеқҮ
             -еҖј
  13          
  14          // жҺ§еҲ¶дёҖж®өж—¶й—ҙеҶ…йҮҮйӣҶз”өжұ з”өеҺӢеі°еҖјпјҲз”өеҺӢжңҖеӨ§еҖјпјү
  15          static volatile bat_vol_update_sta_t bat_vol_update_sta = BAT_VOL_UPDATE_STA_IDLE;
  16          static volatile u16 bat_vol_update_cnt = 0;
  17          
  18          // и®°еҪ•дёҖж®өж—¶й—ҙеҶ…йҮҮйӣҶеҲ°зҡ„з”өеҺӢеҖјпјҡ
  19          static volatile u16 bat_vol_history_buff[VOLTAGE_HISTORY_SIZE] = {0};
  20          static volatile u8 bat_vol_history_buff_idx = 0;
  21          // ====================================================================
  22          
  23          // еҸӘеңЁйҮҮйӣҶдҪҝз”Ёпјҡ
  24          static volatile u16 voltage_mv = 0;     //
  25          static volatile u16 max_voltage_mv = 0; // еӯҳж”ҫдёҖж®өж—¶й—ҙеҶ…йҮҮйӣҶеҲ°зҡ„жңҖеӨ§з”өеҺӢеҖјпјҲеҸӘеңЁйҮҮйӣҶ
             -дҪҝз”ЁпјҢдёҚиғҪдҪңдёәжңҖз»Ҳзҡ„еҲӨж–ӯдҪҝз”Ёпјү
  26          
  27          // жңҖеҗҺеҫ—еҲ°зҡ„гҖҒзЁіе®ҡзҡ„з”өжұ з”өеҺӢ
  28          volatile u16 avg_voltage_mv = 0; // @ATTENTION еңЁеҪ“еүҚж–Үд»¶еӨ–и°ғз”Ёж—¶пјҢж…Һз”Ё
  29          
  30          static volatile u8 percent = 0; // з”өжұ з”өйҮҸзҷҫеҲҶжҜ”
  31          // static volatile u8 last_percent = 0; // и®°еҪ•дёҠдёҖж¬ЎйҮҮйӣҶеҲ°зҡ„з”өйҮҸзҷҫеҲҶжҜ”пјҢз”ЁжқҘжҺ§еҲ¶з”өйҮҸ
             -зҷҫеҲҶжҜ”жӣҙж–°пјҢе……з”өж—¶зҷҫеҲҶжҜ”дёҚиғҪдёӢйҷҚпјҢж”ҫз”өж—¶зҷҫеҲҶжҜ”дёҚиғҪдёҠеҚҮ
  32          
  33          // жңҖз»Ҳеҫ—еҲ°зҡ„гҖҒзЁіе®ҡзҡ„з”өжұ з”өйҮҸзҷҫеҲҶжҜ”
  34          volatile u8 bat_percent = 0;
  35          
  36          // з”өжұ з”өйҮҸдҪҺж—¶пјҢжҜҸйҡ” xx ж—¶й—ҙпјҢз»ҷи“қзүҷicеҸ‘йҖҒдёҖж¬ЎжҸҗзӨәпјҢеҚ•дҪҚпјҡms
  37          #define SEND_LOW_BAT_TIME_PERIOD ((u32)120 * 1000)
  38          // #define SEND_LOW_BAT_TIME_PERIOD ((u32)10 * 1000)         // @USER_TO_DO  жөӢиҜ•дҪҝз”Ё
  39          static volatile u8 is_send_low_bat_repeatedly_enable = 0; // жҳҜеҗҰйҮҚеӨҚеҸ‘йҖҒдҪҺз”өйҮҸжҠҘиӯҰ
  40          
  41          // з”өжұ з”өйҮҸзҷҫеҲҶжҜ”жӣҙж–°зҡ„ж—¶й—ҙи®Ўж•°еҷЁ
  42          static volatile u16 bat_percent_update_time_cnt = 0;
  43          
  44          void bat_percent_update_time_add(void)
  45          {
  46   1          if (bat_percent_update_time_cnt < ((u16)-1))
  47   1          {
  48   2              bat_percent_update_time_cnt++;
C51 COMPILER V9.60.7.0   BATTERY_MONITOR                                                   07/02/2026 15:05:08 PAGE 2   

  49   2          }
  50   1      }
  51          
  52          // йҮҚзҪ®з”өжұ з”өйҮҸзҷҫеҲҶжҜ”зҡ„жӣҙж–°ж—¶й—ҙ
  53          void bat_percent_update_time_reset(void)
  54          {
  55   1          bat_percent_update_time_cnt = 0;
  56   1      }
  57          
  58          // зЎ®и®Өз”өжұ з”өйҮҸзҷҫеҲҶжҜ”зҡ„жӣҙж–°ж—¶й—ҙжҳҜеҗҰеҲ°жқҘ
  59          u8 bat_percent_update_time_is_comes(void)
  60          {
  61   1          if (bat_percent_update_time_cnt >= BATTERY_PERCENT_UPDATE_PERIOD)
  62   1          {
  63   2              return 1;
  64   2          }
  65   1          else
  66   1          {
  67   2              return 0;
  68   2          }
  69   1      }
  70          
  71          // еҲӨж–ӯеҪ“еүҚз”өеҺӢжҳҜеҗҰе…Ғи®ёйҮҚж–°жү“ејҖи“қзүҷ
  72          u8 battery_bluetooth_enable_is_allowed(void)
  73          {
  74   1          return (avg_voltage_mv > BATTERY_VOLTAGE_TURN_OFF_BLUETOOTH);
  75   1      }
  76          
  77          // жҺ§еҲ¶еҸ‘йҖҒдҪҺз”өйҮҸзҡ„е‘Ёжңҹ
  78          void send_low_bat_timer_callback(void)
  79          {
  80   1          static volatile u32 cnt = 0;
  81   1          /*
  82   1             еҲҡжү“ејҖи“қзүҷпјҢеҸ‘йҖҒдҪҺз”өйҮҸжҠҘиӯҰпјҢ
  83   1             йңҖиҰҒйҡ”дёҖж—¶й—ҙеҶҚеҸ‘йҖҒпјҢеҸҲдёҚиғҪйҡ”еӨӘй•ҝж—¶й—ҙпјҢеҗҰеҲҷи“қзүҷдјҡиҮӘеҠЁе…іжңә
  84   1             иҝҷйҮҢжҺ§еҲ¶еҲҡжү“ејҖи“қзүҷд№ӢеҗҺпјҢеҸ‘йҖҒдҪҺз”өйҮҸжҠҘиӯҰ
  85   1          */
  86   1          static volatile u8 is_first_time_to_send = 0;
  87   1      
  88   1          if (is_sent_low_bat_alert)
  89   1          {
  90   2              cnt++;
  91   2              if ((is_first_time_to_send && cnt >= (u16)3 * 1000) ||
  92   2                  (cnt >= SEND_LOW_BAT_TIME_PERIOD))
  93   2              {
  94   3                  if (is_first_time_to_send)
  95   3                  {
  96   4                      is_first_time_to_send = 0;
  97   4                  }
  98   3      
  99   3                  cnt = 0;
 100   3                  is_send_low_bat_repeatedly_enable = 1;
 101   3              }
 102   2          }
 103   1          else
 104   1          {
 105   2              cnt = 0;
 106   2      
 107   2              // дҪҺз”өйҮҸжҠҘиӯҰж Үеҝ—жІЎжңүдҪҝиғҪпјҢз»ҷж Үеҝ—дҪҚзҪ®дёҖ
 108   2              is_first_time_to_send = 1;
 109   2          }
 110   1      }
C51 COMPILER V9.60.7.0   BATTERY_MONITOR                                                   07/02/2026 15:05:08 PAGE 3   

 111          
 112          // з”ұе®ҡж—¶еҷЁи°ғз”ЁпјҢжҺ§еҲ¶дёҖж®өж—¶й—ҙеҶ…пјҢеҫҖж•°з»„дёӯж”ҫе…Ҙж•°жҚ®зҡ„ж—¶й—ҙ
 113          void bat_vol_buff_add_timer_callback(void)
 114          {
 115   1          static u32 cnt = 0;
 116   1          cnt++;
 117   1          if (cnt >= BATTERY_VOLTAGE_UPDATE_PERIOD_IN_BUFFER)
 118   1          {
 119   2              cnt = 0;
 120   2              is_bat_vol_buff_add_enable = 1;
 121   2          }
 122   1      }
 123          
 124          // з”ұе®ҡж—¶еҷЁи°ғз”ЁпјҢжҺ§еҲ¶дёҖж®өж—¶й—ҙеҶ…пјҢд»Һж•°з»„дёӯиҺ·еҸ–е№іеқҮеҖјзҡ„ж—¶й—ҙ
 125          void bat_vol_buff_get_avg_timer_callback(void)
 126          {
 127   1          static u32 cnt = 0;
 128   1          cnt++;
 129   1          if (cnt >= BATTERY_VOLTAGE_UPDATE_PERIOD_IN_BUFFER_EXTRACT)
 130   1          {
 131   2              cnt = 0;
 132   2              is_bat_vol_buff_get_avg_enable = 1;
 133   2          }
 134   1      }
 135          
 136          // з”ұе®ҡж—¶еҷЁи°ғз”ЁпјҢжҺ§еҲ¶дёҖж®өж—¶й—ҙпјҢиҺ·еҸ–з”өжұ з”өеҺӢзҡ„жңҖеӨ§еҖјпјҲжөӢиҜ•еҸ‘зҺ°еңЁе……з”өе’Ңж”ҫз
             -”өж—¶пјҢдёҖж®өж—¶й—ҙеҶ…з”өжұ з”өеҺӢзҡ„жңҖеӨ§еҖјжҳҜжңҖжҺҘиҝ‘з”өжұ з”өеҺӢе®һйҷ…еҖјзҡ„пјү
 137          void bat_vol_update_timer_callback(void)
 138          {
 139   1          if (bat_vol_update_sta == BAT_VOL_UPDATE_STA_IDLE)
 140   1          {
 141   2              bat_vol_update_cnt = 0;
 142   2              bat_vol_update_sta = BAT_VOL_UPDATE_STA_CAPTURING;
 143   2          }
 144   1          else if (bat_vol_update_sta == BAT_VOL_UPDATE_STA_COMPLETED)
 145   1          {
 146   2              // е·Із»ҸйҮҮйӣҶе®ҢжҲҗпјҢзӣҙжҺҘиҝ”еӣһ
 147   2              return;
 148   2          }
 149   1      
 150   1          bat_vol_update_cnt++;
 151   1          if (bat_vol_update_cnt >= BATTERY_VOLTAGE_UPDATE_PERIOD)
 152   1          {
 153   2              /*
 154   2                  иҝҷйҮҢеҸҜд»ҘдёҚз”Ёжё…йӣ¶пјҢеҸӘжңү bat_vol_update_sta
 155   2                  еҲҡиҝӣе…Ҙ BAT_VOL_UPDATE_STA_IDLE ж—¶жё…йӣ¶
 156   2              */
 157   2              // bat_vol_update_cnt = 0;
 158   2              bat_vol_update_sta = BAT_VOL_UPDATE_STA_COMPLETED;
 159   2          }
 160   1      }
 161          
 162          // ж №жҚ®adеҖјпјҢиҪ¬жҚўжҲҗеҜ№еә”зҡ„з”өжұ з”өеҺӢеҖј(еҚ•дҪҚпјҡmV)
 163          u16 get_battery_voltage_by_adc(u16 adc_val)
 164          {
 165   1          u16 voltage_mv = ADC_TO_BATTERY_VOLTAGE_MV(adc_val);
 166   1          // жү“еҚ°иҪ¬жҚўеҘҪзҡ„з”өеҺӢеҖјпјҲеҸ‘зҺ°е®һйҷ…жү“еҚ°зҡ„з”өеҺӢжҜ”дёҮз”ЁиЎЁйҮҸеҮәзҡ„з”өеҺӢеӨ§дәҶ0.13Vпјү
 167   1      
 168   1      #if 0
                  // printf("voltage_mv == %u\n", voltage_mv);
                  if (voltage_mv > 130)
                  {
C51 COMPILER V9.60.7.0   BATTERY_MONITOR                                                   07/02/2026 15:05:08 PAGE 4   

                      // иҝҷйҮҢеҒҡз”өеҺӢиЎҘеҒҝпјҲе®һйҷ…жү“еҚ°зҡ„з”өеҺӢжҜ”дёҮз”ЁиЎЁйҮҸеҮәзҡ„з”өеҺӢеӨ§дәҶ0.13VпјҢйңҖиҰҒеҮҸ
             -еҺ»0.13Vпјү
                      voltage_mv -= 130;
                  }
                  // printf("voltage_mv == %u\n", voltage_mv);
              #endif
 177   1      
 178   1      #if 0
                  if (is_in_charging)
                  {
                      // е……з”өж—¶пјҢеҮҸеҺ» 0.1 VпјҢдҪңдёәиЎҘеҒҝгҖӮеҰӮжһңз”өеҺӢжҺҘиҝ‘ 4.2V ж—¶пјҢдёҚз”ЁиЎҘеҒҝ
                      if ((voltage_mv <= 4000) && voltage_mv > 100)
                      {
                          voltage_mv -= 100;
                      }
                  }
              #endif
 188   1      
 189   1          return voltage_mv;
 190   1      }
 191          
 192          // void send_low_battery_timer_callback(void)
 193          // {
 194          //     static u32 cnt = 0;
 195          //     cnt++;
 196          //     if (cnt >= (u32)30 * 1000)
 197          //     {
 198          //         is_send_low_battery_enable = 1;
 199          //         cnt = 0;
 200          //     }
 201          // }
 202          
 203          // ж №жҚ®з”өеҺӢеҖји®Ўз®—еҲқе§Ӣз”өйҮҸзҷҫеҲҶжҜ” (зәҝжҖ§дј°з®—)
 204          u8 get_battery_percentage_by_voltage(u16 voltage_mv)
 205          {
 206   1          u32 percentage;
 207   1          if (voltage_mv >= BATTERY_FULL_VOLTAGE)
 208   1          {
 209   2              return 100;
 210   2          }
 211   1          else if (voltage_mv <= BATTERY_VOLTAGE_TURN_OFF_LOW_POWER)
 212   1          {
 213   2              return 0;
 214   2          }
 215   1          else if (voltage_mv >= BATTERY_VOLTAGE_TURN_OFF_LOW_POWER &&
 216   1                   voltage_mv <= (BATTERY_LOW_WARNING_VOLTAGE + 100))
 217   1          {
 218   2              /*
 219   2                  еӨ§дәҺ з©әз”өз”өеҺӢ  xx V пјҢ е°ҸдәҺ (дҪҺз”өйҮҸжҸҗзӨәз”өеҺӢ+100mV) == xx V
 220   2                  жҳ е°„еҲ° 0-25% зҡ„з”өйҮҸзҷҫеҲҶжҜ”
 221   2              */ 
 222   2              percentage = ((u32)(voltage_mv - BATTERY_VOLTAGE_TURN_OFF_LOW_POWER) * 25) /
 223   2                           ((u16)BATTERY_LOW_WARNING_VOLTAGE + 100 - BATTERY_VOLTAGE_TURN_OFF_LOW_POWER);
 224   2              return (u8)percentage;
 225   2          }
 226   1      
 227   1          // зәҝжҖ§жҸ’еҖји®Ўз®—зҷҫеҲҶжҜ”
 228   1          percentage = ((u32)(voltage_mv - BATTERY_VOLTAGE_TURN_OFF_LOW_POWER) * 100) /
 229   1                       (BATTERY_FULL_VOLTAGE - BATTERY_VOLTAGE_TURN_OFF_LOW_POWER);
 230   1      
 231   1          return (u8)percentage > 100 ? 100 : (u8)percentage;
 232   1      }
C51 COMPILER V9.60.7.0   BATTERY_MONITOR                                                   07/02/2026 15:05:08 PAGE 5   

 233          
 234          void bat_vol_history_buff_init(u16 voltage_mv)
 235          {
 236   1          u8 i;
 237   1          for (i = 0; i < VOLTAGE_HISTORY_SIZE; i++)
 238   1          {
 239   2              bat_vol_history_buff[i] = voltage_mv;
 240   2          }
 241   1          bat_vol_history_buff_idx = 0;
 242   1      }
 243          
 244          void bat_vol_history_buff_add(u16 voltage_mv)
 245          {
 246   1          bat_vol_history_buff[bat_vol_history_buff_idx] = voltage_mv;
 247   1          bat_vol_history_buff_idx = (bat_vol_history_buff_idx + 1) % VOLTAGE_HISTORY_SIZE;
 248   1          // bat_vol_history_buff_idx++;
 249   1          // if (bat_vol_history_buff_idx >= VOLTAGE_HISTORY_SIZE)
 250   1          // {
 251   1          //     bat_vol_history_buff_idx = 0;
 252   1          // }
 253   1      }
 254          
 255          // иҺ·еҸ–зј“еҶІеҢәдёӯжүҖжңүе…ғзҙ зҡ„е№іеқҮеҖј
 256          u16 bat_vol_history_buff_get_avg(void)
 257          {
 258   1          u8 i;
 259   1          u32 ret = 0;
 260   1          for (i = 0; i < VOLTAGE_HISTORY_SIZE; i++)
 261   1          {
 262   2              ret += bat_vol_history_buff[i];
 263   2          }
 264   1          return (u16)(ret / VOLTAGE_HISTORY_SIZE);
 265   1      }
 266          
 267          #if 0
              // еңЁдҪҺеҠҹиҖ—е”ӨйҶ’еҗҺи°ғз”ЁпјҢз”ұе”ӨйҶ’еҗҺз¬¬дёҖж¬ЎйҮҮйӣҶеҲ°зҡ„adеҖјжқҘеҲқе§ӢеҢ–зӣёе…іж•°жҚ®
              // void battery_monitor_init_by_adc_val(u16 adc_val)
              // ејәеҲ¶еҲ·ж–°
              void battery_monitor_refresh_by_adc_val(u16 adc_val)
              {
                  voltage_mv = get_battery_voltage_by_adc(adc_val);
                  bat_vol_history_buff_init(voltage_mv);
                  max_voltage_mv = voltage_mv;
                  avg_voltage_mv = voltage_mv;
                  percent = get_battery_percentage_by_voltage(voltage_mv);
                  last_percent = percent;
                  bat_percent = percent;
                  bat_vol_update_sta = BAT_VOL_UPDATE_STA_COMPLETED;
              }
              #endif
 283          
 284          #if USER_DEBUG_ENABLE
              
              #if 0
              // жөӢиҜ•з”ЁпјҢжүӢеҠЁж”№еҸҳеҫ—еҲ°зҡ„з”өжұ з”өеҺӢ
              void user_test_init_by_voltage_mv(u16 test_voltage_mv)
              {
                  // printf("test_voltage_mv == %u\n", test_voltage_mv);
                  voltage_mv = test_voltage_mv;
                  bat_vol_history_buff_init(voltage_mv);
                  max_voltage_mv = voltage_mv;
                  avg_voltage_mv = voltage_mv;
C51 COMPILER V9.60.7.0   BATTERY_MONITOR                                                   07/02/2026 15:05:08 PAGE 6   

                  percent = get_battery_percentage_by_voltage(voltage_mv);
                  last_percent = percent;
                  bat_percent = percent;
                  bat_vol_update_sta = BAT_VOL_UPDATE_STA_COMPLETED;
              
                  // printf("voltage_mv == %u\n", voltage_mv);
                  // printf("max_voltage_mv == %u\n", max_voltage_mv);
                  // printf("avg_voltage_mv == %u\n", voltage_mv);
                  // printf("percent == %u\n", (u16)percent);
                  // printf("last_percent == %u\n", (u16)last_percent);
                  // printf("bat_percent == %u\n", (u16)bat_percent);
              }
              #endif
              
              #endif
 310          
 311          /**
 312           * @brief жӣҙж–°з”өжұ з”өеҺӢпјҢз”ұе®ҡж—¶еҷЁи°ғз”ЁгҖӮеҮҪж•°еҶ…йғЁдјҡжӣҙж–°з”өжұ з”өеҺӢе’Ңз”өжұ з”өйҮҸзҷҫеҲҶ
             -жҜ”зӣёе…ізҡ„еҸҳйҮҸ
 313           *
 314           */
 315          void battery_voltage_update_by_isr(void)
 316          {
 317   1          volatile u16 adc_val = 0;
 318   1          volatile u16 cur_voltage_mv = 0; // еӯҳж”ҫеҪ“еүҚйҮҮйӣҶеҲ°зҡ„з”өеҺӢеҖј
 319   1      
 320   1          // иҺ·еҸ–ADеҖјпјҲadеҖјжңүжӣҙж–°жүҚиҺ·еҸ–пјү
 321   1          if (adc_get_update_flag(ADC_CHANNEL_SEL_BAT_DET))
 322   1          {
 323   2              adc_clear_update_flag(ADC_CHANNEL_SEL_BAT_DET);
 324   2              adc_val = adc_get_val(ADC_CHANNEL_SEL_BAT_DET);
 325   2              // printf("bat adc val == %u\n", adc_val);
 326   2              cur_voltage_mv = get_battery_voltage_by_adc(adc_val);
 327   2              // printf("cur_voltage_mv == %u\n", cur_voltage_mv);
 328   2      
 329   2              if (0 == voltage_mv)
 330   2              {
 331   3                  // еҰӮжһңиҝҳжІЎжңүйҮҮйӣҶиҝҮз”өжұ з”өеҺӢпјҢзӣҙжҺҘе°Ҷз¬¬дёҖж¬ЎйҮҮйӣҶеҲ°зҡ„adеҖјиҪ¬жҚўжҲҗз”өжұ з”
             -өеҺӢ
 332   3                  voltage_mv = cur_voltage_mv;
 333   3      
 334   3                  bat_vol_history_buff_init(voltage_mv);
 335   3                  // avg_voltage_mv = bat_vol_history_buff_get_avg();
 336   3                  avg_voltage_mv = cur_voltage_mv;
 337   3                  percent = get_battery_percentage_by_voltage(avg_voltage_mv);
 338   3                  // last_percent = percent;
 339   3                  bat_percent = percent; // еҲқе§ӢеҢ–е…ЁеұҖеҸҳйҮҸпјҢз”өжұ з”өйҮҸзҷҫеҲҶжҜ”
 340   3      
 341   3      #if USER_DEBUG_ENABLE
                          printf("bat monitor init\n");
                          // printf("bat monitor init\n");
                          printf("avg_voltage_mv == %u\n", avg_voltage_mv);
                          // printf("percent == %u\n", (u16)percent);
                          printf("bat percent == %u\n", (u16)bat_percent);
              #endif
 348   3              }
 349   2      
 350   2              // йҮҮйӣҶдёҖж®өж—¶й—ҙзҡ„з”өеҺӢеҖјпјҢеҸ–е…¶дёӯжңҖеӨ§зҡ„еҖјдҪңдёәз”өжұ з”өеҺӢ
 351   2              /*
 352   2                  @attention
 353   2                  жөӢиҜ•ж—¶пјҢеҰӮжһңйңҖиҰҒж”№еҸҳз”өжұ з”өеҺӢе’Ңз”өйҮҸзҷҫеҲҶжҜ”пјҢйңҖиҰҒеұҸи”ҪдёӢйқўиҝҷж®өзЁӢеәҸг
             -ҖӮ
C51 COMPILER V9.60.7.0   BATTERY_MONITOR                                                   07/02/2026 15:05:08 PAGE 7   

 354   2                  еҗҰеҲҷдјҡжӣҙж–° voltage_mv е’Ң max_voltage_mvпјҢеҸҜиғҪдјҡиў«иөӢеҖјдёә0пјҢ
 355   2                  еҜјиҮҙеҸҲиҝӣе…ҘдәҶ з”өжұ з”өйҮҸзӣёе…іеҸҳйҮҸзҡ„еҲқе§ӢеҢ–
 356   2              */
 357   2              /*
 358   2                  @attention иҝҷйҮҢжІЎжңүеҲӨж–ӯдёҠдёҖж¬Ўзҡ„з”өеҺӢеҖјпјҢдјҡе®һж—¶жӣҙж–° voltage_mv
 359   2                  еңЁе……з”өж—¶пјҢе“ӘжҖ•з”өеҺӢжңүдёӢйҷҚпјҢд№ҹдјҡжӣҙж–° voltage_mv
 360   2                  еңЁж”ҫз”өж—¶пјҢз”өеҺӢжңүдёҠеҚҮпјҢд№ҹдјҡжӣҙж–° voltage_mv
 361   2              */
 362   2              if (bat_vol_update_sta == BAT_VOL_UPDATE_STA_COMPLETED)
 363   2              {
 364   3                  // еҰӮжһңе·Із»ҸйҮҮйӣҶдәҶдёҖж®өж—¶й—ҙзҡ„з”өеҺӢеҖјпјҢеҲҷе°Ҷ voltage_mv иөӢеҖјдёә max_voltage_mv
 365   3                  voltage_mv = max_voltage_mv;
 366   3      
 367   3                  max_voltage_mv = 0; // жё…йӣ¶пјҢеҮҶеӨҮдёӢдёҖиҪ®йҮҮйӣҶ
 368   3                  bat_vol_update_sta = BAT_VOL_UPDATE_STA_IDLE;
 369   3      
 370   3                  // иҫ“еҮәи®Ўз®—з»“жһң (и°ғиҜ•з”Ё)
 371   3                  // printf("Voltage: %umV\n", voltage_mv);
 372   3              }
 373   2              else if (bat_vol_update_sta == BAT_VOL_UPDATE_STA_CAPTURING)
 374   2              {
 375   3                  // еҰӮжһңиҝҳеңЁйҮҮйӣҶж—¶й—ҙеҶ…пјҢжӣҙж–°йҮҮйӣҶеҲ°зҡ„жңҖеӨ§з”өеҺӢеҖј max_voltage_mv
 376   3                  if (max_voltage_mv < cur_voltage_mv)
 377   3                  {
 378   4                      max_voltage_mv = cur_voltage_mv;
 379   4                  }
 380   3              }
 381   2          }
 382   1      }
 383          
 384          // дҝ®ж”№еҗҺзҡ„з”өжұ зӣ‘жҺ§еӨ„зҗҶеҮҪж•°
 385          void battery_monitor_handle(void)
 386          {
 387   1          // volatile u16 adc_val = 0;
 388   1          // volatile u16 cur_voltage_mv = 0; // еӯҳж”ҫеҪ“еүҚйҮҮйӣҶеҲ°зҡ„з”өеҺӢеҖј
 389   1      
 390   1          // жөӢиҜ•ж—¶дҪҝз”Ёпјҡ
 391   1          // if (cur_voltage_mv != 0)
 392   1          // {
 393   1          //     printf("cur_voltage_mv == %u\n", cur_voltage_mv);
 394   1          // }
 395   1      
 396   1          if (voltage_mv == 0)
 397   1          {
 398   2              return; // е°ҡжңӘиҺ·еҸ–еҲ°з”өеҺӢеҖјпјҢдёҚжү§иЎҢд»ҘдёӢж“ҚдҪң
 399   2          }
 400   1      
 401   1          // жҜҸйҡ”дёҖж®өж—¶й—ҙпјҢе°ҶйҮҮйӣҶеҲ°зҡ„з”өеҺӢеҖјж”ҫе…Ҙж•°з»„
 402   1          if (is_bat_vol_buff_add_enable)
 403   1          {
 404   2              bat_vol_history_buff_add(voltage_mv);
 405   2              is_bat_vol_buff_add_enable = 0;
 406   2          }
 407   1      
 408   1          // жҜҸйҡ”дёҖж®өж—¶й—ҙпјҢе°Ҷж•°з»„дёӯзҡ„ж•°жҚ®иҝӣиЎҢе№іеқҮ
 409   1          if (is_bat_vol_buff_get_avg_enable)
 410   1          {
 411   2              avg_voltage_mv = bat_vol_history_buff_get_avg();
 412   2      #if USER_DEBUG_ENABLE
                      printf("avg_voltage_mv == %u\n", avg_voltage_mv);
              #endif
 415   2      
C51 COMPILER V9.60.7.0   BATTERY_MONITOR                                                   07/02/2026 15:05:08 PAGE 8   

 416   2              percent = get_battery_percentage_by_voltage(avg_voltage_mv);
 417   2              // printf("percent == %u\n", (u16)percent);
 418   2      
 419   2              is_bat_vol_buff_get_avg_enable = 0;
 420   2          }
 421   1      
 422   1          if (bat_percent_update_time_is_comes())
 423   1          {
 424   2              bat_percent_update_time_reset();
 425   2      
 426   2              // жҜҸж¬ЎеҸӘеҸҳеҢ–1%зҡ„з”өжұ з”өйҮҸзҷҫеҲҶжҜ”
 427   2              if (bat_percent > percent && is_in_charging == 0)
 428   2              {
 429   3                  // еҸӘжңүеңЁж”ҫз”өж—¶пјҢжүҚе…Ғи®ёжңҖеҗҺеҫ—еҲ°зҡ„з”өжұ з”өйҮҸзҷҫеҲҶжҜ”еҮҸе°‘
 430   3                  if (bat_percent > 0)
 431   3                  {
 432   4                      bat_percent--;
 433   4                  }
 434   3              }
 435   2              else if (bat_percent < percent && is_in_charging == 1)
 436   2              {
 437   3                  // еҸӘжңүеңЁе……з”өж—¶пјҢжүҚе…Ғи®ёжңҖеҗҺеҫ—еҲ°зҡ„з”өжұ з”өйҮҸзҷҫеҲҶжҜ”еўһеҠ 
 438   3                  if (bat_percent < 100)
 439   3                  {
 440   4                      bat_percent++;
 441   4                  }
 442   3              }
 443   2      
 444   2      #if USER_DEBUG_ENABLE
                      printf("bat percent == %u\n", (u16)bat_percent);
                      printf("avg_voltage_mv == %u\n", avg_voltage_mv);
              #endif
 448   2          }
 449   1      
 450   1      #if USER_DEBUG_ENABLE
                  // printf("bat_percent = %u\n", (u16)bat_percent);
              
              #if 0
                  // @attention еҸӘеңЁжөӢиҜ•ж—¶дҪҝз”Ёпјҡ
                  // жҜҸйҡ”дёҖж®өж—¶й—ҙжү“еҚ°дёҖж¬Ўж»ӨжіўеҗҺеҫ—еҲ°зҡ„з”өеҺӢе’Ңз”өйҮҸзҷҫеҲҶжҜ”
                  if (flag_debug)
                  {
                      flag_debug = 0;
                      printf("max_voltage_mv == %u\n", max_voltage_mv);
                      printf("avg_voltage_mv == %u\n", avg_voltage_mv);
                      printf("bat_percent == %u\n", (u16)bat_percent); //
                  }
              #endif
              #endif
 465   1      
 466   1          // жҺ§еҲ¶з”өжұ з”өйҮҸжҢҮзӨәзҒҜ
 467   1          if (is_in_charging &&
 468   1              (led_bat_level_sta != LED_BAT_LEVEL_STA_CHARGE_BEGIN &&
 469   1               led_bat_level_sta != LED_BAT_LEVEL_STA_CHARGE_BEGIN_ANIM &&
 470   1               led_bat_level_sta != LED_BAT_LEVEL_STA_CHARGING &&
 471   1               led_bat_level_sta != LED_BAT_LEVEL_STA_CHARGE_END))
 472   1          {
 473   2              led_bat_level_sta = LED_BAT_LEVEL_STA_CHARGE_BEGIN;
 474   2          }
 475   1          // дёҚеңЁе……з”өгҖҒи“қзүҷicдёҚе·ҘдҪңгҖҒзҒҜе…үе…ій—ӯж—¶пјҢе…ій—ӯз”өйҮҸжҢҮзӨәзҒҜ
 476   1          else if (is_in_charging == 0 &&
 477   1                   ble_ic.is_working == 0 &&
C51 COMPILER V9.60.7.0   BATTERY_MONITOR                                                   07/02/2026 15:05:08 PAGE 9   

 478   1                   led_ctl.status == LED_STATUS_OFF &&
 479   1                   0 == is_in_discharging) // е……з”өicжІЎжңүиҫ“еҮәж”ҫз”өзҡ„дҝЎеҸ·
 480   1          {
 481   2              led_bat_level_sta = LED_BAT_LEVEL_STA_IDLE;
 482   2      
 483   2              // е…іжңәеҗҺпјҲдёҚеңЁе·ҘдҪңпјүпјҢйңҖиҰҒеңЁиҝҷйҮҢжё…з©әеҜ№еә”ж Үеҝ—дҪҚ
 484   2          }
 485   1          // дёҚеңЁе……з”өпјҢдҪҶжҳҜи“қзүҷicжҲ–иҖ…зҒҜе…үжү“ејҖпјҢж №жҚ®з”өжұ з”өйҮҸжқҘзӮ№дә®еҜ№еә”жҢҮзӨәзҒҜ
 486   1          else if (is_in_charging == 0 &&
 487   1                   (ble_ic.is_working ||
 488   1                    led_ctl.status != LED_STATUS_OFF ||
 489   1                    is_in_discharging))
 490   1          {
 491   2              led_bat_level_sta = LED_BAT_LEVEL_STA_DISCHARGE;
 492   2      
 493   2              // еҲ°дәҶе…іжңәеҜ№еә”зҡ„з”өеҺӢ
 494   2              if (avg_voltage_mv <= BATTERY_VOLTAGE_TURN_OFF_LOW_POWER)
 495   2              {
 496   3      #if USER_DEBUG_ENABLE
                          printf("detect bat power empty\n");
              #endif
 499   3      
 500   3                  if (0 == is_turn_off_by_low_bat)
 501   3                  {
 502   4                      // е…ій—ӯзҒҜе…ү
 503   4                      if (led_ctl.status != LED_STATUS_OFF)
 504   4                      {
 505   5                          led_status_set(LED_STATUS_OFF);
 506   5                      }
 507   4      
 508   4                      // е…ій—ӯи“қзүҷ
 509   4                      if (ble_ic.is_working)
 510   4                      {
 511   5                          uart_data_send_cmd(UART_SEND_CMD_LOW_POWER_SHUTDOWN);
 512   5                          // delay_ms(5000); // иҝҷйҮҢиҰҒзӯүи“қзүҷж’ӯжҠҘе®ҢжҲҗ
 513   5                          delay_ms(30);
 514   5                          ble_ic_disable_pre();
 515   5                          delay_ms(100);
 516   5                      }
 517   4      
 518   4                      // bat_percent = 0; // USER_TO_DO еҸҜиғҪйңҖиҰҒеҠ еӣһжқҘ
 519   4                      is_turn_off_by_low_bat = 1;
 520   4                  }
 521   3              }
 522   2              // еҲ°дәҶ е…ій—ӯи“қзүҷзҡ„йҳҲеҖјз”өеҺӢ
 523   2              else if (avg_voltage_mv <= BATTERY_VOLTAGE_TURN_OFF_BLUETOOTH)
 524   2              {
 525   3                  // е…ій—ӯи“қзүҷ
 526   3                  if (ble_ic.is_working)
 527   3                  {
 528   4                      uart_data_send_cmd(UART_SEND_CMD_LOW_POWER_SHUTDOWN);
 529   4                      // delay_ms(5000); // иҝҷйҮҢиҰҒзӯүи“қзүҷж’ӯжҠҘе®ҢжҲҗ
 530   4                      delay_ms(30);
 531   4                      ble_ic_disable_pre();
 532   4                      delay_ms(100);
 533   4                  }
 534   3              }
 535   2              /*
 536   2                  дҪҺз”өйҮҸпјҢе№¶дё”жІЎжңүеҸ‘йҖҒиҝҮдҪҺз”өйҮҸжҠҘиӯҰпјҢиҰҒжү“ејҖи“қзүҷпјҢеҸ‘йҖҒдҪҺз”өйҮҸжҠҘиӯҰ
 537   2              */
 538   2              else if (is_sent_low_bat_alert == 0 &&
 539   2                       avg_voltage_mv <= BATTERY_LOW_WARNING_VOLTAGE)
C51 COMPILER V9.60.7.0   BATTERY_MONITOR                                                   07/02/2026 15:05:08 PAGE 10  

 540   2              {
 541   3                  // u8 i; // еҫӘзҺҜи®Ўж•°еҖјпјҢжҺ§еҲ¶иҝһз»ӯеҸ‘йҖҒдҪҺз”өйҮҸжҠҘиӯҰзҡ„ж¬Ўж•°
 542   3      #if USER_DEBUG_ENABLE
                          // printf("detect low power\n");
              #endif
 545   3                  // з”өжұ з”өйҮҸиҝҮдҪҺж—¶пјҢдёҚжү“ејҖдҪҺз”өйҮҸжҠҘиӯҰжҸҗзӨәпјҲдёҚжү“ејҖи“қзүҷпјү
 546   3                  if (battery_bluetooth_enable_is_allowed())
 547   3                  {
 548   4                      if (ble_ic.is_working == 0)
 549   4                      {
 550   5                          ble_ic_enable();
 551   5                      }
 552   4      
 553   4                      uart_data_send_cmd(UART_SEND_CMD_LOW_POWER_WARNING);
 554   4                      is_sent_low_bat_alert = 1;
 555   4                  }
 556   3              }
 557   2      
 558   2              // зҒҜејҖзқҖпјҢжҲ–иҖ…и“қзүҷжӯЈеңЁе·ҘдҪңпјҢе№¶дё”еҲ°дәҶз”өжұ дҪҺз”өйҮҸзҠ¶жҖҒпјҢжҜҸйҡ”дёҖж®өж—¶й—ҙеҸ
             -‘йҖҒдёҖж¬ЎдҪҺз”өйҮҸжҠҘиӯҰпјҡ
 559   2              if (is_send_low_bat_repeatedly_enable)
 560   2              {
 561   3                  uart_data_send_cmd(UART_SEND_CMD_LOW_POWER_WARNING);
 562   3                  is_send_low_bat_repeatedly_enable = 0;
 563   3      
 564   3      #if USER_DEBUG_ENABLE
                          printf("UART_SEND_CMD_LOW_POWER_WARNING\n");
              #endif
 567   3              }
 568   2          }
 569   1      }


MODULE INFORMATION:   STATIC OVERLAYABLE
   CODE SIZE        =   1243    ----
   CONSTANT SIZE    =   ----    ----
   XDATA SIZE       =     52      15
   PDATA SIZE       =   ----    ----
   DATA SIZE        =   ----    ----
   IDATA SIZE       =   ----    ----
   BIT SIZE         =   ----    ----
END OF MODULE INFORMATION.


C51 COMPILATION COMPLETE.  0 WARNING(S),  0 ERROR(S)
