C51 COMPILER V9.60.7.0   CHARGE_DET                                                        07/17/2026 18:50:03 PAGE 1   


C51 COMPILER V9.60.7.0, COMPILATION OF MODULE CHARGE_DET
OBJECT MODULE PLACED IN .\Release\Objects\charge_det.obj
COMPILER INVOKED BY: C:\Keil_v5\C51\BIN\C51.EXE ..\..\User\charge_det.c LARGE OPTIMIZE(9,SIZE) BROWSE ORDER INTVECTOR(0X
                    -000C) INCDIR(..\..\Libraries\Include;..\..\User;..\..\driver_on_chip) INTERVAL(3) DEBUG OBJECTEXTEND PRINT(.\Release\Lis
                    -tings\charge_det.lst) OBJECT(.\Release\Objects\charge_det.obj)

line level    source

   1          #include "charge_det.h"
   2          #include "user_include.h"
   3          #include "bat_scan.h"
   4          
   5          // volatile u8 charge_det_sta; // жЈҖжөӢе……з”өзҡ„зҠ¶жҖҒ
   6          volatile u8 is_in_charging_by_solar_panel = 0; // жҳҜеҗҰжӯЈеңЁйҖҡиҝҮеӨӘйҳіиғҪе……з”ө
   7          volatile u8 is_in_charging_by_charger = 0;     // жҳҜеҗҰжӯЈеңЁйҖҡиҝҮе……з”өеҷЁе……з”ө
   8          
   9          volatile u8 is_in_charging = 0;      // жҳҜеҗҰжӯЈеңЁе……з”ө
  10          volatile u8 is_charging_ic_stop = 0; // е……з”өicжҳҜеҗҰеҒңжӯўе……з”ө
  11          
  12          volatile bit flag_is_time_to_det_charge = 0; // жҳҜеҗҰеҲ°дәҶжЈҖжөӢе……з”өзҠ¶жҖҒзҡ„ж—¶жңә
  13          
  14          // volatile u8 is_not_charging_by_charger_cnt = 0;
  15          
  16          volatile u8 is_charging_by_solar_panel_cnt = 0;
  17          volatile u8 is_not_charging_by_solar_panel_cnt = 0;
  18          
  19          volatile u8 is_detect_discharge_signal = 0; // жҳҜеҗҰжЈҖжөӢеҲ°дәҶиҝһз»ӯзҡ„ж”ҫз”өдҝЎеҸ·
  20          volatile u8 is_in_discharging = 0;          // жҳҜеҗҰжӯЈеңЁж”ҫз”ө
  21          
  22          void charge_det_init(void)
  23          {
  24   1          // жЈҖжөӢе……з”өicзҡ„дёӨдёӘеј•и„ҡ
  25   1          // P22 CH2 , P21 CH1
  26   1          P2_MD0 &= ~GPIO_P22_MODE_SEL(0x03); // иҫ“е…ҘжЁЎејҸ
  27   1          P2_PU |= GPIO_P22_PULL_UP(0x01);
  28   1          // P2_PD |= GPIO_P22_PULL_PD(0x01);
  29   1      
  30   1          P2_MD0 &= ~GPIO_P21_MODE_SEL(0x03); // иҫ“е…ҘжЁЎејҸ
  31   1          P2_PU |= GPIO_P21_PULL_UP(0x01);
  32   1          // P2_PD |= GPIO_P21_PULL_PD(0x01);
  33   1      }
  34          
  35          // ж–°еўһпјҡдё“й—Ёз”ЁдәҺжЈҖжөӢ1KHzдҝЎеҸ·зҡ„еҮҪж•°
  36          // жҜҸ100еҫ®з§’и°ғз”ЁдёҖж¬ЎпјҢз”ЁжқҘжЈҖжөӢ P21 еј•и„ҡдёҠзҡ„1KHzдҝЎеҸ·
  37          void detect_1khz_signal_100us(void)
  38          {
  39   1          // ж–°еўһеҸҳйҮҸз”ЁдәҺжЈҖжөӢ1KHzдҝЎеҸ·
  40   1          static volatile u16 signal_high_duration = 0; // й«ҳз”өе№іжҢҒз»ӯж—¶й—ҙи®Ўж•°
  41   1          static volatile u16 signal_low_duration = 0;  // дҪҺз”өе№іжҢҒз»ӯж—¶й—ҙи®Ўж•°
  42   1      
  43   1          static volatile u8 detection_state = 0; // жЈҖжөӢзҠ¶жҖҒпјҡ0-еҲқе§ӢзҠ¶жҖҒпјҢ1-жЈҖжөӢеҲ°й«ҳз”өе№іпјҢ2-жЈ
             -ҖжөӢеҲ°дҪҺз”өе№і
  44   1      
  45   1          static volatile u16 toggle_count_in_period = 0;     // дёҖдёӘйў„жңҹзҡ„1KHzе‘ЁжңҹеҶ…зҡ„зҝ»иҪ¬ж¬Ўж•°
  46   1          static volatile u16 measurement_period_counter = 0; // жөӢйҮҸе‘Ёжңҹи®Ўж•°еҷЁ
  47   1          static volatile u8 is_detected_signal = 0;          // ж Үеҝ—дҪҚпјҢжҳҜеҗҰжЈҖжөӢеҲ°1KHzдҝЎеҸ·
  48   1      
  49   1          // static volatile u8 last_pin_state = 0; // дёҠдёҖж¬ЎжЈҖжөӢеҲ°зҡ„еј•и„ҡзҠ¶жҖҒ
  50   1          u8 current_pin_state = CHARGE_IC_CH1; // еҪ“еүҚеј•и„ҡзҠ¶жҖҒ
  51   1          // еҰӮжһңиҝһз»ӯеӨҡж¬ЎжЈҖжөӢеҲ°1KHzдҝЎеҸ·жЁЎејҸпјҢеҲҷи®ҫзҪ®е……з”өж Үеҝ—
  52   1          static volatile u16 consecutive_detection_count = 0; // и®Ўж•°еҷЁпјҢжҳҜеҗҰиҝһз»ӯжЈҖжөӢеҲ°еӨҡж¬Ўе……з”өд
C51 COMPILER V9.60.7.0   CHARGE_DET                                                        07/17/2026 18:50:03 PAGE 2   

             -ҝЎеҸ·пјҲз”ЁдәҺжЈҖжөӢжҳҜеҗҰжңүе……з”өпјү
  53   1      
  54   1          // жңӘжЈҖжөӢеҲ°е……з”өдҝЎеҸ·зҡ„и®Ўж•°еҷЁ
  55   1          static volatile u16 undetected_charging_count = 0;
  56   1      
  57   1          // еўһеҠ жөӢйҮҸе‘Ёжңҹи®Ўж•°
  58   1          measurement_period_counter++;
  59   1      
  60   1          // жЈҖжөӢеҲ°дҪҺз”өе№іпјҢе№¶дё”д№ӢеүҚжІЎжңүжЈҖжөӢеҲ°е……з”өдҝЎеҸ·пјҢеҸҜиғҪдёҚеңЁе……з”ө
  61   1          if (current_pin_state == 0 && consecutive_detection_count == 0)
  62   1          {
  63   2              undetected_charging_count++;
  64   2              if (undetected_charging_count >= (u16)2000 * 10) // ж—¶й—ҙеҚ•дҪҚпјҡ100us
  65   2              {
  66   3                  // зӣ®еүҚиҮіе°‘жҢҒз»ӯ1sд»ҘдёҠпјҢжүҚиғҪзЎ®и®Өе……з”өicжІЎжңүеңЁе……з”ө
  67   3                  undetected_charging_count = 0;
  68   3                  is_in_charging_by_charger = 0;
  69   3                  is_charging_ic_stop = 0;
  70   3                  consecutive_detection_count = 0;
  71   3              }
  72   2          }
  73   1          else
  74   1          {
  75   2              undetected_charging_count = 0;
  76   2          }
  77   1      
  78   1          switch (detection_state)
  79   1          {
  80   2          case 0:                         // еҲқе§ӢзҠ¶жҖҒпјҢзӯүеҫ…иҝӣе…Ҙй«ҳз”өе№і
  81   2              if (current_pin_state == 1) // жЈҖжөӢеҲ°й«ҳз”өе№і
  82   2              {
  83   3                  detection_state = 1; // иҝӣе…Ҙй«ҳз”өе№іжЈҖжөӢзҠ¶жҖҒ
  84   3                  signal_high_duration = 1;
  85   3                  signal_low_duration = 0;
  86   3              }
  87   2              else // жЈҖжөӢеҲ°дҪҺз”өе№і
  88   2              {
  89   3                  detection_state = 2; // иҝӣе…ҘдҪҺз”өе№іжЈҖжөӢзҠ¶жҖҒ
  90   3                  signal_high_duration = 0;
  91   3                  signal_low_duration = 1;
  92   3              }
  93   2              break;
  94   2      
  95   2          case 1: // жЈҖжөӢй«ҳз”өе№іжҢҒз»ӯж—¶й—ҙ
  96   2              if (current_pin_state == 1)
  97   2              {                                     // д»ҚеңЁй«ҳз”өе№і
  98   3                  if (signal_high_duration < 65535) // йҒҝе…Қи®Ўж•°жәўеҮәs
  99   3                  {
 100   4                      signal_high_duration++;
 101   4                  }
 102   3      
 103   3                  signal_low_duration = 0;
 104   3              }
 105   2              else
 106   2              { // жЈҖжөӢеҲ°дёӢйҷҚжІҝпјҢиҝӣе…ҘдҪҺз”өе№іжЈҖжөӢ
 107   3                  detection_state = 2;
 108   3                  signal_low_duration = 1;
 109   3      
 110   3                  // жЈҖжҹҘй«ҳз”өе№іжҢҒз»ӯж—¶й—ҙжҳҜеҗҰжҺҘиҝ‘1KHzзҡ„еҚҠдёӘе‘ЁжңҹпјҲеҚі0.5ms == 500us = 5дёӘ100usе
             -‘Ёжңҹпјү
 111   3                  // е…Ғи®ёдёҖе®ҡиҜҜе·®иҢғеӣҙпјҢжҜ”еҰӮ3 ~ 5 дёӘ 100us е‘Ёжңҹд№Ӣй—ҙ
 112   3                  // user_debug_val_u16 = signal_high_duration; // иҺ·еҸ–еҫ—еҲ°зҡ„и®Ўж•°еҖјпјҲжөӢиҜ•ж—¶дҪҝз”Ёпјү
C51 COMPILER V9.60.7.0   CHARGE_DET                                                        07/17/2026 18:50:03 PAGE 3   

 113   3                  if (signal_high_duration >= 3 && signal_high_duration <= 5)
 114   3                  {
 115   4                      toggle_count_in_period++; // еҚҠе‘ЁжңҹеҢ№й…Қ1KHzдҝЎеҸ·
 116   4                  }
 117   3                  signal_high_duration = 0;
 118   3              }
 119   2              break;
 120   2      
 121   2          case 2: // жЈҖжөӢдҪҺз”өе№іжҢҒз»ӯж—¶й—ҙ
 122   2              if (current_pin_state == 0)
 123   2              { // д»ҚеңЁдҪҺз”өе№і
 124   3                  signal_low_duration++;
 125   3                  signal_high_duration = 0;
 126   3              }
 127   2              else
 128   2              { // жЈҖжөӢеҲ°дёҠеҚҮжІҝпјҢеӣһеҲ°й«ҳз”өе№іжЈҖжөӢ
 129   3                  detection_state = 1;
 130   3                  signal_high_duration = 1;
 131   3      
 132   3                  // user_debug_val_u16 = signal_low_duration; // иҺ·еҸ–еҫ—еҲ°зҡ„и®Ўж•°еҖјпјҲжөӢиҜ•ж—¶дҪҝз”Ёпјү
 133   3      
 134   3                  // жЈҖжҹҘдҪҺз”өе№іжҢҒз»ӯж—¶й—ҙжҳҜеҗҰжҺҘиҝ‘1KHzзҡ„еҚҠдёӘе‘Ёжңҹ
 135   3                  if (signal_low_duration >= 3 && signal_low_duration <= 5)
 136   3                  {
 137   4                      toggle_count_in_period++; // еҚҠе‘ЁжңҹеҢ№й…Қ1KHzдҝЎеҸ·
 138   4                  }
 139   3      
 140   3                  signal_low_duration = 0;
 141   3              }
 142   2              break;
 143   2          }
 144   1      
 145   1          if (measurement_period_counter >= 100) // 100пјҡ100 * 100us == 10ms
 146   1          {
 147   2              measurement_period_counter = 0;
 148   2      
 149   2              // еҰӮжһң 10 msеҶ…жЈҖжөӢеҲ°дәҶи¶іеӨҹзҡ„1KHzдҝЎеҸ·еҚҠе‘ЁжңҹпјҢеҲҷзЎ®и®ӨжҳҜ1KHzдҝЎеҸ·
 150   2      
 151   2              // user_debug_val_u16 = toggle_count_in_period; // иҺ·еҸ–еҫ—еҲ°зҡ„и®Ўж•°еҖјпјҲжөӢиҜ•ж—¶дҪҝз”Ёпјү
 152   2      
 153   2              if (toggle_count_in_period >= 16) // 1KHzдҝЎеҸ·пјҢ10msеҶ…жңү20ж¬Ўзҝ»иҪ¬пјҢиҝҷйҮҢжЈҖжөӢеҲ°жңү16ж¬Ўе
             -°ұи®Өдёәж»Ўи¶іжқЎд»¶
 154   2              {                                 // еңЁиҝҷж®өж—¶й—ҙеҶ…пјҢиҮіе°‘жЈҖжөӢеҲ°   еӨҡе°‘ж¬Ўзҝ»иҪ¬
 155   3                  is_detected_signal = 1;
 156   3              }
 157   2              else if (toggle_count_in_period <= 10)
 158   2              {
 159   3                  // е®һйҷ…жөӢиҜ•еҸ‘зҺ°пјҢе“ӘжҖ•жҳҜ1KHzиҝһз»ӯзҡ„дҝЎеҸ·пјҢд№ҹдјҡжңүеӨ§жҰӮзҺҮ(50%е·ҰеҸі)иҝӣе…Ҙиҝҷй
             -ҮҢ
 160   3                  is_detected_signal = 0;
 161   3              }
 162   2              toggle_count_in_period = 0;
 163   2          }
 164   1      
 165   1          if (is_detected_signal)
 166   1          {
 167   2              consecutive_detection_count++;
 168   2              if (consecutive_detection_count >= 100) // 100 * 100usпјҢиҝһз»ӯ 10ms жЈҖжөӢеҲ°1KhzдҝЎеҸ·
 169   2              {
 170   3                  is_in_charging_by_charger = 1;
 171   3              }
 172   2      
C51 COMPILER V9.60.7.0   CHARGE_DET                                                        07/17/2026 18:50:03 PAGE 4   

 173   2              // 5000 *10 * 100 us иҝһз»ӯ 5s жЈҖжөӢеҲ°1KhzдҝЎеҸ·пјҢиҜҙжҳҺе……ж»Ўз”ө(е®һйҷ…жөӢиҜ•еҸҜиғҪеҸӘжңү3s)
 174   2              if (consecutive_detection_count >= (u32)5000 * 10)
 175   2              {
 176   3                  is_charging_ic_stop = 1;
 177   3                  // consecutive_detection_count = 500; // йҷҗеҲ¶жңҖеӨ§еҖјпјҢйҳІжӯўжәўеҮә
 178   3                  consecutive_detection_count = (u32)5000 * 10; // йҷҗеҲ¶жңҖеӨ§еҖјпјҢйҳІжӯўжәўеҮә
 179   3              }
 180   2          }
 181   1          else
 182   1          {
 183   2              if (consecutive_detection_count > 0)
 184   2              {
 185   3                  consecutive_detection_count--;
 186   3              }
 187   2          }
 188   1      
 189   1          // last_pin_state = current_pin_state;
 190   1      }
 191          
 192          // жЈҖжөӢе……з”өicзҡ„1KhzдҝЎеҸ·
 193          void detect_discharge_1khz_signal_100us(void)
 194          {
 195   1          // ж–°еўһеҸҳйҮҸз”ЁдәҺжЈҖжөӢ1KHzдҝЎеҸ·
 196   1          static volatile u16 signal_high_duration = 0; // й«ҳз”өе№іжҢҒз»ӯж—¶й—ҙи®Ўж•°
 197   1          static volatile u16 signal_low_duration = 0;  // дҪҺз”өе№іжҢҒз»ӯж—¶й—ҙи®Ўж•°
 198   1      
 199   1          /*
 200   1              жЈҖжөӢзҠ¶жҖҒпјҡ
 201   1              0 - еҲқе§ӢзҠ¶жҖҒпјҢ
 202   1              1 - жЈҖжөӢеҲ°й«ҳз”өе№іпјҢ
 203   1              2 - жЈҖжөӢеҲ°дҪҺз”өе№і
 204   1          */
 205   1          static volatile u8 detection_state = 0;
 206   1      
 207   1          static volatile u16 toggle_count_in_period = 0;     // дёҖдёӘйў„жңҹзҡ„1KHzе‘ЁжңҹеҶ…зҡ„зҝ»иҪ¬ж¬Ўж•°
 208   1          static volatile u16 measurement_period_counter = 0; // жөӢйҮҸе‘Ёжңҹи®Ўж•°еҷЁ
 209   1      
 210   1          u8 current_pin_state = CHARGE_IC_CH2; // еҪ“еүҚеј•и„ҡзҠ¶жҖҒ
 211   1      
 212   1          // =================================================================
 213   1          // еңЁжңҖеҗҺеҲӨж–ӯжҳҜеҗҰзңҹзҡ„жңүж”ҫз”өдҝЎеҸ·
 214   1          static volatile u8 is_detected_signal = 0; // ж Үеҝ—дҪҚпјҢжҳҜеҗҰжЈҖжөӢеҲ°1KHzдҝЎеҸ·
 215   1      
 216   1          static volatile u8 detect_discharge_signal_cnt = 0;   // жЈҖжөӢеҲ°ж”ҫз”өдҝЎеҸ·зҡ„и®Ўж•°еҷЁ
 217   1          static volatile u8 undetect_discharge_signal_cnt = 0; // жңӘжЈҖжөӢеҲ°ж”ҫз”өдҝЎеҸ·зҡ„и®Ўж•°еҷЁ
 218   1      
 219   1          // =================================================================
 220   1      
 221   1          // еўһеҠ жөӢйҮҸе‘Ёжңҹи®Ўж•°
 222   1          measurement_period_counter++;
 223   1      
 224   1          /*
 225   1              жЈҖжөӢдҪҺз”өе№іе’Ңй«ҳз”өе№ізҡ„жҢҒз»ӯж—¶й—ҙпјҢе№¶дё”зҙҜи®Ўз”өе№ізҝ»иҪ¬ж¬Ўж•°
 226   1          */
 227   1          switch (detection_state)
 228   1          {
 229   2          case 0: // еҲқе§ӢзҠ¶жҖҒпјҢзӯүеҫ…иҝӣе…Ҙй«ҳз”өе№і
 230   2              if (current_pin_state == 1)
 231   2              {
 232   3                  /*
 233   3                      жЈҖжөӢеҲ°й«ҳз”өе№і
 234   3                      иҝӣе…Ҙй«ҳз”өе№іжЈҖжөӢзҠ¶жҖҒ
C51 COMPILER V9.60.7.0   CHARGE_DET                                                        07/17/2026 18:50:03 PAGE 5   

 235   3                  */
 236   3                  detection_state = 1;
 237   3                  signal_high_duration = 1; // й«ҳз”өе№іж—¶й—ҙи®Ўж•°еҠ дёҖ
 238   3                  signal_low_duration = 0;
 239   3              }
 240   2              else // жЈҖжөӢеҲ°дҪҺз”өе№і
 241   2              {
 242   3                  detection_state = 2; // иҝӣе…ҘдҪҺз”өе№іжЈҖжөӢзҠ¶жҖҒ
 243   3                  signal_high_duration = 0;
 244   3                  signal_low_duration = 1;
 245   3              }
 246   2              break;
 247   2      
 248   2          case 1: // жЈҖжөӢй«ҳз”өе№іжҢҒз»ӯж—¶й—ҙ
 249   2              if (current_pin_state == 1)
 250   2              {                                     // д»ҚеңЁй«ҳз”өе№і
 251   3                  if (signal_high_duration < 65535) // йҒҝе…Қи®Ўж•°жәўеҮәs
 252   3                  {
 253   4                      signal_high_duration++;
 254   4                  }
 255   3      
 256   3                  signal_low_duration = 0;
 257   3              }
 258   2              else
 259   2              { // жЈҖжөӢеҲ°дёӢйҷҚжІҝпјҢиҝӣе…ҘдҪҺз”өе№іжЈҖжөӢ
 260   3                  detection_state = 2;
 261   3                  signal_low_duration = 1;
 262   3      
 263   3                  // жЈҖжҹҘй«ҳз”өе№іжҢҒз»ӯж—¶й—ҙжҳҜеҗҰжҺҘиҝ‘1KHzзҡ„еҚҠдёӘе‘ЁжңҹпјҲеҚі0.5ms == 500us = 5дёӘ100usе
             -‘Ёжңҹпјү
 264   3                  // е…Ғи®ёдёҖе®ҡиҜҜе·®иҢғеӣҙпјҢжҜ”еҰӮ3 ~ 5 дёӘ 100us е‘Ёжңҹд№Ӣй—ҙ
 265   3                  // user_debug_val_u16 = signal_high_duration; // иҺ·еҸ–еҫ—еҲ°зҡ„и®Ўж•°еҖјпјҲжөӢиҜ•ж—¶дҪҝз”Ёпјү
 266   3                  if (signal_high_duration >= 3 && signal_high_duration <= 5)
 267   3                  {
 268   4                      toggle_count_in_period++; // еҚҠе‘ЁжңҹеҢ№й…Қ1KHzдҝЎеҸ·
 269   4                  }
 270   3                  signal_high_duration = 0;
 271   3              }
 272   2              break;
 273   2      
 274   2          case 2: // жЈҖжөӢдҪҺз”өе№іжҢҒз»ӯж—¶й—ҙ
 275   2              if (current_pin_state == 0)
 276   2              { // д»ҚеңЁдҪҺз”өе№і
 277   3                  signal_low_duration++;
 278   3                  signal_high_duration = 0;
 279   3              }
 280   2              else
 281   2              { // жЈҖжөӢеҲ°дёҠеҚҮжІҝпјҢеӣһеҲ°й«ҳз”өе№іжЈҖжөӢ
 282   3                  detection_state = 1;
 283   3                  signal_high_duration = 1;
 284   3      
 285   3                  // user_debug_val_u16 = signal_low_duration; // иҺ·еҸ–еҫ—еҲ°зҡ„и®Ўж•°еҖјпјҲжөӢиҜ•ж—¶дҪҝз”Ёпјү
 286   3      
 287   3                  // жЈҖжҹҘдҪҺз”өе№іжҢҒз»ӯж—¶й—ҙжҳҜеҗҰжҺҘиҝ‘1KHzзҡ„еҚҠдёӘе‘Ёжңҹ
 288   3                  if (signal_low_duration >= 3 && signal_low_duration <= 5)
 289   3                  {
 290   4                      toggle_count_in_period++; // еҚҠе‘ЁжңҹеҢ№й…Қ1KHzдҝЎеҸ·
 291   4                  }
 292   3      
 293   3                  signal_low_duration = 0;
 294   3              }
 295   2              break;
C51 COMPILER V9.60.7.0   CHARGE_DET                                                        07/17/2026 18:50:03 PAGE 6   

 296   2          }
 297   1      
 298   1          if (measurement_period_counter >= 100) // 100пјҡ100 * 100us == 10ms
 299   1          {
 300   2              measurement_period_counter = 0;
 301   2      
 302   2              // еҰӮжһң 10 msеҶ…жЈҖжөӢеҲ°дәҶи¶іеӨҹзҡ„1KHzдҝЎеҸ·еҚҠе‘ЁжңҹпјҢеҲҷзЎ®и®ӨжҳҜ1KHzдҝЎеҸ·
 303   2      
 304   2              // user_debug_val_u16 = toggle_count_in_period; // иҺ·еҸ–еҫ—еҲ°зҡ„и®Ўж•°еҖјпјҲжөӢиҜ•ж—¶дҪҝз”Ёпјү
 305   2      
 306   2              if (toggle_count_in_period >= 16) // 1KHzдҝЎеҸ·пјҢ10msеҶ…жңү20ж¬Ўзҝ»иҪ¬пјҢиҝҷйҮҢжЈҖжөӢеҲ°жңү16ж¬Ўе
             -°ұи®Өдёәж»Ўи¶іжқЎд»¶
 307   2              {                                 // еңЁиҝҷж®өж—¶й—ҙеҶ…пјҢиҮіе°‘жЈҖжөӢеҲ°   еӨҡе°‘ж¬Ўзҝ»иҪ¬
 308   3                  is_detected_signal = 1;
 309   3              }
 310   2              else if (toggle_count_in_period <= 8)
 311   2              {
 312   3                  is_detected_signal = 0;
 313   3              }
 314   2      
 315   2              // еӨ„зҗҶе®ҢжҲҗеҗҺпјҢжё…з©әи®Ўж•°пјҢз»ҷдёӢдёҖдёӘжЈҖжөӢе‘Ёжңҹз»§з»ӯжЈҖжөӢ
 316   2              toggle_count_in_period = 0;
 317   2      
 318   2              if (is_detected_signal)
 319   2              {
 320   3                  undetect_discharge_signal_cnt = 0;
 321   3                  detect_discharge_signal_cnt++;
 322   3                  if (detect_discharge_signal_cnt >= 100) // 100 * 10ms
 323   3                  {
 324   4                      detect_discharge_signal_cnt = 0;
 325   4                      // is_in_discharging = 1;
 326   4                      is_detect_discharge_signal = 1;
 327   4                  }
 328   3              }
 329   2              else
 330   2              {
 331   3                  detect_discharge_signal_cnt = 0;
 332   3                  undetect_discharge_signal_cnt++;
 333   3                  if (undetect_discharge_signal_cnt >= 100) // 100 * 10ms
 334   3                  {
 335   4                      undetect_discharge_signal_cnt = 0;
 336   4                      // is_in_discharging = 0;
 337   4                      is_detect_discharge_signal = 0;
 338   4                  }
 339   3              }
 340   2          }
 341   1      }
 342          
 343          void charge_det_time_add(void)
 344          {
 345   1          flag_is_time_to_det_charge = 1;
 346   1      }
 347          
 348          // extern volatile u16 adc_type_c_det_val;
 349          //
 350          void charge_det(void)
 351          {
 352   1          static u16 adc_val_of_solar_panel = 0;
 353   1          static u16 adc_val_of_type_c = 0;
 354   1          u16 voltage_mv = 0;
 355   1      
 356   1          static volatile u8 is_discharge_det_time_cnt = 0; // жЈҖжөӢеҲ°жӯЈеңЁж”ҫз”өзҡ„и®Ўж•°еҷЁ
C51 COMPILER V9.60.7.0   CHARGE_DET                                                        07/17/2026 18:50:03 PAGE 7   

 357   1          // static volatile u8 isnot_discharge_det_time_cnt = 0; // жЈҖжөӢеҲ°дёҚжҳҜжӯЈеңЁж”ҫз”өзҡ„и®Ўж•°еҷЁ
 358   1      
 359   1          if (adc_get_update_flag(ADC_CHANNEL_SEL_SOLAR_DET))
 360   1          {
 361   2              adc_clear_update_flag(ADC_CHANNEL_SEL_SOLAR_DET);
 362   2              adc_val_of_solar_panel = adc_get_val(ADC_CHANNEL_SEL_SOLAR_DET);
 363   2          }
 364   1      
 365   1          if (adc_get_update_flag(ADC_CHANNEL_SEL_TYPE_C))
 366   1          {
 367   2              adc_clear_update_flag(ADC_CHANNEL_SEL_TYPE_C);
 368   2              adc_val_of_type_c = adc_get_val(ADC_CHANNEL_SEL_TYPE_C);
 369   2          }
 370   1      
 371   1          if (flag_is_time_to_det_charge)
 372   1          {
 373   2              flag_is_time_to_det_charge = 0;
 374   2          }
 375   1          else
 376   1          {
 377   2              // жЈҖжөӢж—¶й—ҙжІЎжңүеҲ°пјҢзӣҙжҺҘиҝ”еӣһ
 378   2              return;
 379   2          }
 380   1      
 381   1          /*
 382   1              е°ҶйҮҮйӣҶеҲ°зҡ„еӨӘйҳіиғҪдёҖдҫ§зҡ„adеҖјиҪ¬жҚўдёәе®һйҷ…зҡ„з”өеҺӢеҖј
 383   1              еӨӘйҳіиғҪдёҖдҫ§зҡ„з”өеҺӢ == adеҖј / 4096 * еҸӮиҖғз”өеҺӢ * еҲҶеҺӢзі»ж•°
 384   1              д»ҺеӨӘйҳіиғҪеҲ°з”өжұ зҡ„з”өеҺӢ == еӨӘйҳіиғҪдёҖдҫ§зҡ„з”өеҺӢ - 0.3V
 385   1      
 386   1              еҰӮжһңжЈҖжөӢеҲ°еӨӘйҳіиғҪдёҖдҫ§зҡ„з”өеҺӢжҜ”з”өжұ з”өеҺӢиҝҳиҰҒеӨ§дёҖзӮ№пјҢи®ӨдёәеңЁйҖҡиҝҮеӨӘйҳіиғҪе…
             -…з”ө
 387   1              жҡӮе®ҡжҜ”з”өжұ з”өеҺӢиҝҳиҰҒеӨ§0.30V
 388   1          */
 389   1          voltage_mv = (u32)adc_val_of_solar_panel * 2 * 2400 / 4096;
 390   1          // if (voltage_mv >= 4500) // еӨ§дәҺ 4.5VпјҢи®ӨдёәжҳҜжӯЈеңЁз»ҷз”өжұ е……з”ө
 391   1          if (voltage_mv >= (avg_voltage_mv + 300)) // жҜ”з”өжұ з”өеҺӢиҝҳиҰҒеӨ§ 0.30 V
 392   1          {
 393   2              is_not_charging_by_solar_panel_cnt = 0;
 394   2              is_charging_by_solar_panel_cnt++;
 395   2              if (is_charging_by_solar_panel_cnt >= 200) // зӣ®еүҚеҚ•дҪҚпјҡms
 396   2              {
 397   3                  is_charging_by_solar_panel_cnt = 0;
 398   3                  // зҙҜи®ЎдёҖж®өж—¶й—ҙеҗҺпјҢжүҚи®Өдёәжңүе……з”ө
 399   3                  is_in_charging_by_solar_panel = 1;
 400   3      
 401   3      #if USER_DEBUG_ENABLE
                          // printf("is charging by solar panel\n");
              #endif
 404   3              }
 405   2          }
 406   1          else
 407   1          {
 408   2              is_charging_by_solar_panel_cnt = 0;
 409   2              is_not_charging_by_solar_panel_cnt++;
 410   2              if (is_not_charging_by_solar_panel_cnt >= 200) // зӣ®еүҚеҚ•дҪҚпјҡms
 411   2              {
 412   3                  is_not_charging_by_solar_panel_cnt = 0;
 413   3                  // зҙҜи®ЎдёҖж®өж—¶й—ҙеҗҺпјҢжүҚи®ӨдёәжІЎжңүе……з”ө
 414   3                  is_in_charging_by_solar_panel = 0;
 415   3      
 416   3      #if USER_DEBUG_ENABLE
                          // printf("is not charging by solar panel\n");
C51 COMPILER V9.60.7.0   CHARGE_DET                                                        07/17/2026 18:50:03 PAGE 8   

              #endif
 419   3              }
 420   2          }
 421   1      
 422   1      /**
 423   1       *    зӣ®еүҚжөӢиҜ•пјҢдҪҝз”Ё2VеҸӮиҖғз”өеҺӢпјҢ
 424   1       *    жЈҖжөӢи„ҡеӨ–йғЁ10KдёҠжӢүгҖҒ10KдёӢжӢүпјҢжҲ–иҖ…жҳҜ100KдёҠжӢүпјҢ100KдёӢжӢү
 425   1       *    еҸӘжҸ’е…Ҙtype-cе……з”өпјҢжЈҖжөӢеҲ°зҡ„adеҖјдјҡеңЁ4095
 426   1       *    еҸӘйҖҡиҝҮеӨӘйҳіиғҪдёҖдҫ§е……з”өпјҢжЈҖжөӢеҲ°зҡ„adеҖјдјҡеңЁ100йҷ„иҝ‘пјҲеҸҜд»ҘеҝҪз•ҘдёҚи®Ўпјү
 427   1       *
 428   1       *    иҝҷйҮҢеҸӘиҰҒе°ҸдәҺ2000пјҢе°ұи®ӨдёәжІЎжңүйҖҡиҝҮtype-cе……з”ө
 429   1       *
 430   1       *    REVIEW еҰӮжһңеңЁж—§зҡ„жқҝеӯҗдёҠжөӢиҜ•пјҢ
 431   1       *    ж—§зҡ„жқҝеӯҗеј•и„ҡиҝһжҺҘеҲ°зҡ„жҳҜVDDпјҢиҖҢдёҚжҳҜtype-cеҲҶеҺӢеҗҺзҡ„з”өеҺӢ
 432   1       *    жөӢиҜ•е®ҢжҲҗеҗҺпјҢйңҖиҰҒжҒўеӨҚиҝҷйғЁеҲҶзЁӢеәҸ
 433   1       */
 434   1      #if USER_DEBUG_ENABLE
                  // printf("adc_val_of_type_c == %u\n", adc_val_of_type_c);
              #endif
 437   1          if (adc_val_of_type_c <= 2000 ||
 438   1              voltage_mv < (avg_voltage_mv + 200))
 439   1          {
 440   2              // е……з”өеҸЈз”өеҺӢе·Із»ҸеҫҲдҪҺпјҢжҲ–иҖ…еӨӘйҳіиғҪдҫ§иҫ“е…Ҙе·Із»ҸдёҚеҶҚжңүж•Ҳж—¶пјҢ
 441   2              // иҜҙжҳҺжӯӨж—¶дёҚжҳҜе®һйҷ…ж”ҫз”өпјҢзӣҙжҺҘжё…жҺүж”ҫз”өзҠ¶жҖҒпјҢйҒҝе…ҚиҜҜеҲӨгҖӮ
 442   2              is_discharge_det_time_cnt = 0;
 443   2              // isnot_discharge_det_time_cnt = 0;
 444   2              is_in_discharging = 0;
 445   2              is_detect_discharge_signal = 0;
 446   2          }
 447   1          else if (adc_val_of_type_c >= 4000)
 448   1          {
 449   2              // е……з”өеҸЈзҡ„з”өеҺӢжҺҘиҝ‘ 5VпјҢи®ӨдёәеңЁйҖҡиҝҮ type-C иҝӣиЎҢе……з”өжҲ–иҖ…ж”ҫз”ө
 450   2              if (is_detect_discharge_signal)
 451   2              {
 452   3                  // isnot_discharge_det_time_cnt = 0;
 453   3                  is_discharge_det_time_cnt++;
 454   3                  if (is_discharge_det_time_cnt >= 200)
 455   3                  {
 456   4                      is_discharge_det_time_cnt = 0;
 457   4                      // зҙҜи®ЎдёҖж®өж—¶й—ҙеҗҺпјҢжүҚи®ӨдёәжӯЈеңЁж”ҫз”ө
 458   4                      is_in_discharging = 1;
 459   4                  }
 460   3              }
 461   2          }
 462   1          else
 463   1          {
 464   2              // еӨ„дәҺ 2V~4V д№Ӣй—ҙзҡ„иҝҮжёЎеҢәй—ҙж—¶пјҢе…ҲдёҚдҪңдёәжңүж•Ҳж”ҫз”өеҲӨе®ҡпјҢ
 465   2              // йҒҝе…ҚеңЁиҫ“е…Ҙз”өеҺӢдёӢйҷҚж—¶жҠҠвҖңејұиҫ“е…Ҙ/иҜҜи§ҰеҸ‘вҖқиҜҜи®ӨдёәзңҹжӯЈж”ҫз”өгҖӮ
 466   2              is_discharge_det_time_cnt = 0;
 467   2              // isnot_discharge_det_time_cnt = 0;
 468   2              is_in_discharging = 0;
 469   2          }
 470   1      
 471   1          // printf("adc_val_of_solar_panel == %u\n", adc_val_of_solar_panel);
 472   1      
 473   1          if (is_in_charging_by_charger || is_in_charging_by_solar_panel)
 474   1          {
 475   2              is_in_charging = 1;
 476   2      
 477   2              // жңүе……з”өд№ӢеҗҺпјҢжё…з©әдҪҺз”өйҮҸзӣёе…іж Үеҝ—дҪҚ
 478   2              is_sent_low_bat_alert = 0;  
 479   2          }
C51 COMPILER V9.60.7.0   CHARGE_DET                                                        07/17/2026 18:50:03 PAGE 9   

 480   1          else if (is_in_charging_by_charger == 0 && is_in_charging_by_solar_panel == 0)
 481   1          {
 482   2              is_in_charging = 0;
 483   2          }
 484   1      
 485   1          // е……з”өж—¶е…іжңәпјҡ
 486   1          // жЈҖжөӢеҲ°жӯЈеңЁе……з”өж—¶пјҢе…ій—ӯи“қзүҷпјҢе…ій—ӯзҒҜе…ү
 487   1          // if (is_in_charging)
 488   1          // {
 489   1          //     if (led_ctl.status != LED_STATUS_OFF)
 490   1          //     {
 491   1          //         led_status_set(LED_STATUS_OFF); // е…ій—ӯзҒҜе…ү
 492   1          //     }
 493   1      
 494   1          //     if (ble_ic.is_working)
 495   1          //     {
 496   1          //         ble_ic_disable_pre();
 497   1          //         delay_ms(30); // зӯүеҫ…и“қзүҷе…ій—ӯ
 498   1          //     }
 499   1          // }
 500   1      }


MODULE INFORMATION:   STATIC OVERLAYABLE
   CODE SIZE        =   1135    ----
   CONSTANT SIZE    =   ----    ----
   XDATA SIZE       =     39       4
   PDATA SIZE       =   ----    ----
   DATA SIZE        =   ----    ----
   IDATA SIZE       =   ----    ----
   BIT SIZE         =      1    ----
END OF MODULE INFORMATION.


C51 COMPILATION COMPLETE.  0 WARNING(S),  0 ERROR(S)
