C51 COMPILER V9.60.7.0   KNOB_DIMMING                                                      01/26/2026 10:01:40 PAGE 1   


C51 COMPILER V9.60.7.0, COMPILATION OF MODULE KNOB_DIMMING
OBJECT MODULE PLACED IN .\Release\Objects\knob_dimming.obj
COMPILER INVOKED BY: C:\Keil_v5\C51\BIN\C51.EXE ..\..\User\knob_dimming.c LARGE OPTIMIZE(9,SIZE) BROWSE INTVECTOR(0X000C
                    -) INCDIR(..\..\Libraries\Include;..\..\User) INTERVAL(3) DEBUG OBJECTEXTEND PRINT(.\Release\Listings\knob_dimming.lst) O
                    -BJECT(.\Release\Objects\knob_dimming.obj)

line level    source

   1          #include "knob_dimming.h" // 旋钮调光头文件
   2          
   3          volatile u16 limited_max_pwm_duty = MAX_PWM_DUTY; // 存放经过旋钮限制之后的最大占空比（
             -所有pwm通道有效）
   4          // volatile u16 limited_adjust_pwm_duty;  // 存放旋钮限制之后的，待调整的占空比值
   5          
   6          // 根据旋钮，限制当前的最大占空比
   7          // 会更新 limited_max_pwm_duty 这个全局变量
   8          void update_max_pwm_duty_coefficient(void)
   9          {
  10   1          /*
  11   1              标志位，上一次限制的最大占空比是否为0，
  12   1              如果为0，需要等到检测的ad值超过20%、30%......再使能旋钮的功能，否则不
             -能
  13   1              相当于给关机和开机之间划一个较大的死区
  14   1          */
  15   1          static bit flag_is_last_limited_equal_zero = 0;
  16   1       
  17   1          volatile u16 adc_val = adc_val_from_knob; // adc_val_from_knob 由adc中断更新
  18   1      
  19   1          // 它闪灯可能是因为功率太低，也可能是检测脚的波动，导致单片机触发了频
             -繁开灯关灯的操作
  20   1          // 方法1：试着加大调光那里的电容，提供一个缓冲
  21   1          // 方法2：单片机检测到关灯之后，再检测到旋钮调到20%、30%之后再开灯
  22   1      
  23   1          if (0 == flag_is_last_limited_equal_zero) // 如果上一次限制的最大占空比不是0，则正
             -地根据旋钮来限制最大占空比
  24   1          {
  25   2              // 下面条件语句块内的值和判断条件中的值不一样，不过影响不大
  26   2              // ad值是假设参考电压VCC为4.87V，计算得出
  27   2              if (adc_val <= KNOB_DIMMING_MIN_ADC_VAL) // MIN 0%  0.57V
  28   2              {
  29   3                  limited_max_pwm_duty = 0;
  30   3              }
  31   2              // else if (adc_val <= 1278) // 20% 1.52V
  32   2              else if (adc_val <= KNOB_DIMMING_ADC_VAL_20_PERCENT) // 20% 1.52V /* 这里用5V作为参考电压
             - */
  33   2              {
  34   3                  // 计算采集到的ad值所占20%对应的ad值的占比，再乘以 20%的占空比
  35   3                  /*
  36   3                      计算验证，这里的ad值如果只相差1，占空比的值也只相差1
  37   3                  */
  38   3                  // limited_max_pwm_duty = (u32)adc_val * MAX_PWM_DUTY * 2 / 10 / KNOB_DIMMING_ADC_VAL_20_PERCE
             -NT;
  39   3                  // 旧版本这里最低只能调节到5%，现在让它能够调节到5%及以下:
  40   3                  limited_max_pwm_duty = ((u32)adc_val - KNOB_DIMMING_MIN_ADC_VAL) * MAX_PWM_DUTY * 2 / 10 / KNO
             -B_DIMMING_ADC_VAL_20_PERCENT;
  41   3              }
  42   2              // else if (adc_val <= 2498) // 40% 2.97V
  43   2              else if (adc_val <= KNOB_DIMMING_ADC_VAL_40_PERCENT) // 40% 2.79V /* 这里用5V作为参考电压
             - */
  44   2              {
  45   3                  /*
C51 COMPILER V9.60.7.0   KNOB_DIMMING                                                      01/26/2026 10:01:40 PAGE 2   

  46   3                      计算验证，这里的ad值如果只相差1，占空比的值也只相差1
  47   3                  */
  48   3                  limited_max_pwm_duty = (u32)adc_val * MAX_PWM_DUTY * 4 / 10 / KNOB_DIMMING_ADC_VAL_40_PERCENT;
  49   3              }
  50   2              // else if (adc_val <= 2641) // 50% 3.14V
  51   2              else if (adc_val <= KNOB_DIMMING_ADC_VAL_50_PERCENT) // 50% 3.46V /* 这里用5V作为参考电压
             - */
  52   2              {
  53   3                  limited_max_pwm_duty = (u32)adc_val * MAX_PWM_DUTY / 2 / KNOB_DIMMING_ADC_VAL_50_PERCENT;
  54   3              }
  55   2              // else if (adc_val <= 3482) // 60% 4.14V
  56   2              else if (adc_val <= KNOB_DIMMING_ADC_VAL_60_PERCENT) // 60% 3.98V /* 这里用5V作为参考电压
             - */
  57   2              {
  58   3                  limited_max_pwm_duty = (u32)adc_val * MAX_PWM_DUTY * 6 / 10 / KNOB_DIMMING_ADC_VAL_60_PERCENT;
  59   3              }
  60   2              // else if (adc_val <= 4087) // 80% 4.86V
  61   2              else if (adc_val <= KNOB_DIMMING_MAX_ADC_VAL) //
  62   2              {
  63   3                  limited_max_pwm_duty = (u32)adc_val * MAX_PWM_DUTY * 8 / 10 / KNOB_DIMMING_MAX_ADC_VAL;
  64   3              }
  65   2              else
  66   2              {
  67   3                  // limited_max_pwm_duty = (u32)adc_val * MAX_PWM_DUTY / 4095;
  68   3                  limited_max_pwm_duty = MAX_PWM_DUTY;
  69   3              }
  70   2      
  71   2              if (0 == limited_max_pwm_duty)
  72   2              {
  73   3                  flag_is_last_limited_equal_zero = 1;
  74   3              }
  75   2          }
  76   1          else // 如果上一次限制的最大占空比是0，则要等旋钮扭到 xx% 的位置再使能旋
             -的功能
  77   1          {
  78   2              if (adc_val >= KNOB_DIMMING_ADC_VAL_20_PERCENT) // 20%再开灯
  79   2              {
  80   3                  flag_is_last_limited_equal_zero = 0;
  81   3              }
  82   2          }
  83   1      }


MODULE INFORMATION:   STATIC OVERLAYABLE
   CODE SIZE        =    298    ----
   CONSTANT SIZE    =   ----    ----
   XDATA SIZE       =      2       2
   PDATA SIZE       =   ----    ----
   DATA SIZE        =   ----    ----
   IDATA SIZE       =   ----    ----
   BIT SIZE         =      1    ----
END OF MODULE INFORMATION.


C51 COMPILATION COMPLETE.  0 WARNING(S),  0 ERROR(S)
