C51 COMPILER V9.60.7.0   LED                                                               07/13/2026 17:16:57 PAGE 1   


C51 COMPILER V9.60.7.0, COMPILATION OF MODULE LED
OBJECT MODULE PLACED IN .\Release\Objects\led.obj
COMPILER INVOKED BY: C:\Keil_v5\C51\BIN\C51.EXE ..\..\User\led.c LARGE OPTIMIZE(9,SIZE) BROWSE ORDER INTVECTOR(0X000C) I
                    -NCDIR(..\..\Libraries\Include;..\..\User;..\..\driver_on_chip) INTERVAL(3) DEBUG OBJECTEXTEND PRINT(.\Release\Listings\l
                    -ed.lst) OBJECT(.\Release\Objects\led.obj)

line level    source

   1          #include "led.h"
   2          #include "pwm.h"
   3          #include "user_test.h"
   4          #include "user_include.h"
   5          #include <string.h>
   6          #include "bat_scan.h"
   7          #include "battery_monitor.h"
   8          
   9          volatile led_ctl_t led_ctl;
  10          
  11          // жҺ§еҲ¶з”өжұ з”өйҮҸжҢҮзӨәзҒҜзҡ„зҠ¶жҖҒпјҡ
  12          volatile led_bat_level_anim_sta_t led_bat_level_sta = LED_BAT_LEVEL_STA_IDLE;
  13          volatile u8 led_charge_anim_phase = 0; // е……з”өејҖе§Ӣзҡ„еҠЁз”»йҳ¶ж®өпјҢ0пјҡзҒҜе…үе…ЁзҒӯпјҢ1пјҡејҖе§ӢзӮ№дә
             -®з¬¬дёҖдёӘзҒҜ
  14          volatile u16 led_charge_anim_cnt = 0;
  15          // е……ж»ЎеҗҺеҝ«йҖҹеЎ«е……жҳҫзӨәзҡ„и®Ўж—¶е’Ңйҳ¶ж®өпјҲзҹӯж—¶й—ҙеҶ…йҖҗжЎЈдёҠеҚҮпјү
  16          static volatile u32 led_quick_fill_cnt = 0; // ms и®Ўж—¶
  17          // жҜҸж¬ЎеЎ«е……еҲ°дёӢдёҖдёӘжЎЈдҪҚж—¶пјҢеўһеҠ  led_charge_anim_phaseпјҢжңҖеӨҡеҲ° 3пјҲеҜ№еә” 75%пјүпјҢз„¶еҗҺ
             -жңҖз»ҲзӮ№дә® 100%
  18          
  19          // еӯҳж”ҫз”өжұ з”өйҮҸжҢҮзӨәзҒҜзҠ¶жҖҒпјҲдёҚеҢ…жӢ¬жҢҮзӨәзҒҜе…ЁйғЁе…ій—ӯзҡ„зҠ¶жҖҒпјүпјҡ
  20          // volatile led_bat_lev_sta_t last_led_bat_lev_sta = 0;
  21          volatile led_bat_lev_sta_t led_bat_lev_sta = 0;
  22          
  23          // з”өжұ жҢҮзӨәзҒҜи·ізә§еҗ‘дёӢзҡ„еҺ»жҠ–ж—¶й—ҙпјҲmsпјүпјҢеҸ‘з”ҹи·ізә§ж—¶пјҢжҜҸйҡ”иҜҘж—¶й—ҙйҷҚдёҖжЎЈ
  24          #define LED_BAT_JUMP_DOWN_DEBOUNCE_MS ((u32)10 * 60 * 1000)
  25          // е……з”өе®ҢжҲҗеҗҺеҝ«йҖҹеЎ«е……жҜҸжЎЈй—ҙйҡ”пјҲmsпјүпјҢзҹӯж—¶й—ҙеҶ…йҖҗжЎЈдёҠеҚҮжҳҫзӨә
  26          #define LED_CHARGE_QUICK_FILL_INTERVAL_MS ((u32)1 * 60 * 1000)
  27          
  28          void led_init(void)
  29          {
  30   1          // 100% з”өйҮҸжҢҮзӨәзҒҜ
  31   1          P1_MD0 &= ~GPIO_P13_MODE_SEL(0x03);
  32   1          P1_MD0 |= GPIO_P13_MODE_SEL(0x01); // иҫ“еҮә
  33   1          P13 = 0;
  34   1          FOUT_S13 = GPIO_FOUT_AF_FUNC;
  35   1      
  36   1          // 75% з”өйҮҸжҢҮзӨәзҒҜ
  37   1          P0_MD1 &= ~GPIO_P06_MODE_SEL(0x03);
  38   1          P0_MD1 |= GPIO_P06_MODE_SEL(0x01);
  39   1          P06 = 0; // дёҚзӮ№дә®жҢҮзӨәзҒҜ
  40   1          FOUT_S06 = GPIO_FOUT_AF_FUNC;
  41   1      
  42   1          // 50% з”өйҮҸжҢҮзӨәзҒҜ
  43   1          P0_MD1 &= ~GPIO_P05_MODE_SEL(0x03);
  44   1          P0_MD1 |= GPIO_P05_MODE_SEL(0x01);
  45   1          P05 = 0; // дёҚзӮ№дә®жҢҮзӨәзҒҜ
  46   1          FOUT_S05 = GPIO_FOUT_AF_FUNC;
  47   1      
  48   1          // 25% з”өйҮҸжҢҮзӨәзҒҜ
  49   1          P0_MD0 &= ~GPIO_P00_MODE_SEL(0x03);
  50   1          P0_MD0 |= GPIO_P00_MODE_SEL(0x01);
  51   1          P00 = 0; // дёҚзӮ№дә®жҢҮзӨәзҒҜ
C51 COMPILER V9.60.7.0   LED                                                               07/13/2026 17:16:57 PAGE 2   

  52   1          FOUT_S00 = GPIO_FOUT_AF_FUNC;
  53   1      
  54   1          // P01 и“қзҒҜ
  55   1          P0_MD0 &= ~GPIO_P01_MODE_SEL(0x03);
  56   1          P0_MD0 |= GPIO_P01_MODE_SEL(0x01); // иҫ“еҮәжЁЎејҸ
  57   1          P01 = 1;
  58   1          FOUT_S01 = GPIO_FOUT_AF_FUNC;
  59   1      
  60   1          // P02 зәўзҒҜ
  61   1          P0_MD0 &= ~GPIO_P02_MODE_SEL(0x03);
  62   1          P0_MD0 |= GPIO_P02_MODE_SEL(0x01); // иҫ“еҮәжЁЎејҸ
  63   1          P02 = 1;
  64   1          FOUT_S02 = GPIO_FOUT_AF_FUNC;
  65   1      }
  66          
  67          void led_ctl_init(void)
  68          {
  69   1          // led_ctl.status = LED_STATUS_OFF;
  70   1          // led_ctl.cnt = 0;
  71   1          // led_ctl.cur_pwm_duty_val = PWM_DUTY_VAL_PERCENT_0;
  72   1          // led_ctl.is_slowly_adjust_end = 0;
  73   1          // led_ctl.adjust_time_cnt = 0;
  74   1          // led_ctl.working_time = 0;
  75   1      
  76   1          // зӣ®еүҚеҸҜд»Ҙз”ЁиҝҷдёӘжқҘд»Јжӣҝ
  77   1          memset(&led_ctl, 0, sizeof(led_ctl_t));
  78   1      }
  79          
  80          /**
  81           * @brief еҲқе§ӢеҢ–з”өжұ з”өйҮҸжҢҮзӨәзҒҜеҜ№еә”зҡ„зҠ¶жҖҒ
  82           *      еҸӘеңЁз¬¬дёҖж¬ЎдёҠз”өеҗҺи°ғз”Ё
  83           *
  84           */
  85          void led_bat_lev_sta_init(u16 voltage_mv)
  86          {
  87   1          static u8 is_initialized = 0;
  88   1          if (is_initialized)
  89   1          {
  90   2              return;
  91   2          }
  92   1      
  93   1          is_initialized = 1;
  94   1      
  95   1          // зӣҙжҺҘж №жҚ®й»„зҷҪзҒҜйғҪзӮ№дә®еҜ№еә”зҡ„з”өжұ з”өеҺӢжқҘеҲ’еҲҶ
  96   1          if (voltage_mv >= BAT_WY_4LED_VOLTAGE)
  97   1          {
  98   2              led_bat_lev_sta = LED_BAT_LEV_STA_4;
  99   2          }
 100   1          else if (voltage_mv >= BAT_WY_3LED_VOLTAGE)
 101   1          {
 102   2              led_bat_lev_sta = LED_BAT_LEV_STA_3;
 103   2          }
 104   1          else if (voltage_mv >= BAT_WY_2LED_VOLTAGE)
 105   1          {
 106   2              led_bat_lev_sta = LED_BAT_LEV_STA_2;
 107   2          }
 108   1          // else if (voltage_mv >=
 109   1          //          (BAT_WY_LOW_WARN_VOLTAGE + BAT_WY_DEAD_ZONE_VOLTAGE))
 110   1          else
 111   1          {
 112   2              led_bat_lev_sta = LED_BAT_LEV_STA_1;
 113   2          }
C51 COMPILER V9.60.7.0   LED                                                               07/13/2026 17:16:57 PAGE 3   

 114   1      }
 115          
 116          void led_yellow_on(void)
 117          {
 118   1          // pwm_set_channel_0_duty(STMR0_PERIOD_30_PERCENT_VAL);
 119   1          pwm_set_channel_0_duty(STMR0_PERIOD_0_PERCENT_VAL);
 120   1          // led_ctl.cur_pwm_duty_val = STMR0_PERIOD_0_PERCENT_VAL;
 121   1          FOUT_S30 = GPIO_FOUT_STMR0_PWMOUT;
 122   1      }
 123          
 124          #if 0
              // еҸӘз”ұ led_resume() и°ғз”Ё
              void __led_yellow_resume__(void)
              {
                  pwm_set_channel_0_duty(led_ctl.cur_pwm_duty_val);
                  FOUT_S30 = GPIO_FOUT_STMR0_PWMOUT;
              }
              #endif
 132          
 133          void led_yellow_off(void)
 134          {
 135   1          P30 = 1;
 136   1          FOUT_S30 = GPIO_FOUT_AF_FUNC;
 137   1      }
 138          
 139          void led_white_on(void)
 140          {
 141   1          // pwm_set_channel_1_duty(STMR1_PERIOD_30_PERCENT_VAL);
 142   1          pwm_set_channel_1_duty(STMR1_PERIOD_0_PERCENT_VAL); //
 143   1          // led_ctl.cur_pwm_duty_val = STMR1_PERIOD_0_PERCENT_VAL;
 144   1          FOUT_S27 = GPIO_FOUT_STMR1_PWMOUT;
 145   1      }
 146          
 147          #if 0
              // еҸӘз”ұ led_resume() и°ғз”Ё
              void __led_white_resume__(void)
              {
                  pwm_set_channel_1_duty(led_ctl.cur_pwm_duty_val);
                  FOUT_S27 = GPIO_FOUT_STMR1_PWMOUT;
              }
              #endif
 155          
 156          void led_white_off(void)
 157          {
 158   1          P27 = 1;
 159   1          FOUT_S27 = GPIO_FOUT_AF_FUNC;
 160   1      }
 161          
 162          void led_status_switch(void)
 163          {
 164   1          // printf("led_ctl.status == %u\n", (u16)led_ctl.status);
 165   1          switch (led_ctl.status)
 166   1          {
 167   2          case LED_STATUS_OFF:
 168   2              // е…ізҒҜ -> жү“ејҖй»„зҒҜ
 169   2              // led_ctl.status = LED_STATUS_YELLOW;
 170   2              // led_yellow_on();
 171   2              led_status_set(LED_STATUS_YELLOW);
 172   2              break;
 173   2          case LED_STATUS_YELLOW:
 174   2              // й»„зҒҜжү“ејҖ -> е…ій—ӯй»„зҒҜпјҢжү“ејҖзҷҪзҒҜ
 175   2              // led_ctl.status = LED_STATUS_WHITE;
C51 COMPILER V9.60.7.0   LED                                                               07/13/2026 17:16:57 PAGE 4   

 176   2              // led_yellow_off();
 177   2              // led_white_on();
 178   2              led_status_set(LED_STATUS_WHITE);
 179   2              break;
 180   2          case LED_STATUS_WHITE:
 181   2              // зҷҪзҒҜжү“ејҖ -> жү“ејҖзҷҪзҒҜпјҢжү“ејҖй»„зҒҜ
 182   2              // led_ctl.status = LED_STATUS_WHITE_YELLOW;
 183   2              // led_yellow_on();
 184   2              led_status_set(LED_STATUS_WHITE_YELLOW);
 185   2              break;
 186   2          case LED_STATUS_WHITE_YELLOW:
 187   2              // зҷҪзҒҜе’Ңй»„зҒҜйғҪжү“ејҖ -> е…ій—ӯй»„зҒҜе’ҢзҷҪзҒҜпјҢжү§иЎҢзәўзҒҜе’Ңи“қзҒҜй—ӘзғҒзҡ„еҠЁз”»пјҲзәўз
             -ҒҜе’Ңи“қзҒҜй—ӘзғҒз”ұе…¶д»–еҮҪж•°жқҘжҺ§еҲ¶пјү
 188   2              // led_ctl.red_blue_flash_time_cnt = 0; // зәўзҒҜе’Ңи“қзҒҜй—ӘзғҒзҡ„ж—¶й—ҙи®Ўж•°жё…йӣ¶
 189   2              // led_ctl.status = LED_STATUS_RED_BLUE_FLASH;
 190   2              // led_yellow_off();
 191   2              // led_white_off();
 192   2              led_status_set(LED_STATUS_RED_BLUE_FLASH);
 193   2              break;
 194   2          case LED_STATUS_RED_BLUE_FLASH:
 195   2              // еҪ“еүҚзәўзҒҜе’Ңи“қзҒҜйғҪй—ӘзғҒ -> е…ій—ӯзәўзҒҜе’Ңи“қзҒҜ
 196   2              // led_ctl.status = LED_STATUS_OFF;
 197   2      
 198   2              // // иҝҷйҮҢиҰҒе…ій—ӯзәўзҒҜе’Ңи“қзҒҜ
 199   2              // LED_RED_OFF();
 200   2              // LED_BLUE_OFF();
 201   2      
 202   2              // led_ctl.working_time = 0;         // е·ҘдҪңж—¶й—ҙжё…йӣ¶
 203   2              // led_ctl.cur_pwm_duty_val = 0;     // PWMеҚ з©әжҜ”еҖјжё…йӣ¶
 204   2              // led_ctl.is_slowly_adjust_end = 0; // иЎЁзӨәжІЎжңүж…ўйҖҹи°ғиҠӮз»“жқҹ
 205   2              led_status_set(LED_STATUS_OFF);
 206   2              break;
 207   2          }
 208   1      }
 209          
 210          // и®ҫзҪ®ledзҒҜзҡ„зҠ¶жҖҒ
 211          void led_status_set(led_status_t status)
 212          {
 213   1          // жҜҸж¬ЎеҲҮжҚўзҠ¶жҖҒж—¶пјҢйғҪжё…з©әе·ҘдҪңж—¶й—ҙ
 214   1          led_ctl.working_time = 0;     // е·ҘдҪңж—¶й—ҙжё…йӣ¶
 215   1          led_ctl.cur_pwm_duty_val = 0; // PWMеҚ з©әжҜ”еҖјжё…йӣ¶пјҲиЎЁзӨәеҪ“еүҚзҒҜе…үдёәжңҖдә®пјү
 216   1          // led_ctl.is_slowly_adjust_end = 0; // иЎЁзӨәжІЎжңүж…ўйҖҹи°ғиҠӮз»“жқҹ
 217   1          led_ctl.adjust_time_cnt = 0;
 218   1      
 219   1          switch (status)
 220   1          {
 221   2          case LED_STATUS_OFF: // е…ізҒҜ
 222   2              led_yellow_off();
 223   2              led_white_off();
 224   2              LED_RED_OFF();
 225   2              LED_BLUE_OFF();
 226   2              break;
 227   2          case LED_STATUS_YELLOW:
 228   2              led_white_off();
 229   2              LED_RED_OFF();
 230   2              LED_BLUE_OFF();
 231   2      
 232   2              led_yellow_on(); // еҸӘдә®й»„зҒҜ
 233   2              break;
 234   2          case LED_STATUS_WHITE:
 235   2              led_yellow_off();
 236   2              LED_RED_OFF();
C51 COMPILER V9.60.7.0   LED                                                               07/13/2026 17:16:57 PAGE 5   

 237   2              LED_BLUE_OFF();
 238   2      
 239   2              led_white_on(); // еҸӘдә®зҷҪзҒҜ
 240   2              break;
 241   2      
 242   2          case LED_STATUS_WHITE_YELLOW:
 243   2              LED_RED_OFF();
 244   2              LED_BLUE_OFF();
 245   2      
 246   2              // еҸӘдә®й»„зҒҜе’ҢзҷҪзҒҜ
 247   2              led_white_on();
 248   2              led_yellow_on();
 249   2              break;
 250   2      
 251   2          case LED_STATUS_RED_BLUE_FLASH: // зәўи“қй—ӘзғҒ
 252   2              led_yellow_off();
 253   2              led_white_off();
 254   2      
 255   2              led_ctl.red_blue_flash_time_cnt = 0;
 256   2              break;
 257   2          }
 258   1      
 259   1          led_ctl.status = status; // йңҖиҰҒжңҖеҗҺеҶҚз»ҷзҠ¶жҖҒиөӢеҖјпјҢеҗҰеҲҷдјҡеңЁе®ҡж—¶еҷЁдёӯж–ӯе…Ҳжү§иЎҢдәҶзӣ
             -ёе…ізҡ„ж“ҚдҪң
 260   1      }
 261          
 262          /**
 263           * @brief зәўзҒҜгҖҒи“қзҒҜй—ӘзғҒзҡ„еҠЁз”»ж•ҲжһңпјҢз”ұе®ҡж—¶еҷЁи°ғз”Ё
 264           *
 265           * @attention иҝӣе…ҘиҜҘеҠЁз”»еүҚпјҢиҰҒе…Ҳз»ҷ led_ctl.red_blue_flash_time_cnt жё…йӣ¶
 266           *
 267           */
 268          void led_red_blue_flash_1ms_isr(void)
 269          {
 270   1          u16 time_in_cycle; // еҗҺз»ӯеҶҚиөӢеҖј
 271   1      
 272   1          if (led_ctl.status != LED_STATUS_RED_BLUE_FLASH)
 273   1          {
 274   2              return;
 275   2          }
 276   1      
 277   1          led_ctl.red_blue_flash_time_cnt++;
 278   1      
 279   1          // е°ҸеҠЁз”»1пјҡзәўзҒҜе’Ңи“қзҒҜзҡ„жіўеҪўй”ҷдҪҚ400msпјҢжңҖејҖе§Ӣи“қзҒҜе…ҲзӮ№дә®пјҢдҪҺз”өе№і200msпјҢй«ҳз
             -”өе№і600msпјҢжҢҒз»ӯ 7.8s
 280   1          if (led_ctl.red_blue_flash_time_cnt <= (u32)7800) // 7.8з§’ = 7800жҜ«з§’
 281   1          {
 282   2              time_in_cycle = led_ctl.red_blue_flash_time_cnt % 800; // 800msе‘Ёжңҹ (200msдҪҺ+600msй«ҳ)
 283   2      
 284   2              // и“қзҒҜе…Ҳдә®пјҢзәўзҒҜе»¶иҝҹ400msдә®
 285   2              if (time_in_cycle < 200) // еүҚ200msпјҢи“қзҒҜдҪҺз”өе№іпјҲдә®пјүпјҢзәўзҒҜй«ҳз”өе№іпјҲзҒӯпјү
 286   2              {
 287   3                  LED_BLUE_ON(); // и“қзҒҜдә®
 288   3                  LED_RED_OFF(); // зәўзҒҜзҒӯ
 289   3              }
 290   2              else if (time_in_cycle < 400) // жҺҘдёӢжқҘ200msпјҢзәўи“қзҒҜйғҪзҒӯ
 291   2              {
 292   3                  LED_BLUE_OFF();
 293   3                  LED_RED_OFF();
 294   3              }
 295   2              else if (time_in_cycle < 600) // еҶҚжҺҘдёӢжқҘ200msпјҢзәўзҒҜдә®пјҲдҪҺз”өе№іпјүпјҢи“қзҒҜзҒӯпјҲй«ҳз”ө
             -е№іпјү
C51 COMPILER V9.60.7.0   LED                                                               07/13/2026 17:16:57 PAGE 6   

 296   2              {
 297   3                  LED_BLUE_OFF();
 298   3                  LED_RED_ON();
 299   3              }
 300   2              else // жңҖеҗҺ200msпјҢзәўи“қзҒҜйғҪзҒӯпјҲй«ҳз”өе№іпјү
 301   2              {
 302   3                  LED_BLUE_OFF();
 303   3                  LED_RED_OFF();
 304   3              }
 305   2          }
 306   1          // е°ҸеҠЁз”»2пјҡзәўзҒҜе’Ңи“қзҒҜжіўеҪўдёҚй”ҷдҪҚпјҢдҪҺз”өе№і230msпјҢй«ҳз”өе№і220msпјҢжҢҒз»ӯ 4.26s
 307   1          else if (led_ctl.red_blue_flash_time_cnt <= (u32)7800 + 4260) // 7.8s + 4.26s = 12060ms
 308   1          {
 309   2              time_in_cycle = (led_ctl.red_blue_flash_time_cnt - 7800) % ((u16)230 + 220); // 450msе‘Ёжңҹ (230ms
             -дҪҺ+220msй«ҳ)
 310   2      
 311   2              if (time_in_cycle < 230) // дҪҺз”өе№і230msпјҢзҒҜдә®пјҲдҪҺз”өе№іпјү
 312   2              {
 313   3                  LED_RED_ON();  // зәўзҒҜдә®
 314   3                  LED_BLUE_ON(); // и“қзҒҜдә®
 315   3              }
 316   2              else // й«ҳз”өе№і220msпјҢзҒҜзҒӯпјҲй«ҳз”өе№іпјү
 317   2              {
 318   3                  LED_RED_OFF();  // зәўзҒҜзҒӯ
 319   3                  LED_BLUE_OFF(); // и“қзҒҜзҒӯ
 320   3              }
 321   2          }
 322   1          // е°ҸеҠЁз”»3пјҡзәўзҒҜе’Ңи“қзҒҜйғҪзҶ„зҒӯпјҲеј•и„ҡиҫ“еҮәй«ҳз”өе№іпјү230msпјҢд№ӢеҗҺи“қзҒҜе…ҲзӮ№дә®40msпј
             -ҢеҶҚзҶ„зҒӯ60msпјҢйҮҚеӨҚ3ж¬ЎпјҢ
 323   1          // еҲ°зәўзҒҜзӮ№дә®40msпјҢзҶ„зҒӯ60msпјҢйҮҚеӨҚ3ж¬ЎпјҢеҶҚеҲ°и“қзҒҜзӮ№дә®40ms...ж•ҙдёӘеҠЁз”»жҢҒз»ӯ6.17s жң
             -ҖеҗҺзәўзҒҜе’Ңи“қзҒҜйғҪзҶ„зҒӯ
 324   1          else if (led_ctl.red_blue_flash_time_cnt <= (u32)7800 + 4260 + 6170) // 12060ms + 6.17s = 18230ms
 325   1          {
 326   2              // еүҚ230msпјҢзәўзҒҜе’Ңи“қзҒҜйғҪзҶ„зҒӯ
 327   2              if (led_ctl.red_blue_flash_time_cnt < (u32)7800 + 4260 + 230)
 328   2              {
 329   3                  LED_RED_OFF();
 330   3                  LED_BLUE_OFF();
 331   3                  return;
 332   3              }
 333   2      
 334   2              // (40 + 60) * 3 * 2пјҢ(зӮ№дә®40ms+зҶ„зҒӯ60ms)*йҮҚеӨҚ3ж¬Ў * 2пјҲзәўзҒҜе’Ңи“қзҒҜпјү
 335   2              time_in_cycle = (led_ctl.red_blue_flash_time_cnt - 7800 - 4260 - 230) % (((u16)40 + 60) * 3 * 2);
 336   2              // и“қзҒҜеҫӘзҺҜпјҡзӮ№дә®40msпјҢзҶ„зҒӯ60msпјҢйҮҚеӨҚ3ж¬Ў
 337   2              if (time_in_cycle < ((u16)40 + 60) * 3)
 338   2              {
 339   3                  LED_RED_OFF();
 340   3                  if ((time_in_cycle % (40 + 60)) < 40)
 341   3                  {
 342   4                      LED_BLUE_ON();
 343   4                  }
 344   3                  else
 345   3                  {
 346   4                      LED_BLUE_OFF();
 347   4                  }
 348   3              }
 349   2              // зәўзҒҜеҫӘзҺҜпјҡзӮ№дә®40msпјҢзҶ„зҒӯ60msпјҢйҮҚеӨҚ3ж¬Ў
 350   2              else
 351   2              {
 352   3                  LED_BLUE_OFF();
 353   3                  if ((time_in_cycle % (40 + 60)) < 40)
 354   3                  {
C51 COMPILER V9.60.7.0   LED                                                               07/13/2026 17:16:57 PAGE 7   

 355   4                      LED_RED_ON();
 356   4                  }
 357   3                  else
 358   3                  {
 359   4                      LED_RED_OFF();
 360   4                  }
 361   3              }
 362   2          }
 363   1          else
 364   1          {
 365   2              LED_RED_OFF();
 366   2              LED_BLUE_OFF();
 367   2              led_ctl.red_blue_flash_time_cnt = 0; // и®Ўж—¶жё…йӣ¶пјҢи®©еҠЁз”»йҮҚж–°ејҖе§Ӣи·‘
 368   2          }
 369   1      }
 370          
 371          // й»„зҒҜгҖҒзҷҪзҒҜгҖҒй»„зҷҪзҒҜзј“ж…ўи°ғиҠӮзҡ„еҠЁз”»ж•Ҳжһң
 372          void led_slow_adjust_isr(void)
 373          {
 374   1          if ((led_ctl.status == LED_STATUS_YELLOW ||
 375   1               led_ctl.status == LED_STATUS_WHITE ||
 376   1               led_ctl.status == LED_STATUS_WHITE_YELLOW))
 377   1          {
 378   2              /*
 379   2                  й»„зҒҜгҖҒзҷҪзҒҜгҖҒй»„зҷҪзҒҜжЁЎејҸдёӢпјҢ
 380   2                  е№¶дё”зј“ж…ўи°ғиҠӮзҒҜе…үзҡ„ж“ҚдҪңжІЎжңүз»“жқҹпјҢ
 381   2                  и®°еҪ•зҒҜе…үе·ҘдҪңж—¶й—ҙпјҢиҝӣиЎҢзј“ж…ўи°ғиҠӮ
 382   2              */
 383   2              if (led_ctl.working_time < ((u32)-1)) // йҳІжӯўи®Ўж•°жәўеҮә
 384   2              {
 385   3                  led_ctl.working_time++;
 386   3              }
 387   2          }
 388   1          else
 389   1          {
 390   2              // дёҚеңЁй»„зҒҜгҖҒзҷҪзҒҜгҖҒй»„зҷҪзҒҜжЁЎејҸпјҢжҲ–иҖ…зј“ж…ўи°ғиҠӮе·Із»Ҹз»“жқҹ
 391   2              return;
 392   2          }
 393   1      
 394   1          if (is_in_charging)
 395   1          {
 396   2              // жӯЈеңЁе……з”өпјҢдҪҶжҳҜеҚ з©әжҜ”жІЎжңүи°ғиҠӮиҮізӣ®ж ҮеҚ з©әжҜ”
 397   2              led_ctl.dest_pwm_duty_val = PWM_DUTY_VAL_PERCENT_X(PWM_DEST_DUTY_PERCENT_DURING_CHARGING);
 398   2      
 399   2              // жҜҸ xx msи°ғиҠӮ1еҚ•дҪҚзҡ„еҚ з©әжҜ”еҖј
 400   2              led_ctl.adjust_time_cnt++;
 401   2              if (led_ctl.adjust_time_cnt >= PWM_DUTY_SLOW_ADJUST_UNIT_DURING_CHARGING)
 402   2              {
 403   3                  led_ctl.adjust_time_cnt = 0;
 404   3                  if (led_ctl.cur_pwm_duty_val < led_ctl.dest_pwm_duty_val)
 405   3                  {
 406   4                      led_ctl.cur_pwm_duty_val++;
 407   4                      if (led_ctl.status == LED_STATUS_YELLOW ||
 408   4                          led_ctl.status == LED_STATUS_WHITE_YELLOW)
 409   4                      {
 410   5                          pwm_set_channel_0_duty(led_ctl.cur_pwm_duty_val);
 411   5                      }
 412   4      
 413   4                      if (led_ctl.status == LED_STATUS_WHITE ||
 414   4                          led_ctl.status == LED_STATUS_WHITE_YELLOW)
 415   4                      {
 416   5                          pwm_set_channel_1_duty(led_ctl.cur_pwm_duty_val);
C51 COMPILER V9.60.7.0   LED                                                               07/13/2026 17:16:57 PAGE 8   

 417   5                      }
 418   4                  }
 419   3              }
 420   2          }
 421   1          else
 422   1          {
 423   2              // жІЎжңүеңЁе……з”ө
 424   2      
 425   2              // 180s д№ӢеҗҺпјҢжҜҸ xx msи°ғиҠӮ1еҚ•дҪҚзҡ„еҚ з©әжҜ”еҖј
 426   2              led_ctl.dest_pwm_duty_val = PWM_DUTY_VAL_PERCENT_X(PWM_DEST_DUTY_PERCENT);
 427   2              led_ctl.adjust_time_cnt++;
 428   2      
 429   2              // еҚ з©әжҜ”и¶Ҡе°ҸпјҢзҒҜе…үдә®еәҰи¶Ҡй«ҳ
 430   2              if (led_ctl.cur_pwm_duty_val < led_ctl.dest_pwm_duty_val)
 431   2              {
 432   3                  // еҰӮжһңеҪ“еүҚеҚ з©әжҜ” е°ҸдәҺ зӣ®ж ҮеҚ з©әжҜ”пјҲеҪ“еүҚзҒҜе…үдә®еәҰеӨ§дәҺзӣ®ж Үдә®еәҰпјү
 433   3                  // иҰҒжҢүз…§ жӯЈеёёе·ҘдҪң зҡ„зј“ж…ўйҖҹеәҰиҝӣиЎҢи°ғиҠӮ
 434   3      
 435   3                  if (led_ctl.working_time <= (u32)180 * 1000)
 436   3                  {
 437   4                      // ејҖзҒҜзҡ„еүҚ180sдёҚи°ғиҠӮ
 438   4                      led_ctl.adjust_time_cnt = 0;
 439   4                      return;
 440   4                  }
 441   3      
 442   3                  if (led_ctl.adjust_time_cnt >= PWM_DUTY_SLOW_ADJUST_UNIT)
 443   3                  {
 444   4                      led_ctl.adjust_time_cnt = 0;
 445   4                      led_ctl.cur_pwm_duty_val++;
 446   4                      if (led_ctl.status == LED_STATUS_YELLOW ||
 447   4                          led_ctl.status == LED_STATUS_WHITE_YELLOW)
 448   4                      {
 449   5                          pwm_set_channel_0_duty(led_ctl.cur_pwm_duty_val);
 450   5                      }
 451   4      
 452   4                      if (led_ctl.status == LED_STATUS_WHITE ||
 453   4                          led_ctl.status == LED_STATUS_WHITE_YELLOW)
 454   4                      {
 455   5                          pwm_set_channel_1_duty(led_ctl.cur_pwm_duty_val);
 456   5                      }
 457   4                  }
 458   3              }
 459   2              else if (led_ctl.cur_pwm_duty_val > led_ctl.dest_pwm_duty_val)
 460   2              {
 461   3                  // еҰӮжһңеҪ“еүҚеҚ з©әжҜ” еӨ§дәҺ зӣ®ж ҮеҚ з©әпјҲеҪ“еүҚзҒҜе…үдә®еәҰе°ҸдәҺзӣ®ж Үдә®еәҰеҖјпјү
 462   3                  // иҰҒжҢүз…§ е……з”өжңҹй—ҙ зҡ„йҖҹеәҰиҝӣиЎҢи°ғиҠӮ
 463   3                  if (led_ctl.adjust_time_cnt >= PWM_DUTY_SLOW_ADJUST_UNIT_DURING_CHARGING)
 464   3                  {
 465   4                      led_ctl.adjust_time_cnt = 0;
 466   4                      led_ctl.cur_pwm_duty_val--;
 467   4                      if (led_ctl.status == LED_STATUS_YELLOW ||
 468   4                          led_ctl.status == LED_STATUS_WHITE_YELLOW)
 469   4                      {
 470   5                          pwm_set_channel_0_duty(led_ctl.cur_pwm_duty_val);
 471   5                      }
 472   4      
 473   4                      if (led_ctl.status == LED_STATUS_WHITE ||
 474   4                          led_ctl.status == LED_STATUS_WHITE_YELLOW)
 475   4                      {
 476   5                          pwm_set_channel_1_duty(led_ctl.cur_pwm_duty_val);
 477   5                      }
 478   4                  }
C51 COMPILER V9.60.7.0   LED                                                               07/13/2026 17:16:57 PAGE 9   

 479   3              }
 480   2          }
 481   1      
 482   1      #if USER_DEBUG_ENABLE
                  // USER_TO_DO жҜҸйҡ”дёҖж®өж—¶й—ҙпјҢеҶҚжү“еҚ°дёҖж¬ЎеҚ з©әжҜ”
                  {
                      static u8 cnt = 0;
                      cnt++;
                      if (cnt >= 100)
                      {
                          cnt = 0;
              
                          // printf("PWM_DUTY_VAL_PERCENT_X(100 - 70) == %u\n", PWM_DUTY_VAL_PERCENT_X(100 - 70));
                          // printf("led_ctl.dest_pwm_duty_val == %u\n", led_ctl.dest_pwm_duty_val);
                          // printf("cur_pwm_duty_val = %u\n", led_ctl.cur_pwm_duty_val);
                      }
                  }
              #endif
 497   1      }
 498          
 499          /**
 500           * @brief е……з”өжҲ–ж”ҫз”өж—¶пјҢз”өжұ з”өйҮҸжҢҮзӨәзҒҜзҡ„еҠЁз”»
 501           *
 502           * еӨ–йғЁеҸӮж•°пјҡ е…ЁеұҖеҸҳйҮҸ bat_percent пјҢз”өжұ з”өйҮҸзҷҫеҲҶжҜ”
 503           *
 504           * зӣ®еүҚ 1ms и°ғз”ЁдёҖж¬Ў
 505           *
 506           */
 507          void led_bat_instruction_timer_callback(void)
 508          {
 509   1          if (led_bat_level_sta == LED_BAT_LEVEL_STA_IDLE)
 510   1          {
 511   2              LED_100_PERCENT_OFF();
 512   2              LED_75_PERCENT_OFF();
 513   2              LED_50_PERCENT_OFF();
 514   2              LED_25_PERCENT_OFF();
 515   2          }
 516   1          else if (led_bat_level_sta == LED_BAT_LEVEL_STA_CHARGE_BEGIN)
 517   1          {
 518   2              LED_100_PERCENT_OFF();
 519   2              LED_75_PERCENT_OFF();
 520   2              LED_50_PERCENT_OFF();
 521   2              LED_25_PERCENT_OFF();
 522   2              led_charge_anim_phase = 0;
 523   2              led_charge_anim_cnt = 0;
 524   2              led_quick_fill_cnt = 0;
 525   2              led_bat_level_sta = LED_BAT_LEVEL_STA_CHARGE_BEGIN_ANIM;
 526   2          }
 527   1          else if (led_bat_level_sta == LED_BAT_LEVEL_STA_CHARGE_BEGIN_ANIM)
 528   1          {
 529   2              led_charge_anim_cnt++;
 530   2              if (led_charge_anim_cnt >= 500)
 531   2              {
 532   3                  led_charge_anim_cnt = 0;
 533   3      
 534   3                  if (led_charge_anim_phase == 0 &&
 535   3                      LED_BAT_LEV_STA_1 <= led_bat_lev_sta)
 536   3                  {
 537   4                      LED_25_PERCENT_ON();
 538   4                      led_charge_anim_phase = 1;
 539   4                  }
 540   3                  else if (led_charge_anim_phase == 1 &&
C51 COMPILER V9.60.7.0   LED                                                               07/13/2026 17:16:57 PAGE 10  

 541   3                           LED_BAT_LEV_STA_2 <= led_bat_lev_sta)
 542   3                  {
 543   4                      LED_50_PERCENT_ON();
 544   4                      led_charge_anim_phase = 2;
 545   4                  }
 546   3                  else if (led_charge_anim_phase == 2 &&
 547   3                           LED_BAT_LEV_STA_3 <= led_bat_lev_sta)
 548   3                  {
 549   4                      LED_75_PERCENT_ON();
 550   4                      led_charge_anim_phase = 3;
 551   4                  }
 552   3                  else
 553   3                  {
 554   4                      led_charge_anim_cnt = 0;
 555   4                      led_bat_level_sta = LED_BAT_LEVEL_STA_CHARGING;
 556   4                  }
 557   3              }
 558   2          }
 559   1          else if (led_bat_level_sta == LED_BAT_LEVEL_STA_CHARGING)
 560   1          {
 561   2              // жӯЈеңЁе……з”өпјҢи®©еҪ“еүҚз”өйҮҸеҜ№еә”зҡ„жҢҮзӨәзҒҜй—ӘзғҒпјҲеҸӘй—ӘзғҒдёҖдёӘзҒҜпјү
 562   2              // led_charge_anim_cnt == 0пјҢиҜҙжҳҺеҲҡиҝӣе…ҘиҝҷдёӘйҳ¶ж®өпјҢд№ҹйңҖиҰҒеҜ№еә”зҡ„жҢҮзӨәзҒҜзҠ¶жҖҒзҝ»иҪ
             -¬дёҖж¬Ў
 563   2              if (led_charge_anim_cnt >= 500 || led_charge_anim_cnt == 0)
 564   2              {
 565   3                  led_charge_anim_cnt = 0;
 566   3      
 567   3                  // ж №жҚ® LED_BAT_LEVEL_STA_CHARGE_BEGIN_ANIM жңҹй—ҙжӣҙж–°зҡ„еҖјпјҢи®©еҜ№еә”зҡ„жҢҮзӨәзҒҜй—ӘзғҒ
 568   3                  switch (led_charge_anim_phase)
 569   3                  {
 570   4                  case 0:
 571   4                      LED_25_PERCENT_TOGGLE();
 572   4                      break;
 573   4                  case 1:
 574   4                      LED_50_PERCENT_TOGGLE();
 575   4                      break;
 576   4                  case 2:
 577   4                      LED_75_PERCENT_TOGGLE();
 578   4                      break;
 579   4                  case 3:
 580   4                      LED_100_PERCENT_TOGGLE();
 581   4                      break;
 582   4                  }
 583   3      
 584   3                  if ((is_in_charging_by_charger || // йҖҡиҝҮе……з”өеҷЁе……з”өпјҢжҲ–иҖ…йҖҡиҝҮеӨӘйҳіиғҪе……з”ө
 585   3                       is_in_charging_by_solar_panel) &&
 586   3                      is_charging_ic_stop) // е……з”өICжҠҘе‘ҠеҒңжӯўпјҢи®Өдёәе……ж»Ўз”өпјҢиҝӣе…Ҙеҝ«йҖҹеЎ«е……жҳҫзӨәз
             -Ҡ¶жҖҒ
 587   3                  {
 588   4                      // еҰӮжһңе·Із»ҸжҳҜж»Ўз”өжҳҫзӨәпјҢзӣҙжҺҘж Үи®°дёәе……ж»Ў
 589   4                      if (led_bat_lev_sta >= LED_BAT_LEV_STA_4)
 590   4                      {
 591   5                          led_bat_level_sta = LED_BAT_LEVEL_STA_CHARGE_END;
 592   5                      }
 593   4                      else
 594   4                      {
 595   5                          // еҝ«йҖҹеЎ«е……пјҡд»Ҙиҫғзҹӯж—¶й—ҙйҖҗжЎЈдёҠеҚҮжҳҫзӨәпјҲз”ұ led_quick_fill_cnt й©ұеҠЁпјү
 596   5                          if (led_quick_fill_cnt < ((u32)-1))
 597   5                          {
 598   6                              led_quick_fill_cnt++;
 599   6                          }
 600   5      
C51 COMPILER V9.60.7.0   LED                                                               07/13/2026 17:16:57 PAGE 11  

 601   5                          if (led_quick_fill_cnt >= LED_CHARGE_QUICK_FILL_INTERVAL_MS)
 602   5                          {
 603   6                              led_quick_fill_cnt = 0;
 604   6      
 605   6                              /*
 606   6                                  REVIEW, еҰӮжһң led_bat_lev_sta е’Ң led_charge_anim_phase
 607   6                                  зҡ„ж•°еҖје№¶дёҚеҜ№еә”пјҢиҝҷйҮҢйңҖиҰҒйҮҚж–°жҳ е°„пјҢе»әз«ӢеҜ№еә”е…ізі»
 608   6                              */
 609   6                              led_bat_lev_sta++;
 610   6                              led_charge_anim_phase = led_bat_lev_sta;
 611   6                          }
 612   5                      }
 613   4                  }
 614   3                  else if (charge_time_cnt >= BAT_CHARGE_3LED_TIME &&
 615   3                           (led_charge_anim_phase == 2 ||
 616   3                            led_charge_anim_phase == 3))
 617   3                  {
 618   4                      led_charge_anim_phase = 3;
 619   4                      LED_75_PERCENT_ON(); //
 620   4      
 621   4                      led_bat_lev_sta = LED_BAT_LEV_STA_3;
 622   4                  }
 623   3                  else if (charge_time_cnt >= BAT_CHARGE_2LED_TIME &&
 624   3                           (led_charge_anim_phase == 1 ||
 625   3                            led_charge_anim_phase == 2))
 626   3                  {
 627   4                      led_charge_anim_phase = 2;
 628   4                      LED_50_PERCENT_ON(); //
 629   4      
 630   4                      led_bat_lev_sta = LED_BAT_LEV_STA_2;
 631   4                  }
 632   3                  else if (charge_time_cnt >= BAT_CHARGE_1LED_TIME &&
 633   3                           (led_charge_anim_phase == 0 ||
 634   3                            led_charge_anim_phase == 1))
 635   3                  {
 636   4                      led_charge_anim_phase = 1;
 637   4                      LED_25_PERCENT_ON(); //
 638   4      
 639   4                      led_bat_lev_sta = LED_BAT_LEV_STA_1;
 640   4                  }
 641   3              }
 642   2      
 643   2              led_charge_anim_cnt++;
 644   2          }
 645   1          else if (led_bat_level_sta == LED_BAT_LEVEL_STA_CHARGE_END)
 646   1          {
 647   2              // е·Із»Ҹе……ж»Ўз”ө
 648   2              LED_100_PERCENT_ON();
 649   2              LED_75_PERCENT_ON();
 650   2              LED_50_PERCENT_ON();
 651   2              LED_25_PERCENT_ON();
 652   2              led_bat_lev_sta = LED_BAT_LEV_STA_4;
 653   2          }
 654   1          else if (led_bat_level_sta == LED_BAT_LEVEL_STA_DISCHARGE)
 655   1          {
 656   2              // ж”ҫз”өдёӯ
 657   2              static volatile u8 blink_cnt = 0;         // й—ӘзғҒи®Ўж•°
 658   2              static volatile u32 jump_down_cnt_ms = 0; // и·ізә§еҗ‘дёӢзҡ„еҺ»жҠ–и®Ўж—¶пјҲmsпјү
 659   2      
 660   2              if (is_in_low_bat_alert)
 661   2              {
 662   3                  // жӯЈеңЁдҪҺз”өйҮҸжҠҘиӯҰ
C51 COMPILER V9.60.7.0   LED                                                               07/13/2026 17:16:57 PAGE 12  

 663   3                  // и®©жҢҮзӨәзҒҜд»Ҙ 1Hz йў‘зҺҮй—ӘзғҒ
 664   3                  LED_100_PERCENT_OFF();
 665   3                  LED_75_PERCENT_OFF();
 666   3                  LED_50_PERCENT_OFF();
 667   3      
 668   3                  blink_cnt++;
 669   3                  if (blink_cnt >= 500)
 670   3                  {
 671   4                      blink_cnt = 0;
 672   4                      LED_25_PERCENT_TOGGLE();
 673   4                  }
 674   3      
 675   3                  led_bat_lev_sta = LED_BAT_LEV_STA_ALERT;
 676   3                  jump_down_cnt_ms = 0;
 677   3              }
 678   2              else
 679   2              {
 680   3      
 681   3                  u8 target_level = LED_BAT_LEV_STA_4;
 682   3                  blink_cnt = 0; // дёҚеңЁдҪҺз”өйҮҸжҠҘиӯҰпјҢжё…з©әдҪҺз”өйҮҸжҠҘиӯҰзҡ„й—ӘзғҒи®Ўж•°
 683   3      
 684   3                  if (led_ctl.status == LED_STATUS_YELLOW ||
 685   3                      led_ctl.status == LED_STATUS_WHITE ||
 686   3                      led_ctl.status == LED_STATUS_RED_BLUE_FLASH)
 687   3                  {
 688   4                      // еҸӘжңүдёҖз§ҚзҒҜдә®пјҲsingle lightпјү
 689   4                      if (discharge_time_cnt >= BAT_SINGLE_LIGHT_LOW_WARN_TIME &&
 690   4                          avg_voltage_mv <
 691   4                              (BAT_SINGLE_LIGHT_LOW_WARN_VOLTAGE -
 692   4                               BAT_SINGLE_LIGHT_DEAD_ZONE_VOLTAGE))
 693   4                      {
 694   5                          is_in_low_bat_alert = 1;
 695   5                          target_level = LED_BAT_LEV_STA_ALERT;
 696   5                      }
 697   4                      else if (discharge_time_cnt >= BAT_SINGLE_LIGHT_1LED_TIME &&
 698   4                               avg_voltage_mv <
 699   4                                   (BAT_SINGLE_LIGHT_2LED_VOLTAGE -
 700   4                                    BAT_SINGLE_LIGHT_DEAD_ZONE_VOLTAGE))
 701   4                      {
 702   5                          target_level = LED_BAT_LEV_STA_1;
 703   5                      }
 704   4                      else if (discharge_time_cnt >= BAT_SINGLE_LIGHT_2LED_TIME &&
 705   4                               avg_voltage_mv <
 706   4                                   (BAT_SINGLE_LIGHT_3LED_VOLTAGE -
 707   4                                    BAT_SINGLE_LIGHT_DEAD_ZONE_VOLTAGE))
 708   4                      {
 709   5                          target_level = LED_BAT_LEV_STA_2;
 710   5                      }
 711   4                      else if (discharge_time_cnt >= BAT_SINGLE_LIGHT_3LED_TIME &&
 712   4                               avg_voltage_mv <
 713   4                                   (BAT_SINGLE_LIGHT_4LED_VOLTAGE -
 714   4                                    BAT_SINGLE_LIGHT_DEAD_ZONE_VOLTAGE))
 715   4                      {
 716   5                          target_level = LED_BAT_LEV_STA_3;
 717   5                      }
 718   4                      else
 719   4                      {
 720   5                          target_level = LED_BAT_LEV_STA_4;
 721   5                      }
 722   4                  }
 723   3                  else if (led_ctl.status == LED_STATUS_WHITE_YELLOW)
 724   3                  {
C51 COMPILER V9.60.7.0   LED                                                               07/13/2026 17:16:57 PAGE 13  

 725   4                      // й»„зҷҪзҒҜйғҪдә®
 726   4                      if (discharge_time_cnt >= BAT_WY_LOW_WARN_TIME &&
 727   4                          avg_voltage_mv <
 728   4                              (BAT_WY_LOW_WARN_VOLTAGE -
 729   4                               BAT_WY_DEAD_ZONE_VOLTAGE))
 730   4                      {
 731   5                          is_in_low_bat_alert = 1;
 732   5                          target_level = LED_BAT_LEV_STA_ALERT;
 733   5                      }
 734   4                      else if (discharge_time_cnt >= BAT_WY_1LED_TIME &&
 735   4                               avg_voltage_mv <
 736   4                                   (BAT_WY_2LED_VOLTAGE -
 737   4                                    BAT_WY_DEAD_ZONE_VOLTAGE))
 738   4                      {
 739   5                          target_level = LED_BAT_LEV_STA_1;
 740   5                      }
 741   4                      else if (discharge_time_cnt >= BAT_WY_2LED_TIME &&
 742   4                               avg_voltage_mv <
 743   4                                   (BAT_WY_3LED_VOLTAGE -
 744   4                                    BAT_WY_DEAD_ZONE_VOLTAGE))
 745   4                      {
 746   5                          target_level = LED_BAT_LEV_STA_2;
 747   5                      }
 748   4                      else if (discharge_time_cnt >= BAT_WY_3LED_TIME &&
 749   4                               avg_voltage_mv <
 750   4                                   (BAT_WY_4LED_VOLTAGE -
 751   4                                    BAT_WY_DEAD_ZONE_VOLTAGE))
 752   4                      {
 753   5                          target_level = LED_BAT_LEV_STA_3;
 754   5                      }
 755   4                      else
 756   4                      {
 757   5                          target_level = LED_BAT_LEV_STA_4;
 758   5                      }
 759   4                  }
 760   3      
 761   3                  // еҰӮжһңзӣ®ж Үзӯүзә§й«ҳдәҺжҲ–зӯүдәҺеҪ“еүҚжҳҫзӨәзӯүзә§пјҢз«ӢеҚіжӣҙж–°е№¶жё…йҷӨи·ізә§и®Ўж—¶
 762   3                  if (target_level >= led_bat_lev_sta)
 763   3                  {
 764   4                      jump_down_cnt_ms = 0;
 765   4                      led_bat_lev_sta = target_level;
 766   4                      // з«ӢеҚіжӣҙж–°жҳҫзӨә
 767   4                      switch (led_bat_lev_sta)
 768   4                      {
 769   5                      case LED_BAT_LEV_STA_ALERT:
 770   5                          LED_100_PERCENT_OFF();
 771   5                          LED_75_PERCENT_OFF();
 772   5                          LED_50_PERCENT_OFF();
 773   5                          LED_25_PERCENT_ON();
 774   5                          break;
 775   5                      case LED_BAT_LEV_STA_1:
 776   5                          LED_100_PERCENT_OFF();
 777   5                          LED_75_PERCENT_OFF();
 778   5                          LED_50_PERCENT_OFF();
 779   5                          LED_25_PERCENT_ON();
 780   5                          break;
 781   5                      case LED_BAT_LEV_STA_2:
 782   5                          LED_100_PERCENT_OFF();
 783   5                          LED_75_PERCENT_OFF();
 784   5                          LED_50_PERCENT_ON();
 785   5                          LED_25_PERCENT_ON();
 786   5                          break;
C51 COMPILER V9.60.7.0   LED                                                               07/13/2026 17:16:57 PAGE 14  

 787   5                      case LED_BAT_LEV_STA_3:
 788   5                          LED_100_PERCENT_OFF();
 789   5                          LED_75_PERCENT_ON();
 790   5                          LED_50_PERCENT_ON();
 791   5                          LED_25_PERCENT_ON();
 792   5                          break;
 793   5                      default:
 794   5                          LED_100_PERCENT_ON();
 795   5                          LED_75_PERCENT_ON();
 796   5                          LED_50_PERCENT_ON();
 797   5                          LED_25_PERCENT_ON();
 798   5                          break;
 799   5                      }
 800   4                  }
 801   3                  else if ((target_level + 1) < led_bat_lev_sta ||
 802   3                           target_level == LED_BAT_LEV_STA_1)
 803   3                  {
 804   4                      /*
 805   4                          зӣ®ж Үзӯүзә§жҜ”еҪ“еүҚжҳҫзӨәзӯүзә§иҝҳиҰҒдҪҺ2зә§пјҢжҲ–иҖ…жҳҜзӣ®ж Үзӯүзә§е·Із»ҸжҳҜ1зә§пјҢ
 806   4                          жҢүжҜҸж¬ЎйҷҚдёҖжЎЈзҡ„зӯ–з•ҘпјҢжҜҸйҡ” LED_BAT_JUMP_DOWN_DEBOUNCE_MS йҷҚдёҖжЎЈ
 807   4                      */
 808   4                      if (jump_down_cnt_ms < ((u32)-1))
 809   4                      {
 810   5                          jump_down_cnt_ms++;
 811   5                      }
 812   4      
 813   4                      if (jump_down_cnt_ms >= LED_BAT_JUMP_DOWN_DEBOUNCE_MS)
 814   4                      {
 815   5                          jump_down_cnt_ms = 0;
 816   5                          if (led_bat_lev_sta > LED_BAT_LEV_STA_1)
 817   5                          {
 818   6                              led_bat_lev_sta--;
 819   6                          }
 820   5      
 821   5                          // жӣҙж–°жҳҫзӨәеҲ°ж–°зҡ„жЎЈдҪҚ
 822   5                          switch (led_bat_lev_sta)
 823   5                          {
 824   6                          case LED_BAT_LEV_STA_1:
 825   6                              LED_100_PERCENT_OFF();
 826   6                              LED_75_PERCENT_OFF();
 827   6                              LED_50_PERCENT_OFF();
 828   6                              LED_25_PERCENT_ON();
 829   6                              break;
 830   6                          case LED_BAT_LEV_STA_2:
 831   6                              LED_100_PERCENT_OFF();
 832   6                              LED_75_PERCENT_OFF();
 833   6                              LED_50_PERCENT_ON();
 834   6                              LED_25_PERCENT_ON();
 835   6                              break;
 836   6                          case LED_BAT_LEV_STA_3:
 837   6                              LED_100_PERCENT_OFF();
 838   6                              LED_75_PERCENT_ON();
 839   6                              LED_50_PERCENT_ON();
 840   6                              LED_25_PERCENT_ON();
 841   6                              break;
 842   6                          default:
 843   6                              LED_100_PERCENT_ON();
 844   6                              LED_75_PERCENT_ON();
 845   6                              LED_50_PERCENT_ON();
 846   6                              LED_25_PERCENT_ON();
 847   6                              break;
 848   6                          }
C51 COMPILER V9.60.7.0   LED                                                               07/13/2026 17:16:57 PAGE 15  

 849   5                      }
 850   4                  }
 851   3              }
 852   2          }
 853   1      }


MODULE INFORMATION:   STATIC OVERLAYABLE
   CODE SIZE        =   2067    ----
   CONSTANT SIZE    =   ----    ----
   XDATA SIZE       =     29       4
   PDATA SIZE       =   ----    ----
   DATA SIZE        =   ----    ----
   IDATA SIZE       =   ----    ----
   BIT SIZE         =   ----    ----
END OF MODULE INFORMATION.


C51 COMPILATION COMPLETE.  0 WARNING(S),  0 ERROR(S)
