C51 COMPILER V9.60.7.0   LED_BAT_LEV                                                       07/17/2026 18:50:04 PAGE 1   


C51 COMPILER V9.60.7.0, COMPILATION OF MODULE LED_BAT_LEV
OBJECT MODULE PLACED IN .\Release\Objects\led_bat_lev.obj
COMPILER INVOKED BY: C:\Keil_v5\C51\BIN\C51.EXE ..\..\User\led_bat_lev.c LARGE OPTIMIZE(9,SIZE) BROWSE ORDER INTVECTOR(0
                    -X000C) INCDIR(..\..\Libraries\Include;..\..\User;..\..\driver_on_chip) INTERVAL(3) DEBUG OBJECTEXTEND PRINT(.\Release\Li
                    -stings\led_bat_lev.lst) OBJECT(.\Release\Objects\led_bat_lev.obj)

line level    source

   1          #include "led_bat_lev.h"
   2          #include "led.h"
   3          
   4          #include "bat_scan.h"
   5          #include "charge_det.h"
   6          #include "bluetooth_ic_handle.h"
   7          #include "battery_monitor.h"
   8          
   9          // зФµж±†зФµйЗПжМЗз§ЇзБѓжМ°дљН
  10          volatile led_bat_lev_t led_bat_lev = LED_BAT_LEV_OFF;
  11          // зФµж±†зФµйЗПжМЗз§ЇзБѓзКґжАБ
  12          volatile led_bat_lev_sta_t led_bat_lev_sta = LED_BAT_LEV_STA_IDLE;
  13          
  14          // еЕЕзФµжЧґпЉМжОІеИґзФµж±†зФµйЗПжМЗз§ЇзБѓпЉЪ
  15          // жОІеИґзФµж±†зФµйЗПжМЗз§ЇзБѓзЪДзКґжАБпЉЪ
  16          static volatile u8 led_charge_anim_phase = 0; // еЕЕзФµеЉАеІЛзЪДеК®зФїйШґжЃµпЉМ0пЉЪзБѓеЕЙеЕ®зБ≠пЉМ1пЉЪеЉАе
             -ІЛзВєдЇЃзђђдЄАдЄ™зБѓ
  17          static volatile u16 led_charge_anim_cnt = 0;  // еЕЕзФµеК®зФїиЃ°жХ∞
  18          
  19          /**
  20           * @brief ж†єжНЃзФµеОЛеАЉеИЭеІЛеМЦзФµж±†зФµйЗПжМЗз§ЇзБѓжМ°дљН
  21           *
  22           *              зЫЃеЙНеП™еЬ®зђђдЄАжђ°дЄКзФµеРОи∞ГзФ®
  23           *
  24           */
  25          void led_bat_lev_init_by_vol(u16 voltage_mv)
  26          {
  27   1              if (voltage_mv < BATTERY_EMPTY_VOLTAGE)
  28   1              {
  29   2                      led_bat_lev = LED_BAT_LEV_OFF;
  30   2              }
  31   1              else if (voltage_mv < BATTERY_LOW_WARNING_VOLTAGE)
  32   1              {
  33   2                      led_bat_lev = LED_BAT_LEV_ALERT;
  34   2              }
  35   1              else if (voltage_mv < BAT_WY_1LED_VOLTAGE)
  36   1              {
  37   2                      led_bat_lev = LED_BAT_LEV_1;
  38   2              }
  39   1              else if (voltage_mv < BAT_WY_2LED_VOLTAGE)
  40   1              {
  41   2                      led_bat_lev = LED_BAT_LEV_2;
  42   2              }
  43   1              else if (voltage_mv < BAT_WY_3LED_VOLTAGE)
  44   1              {
  45   2                      led_bat_lev = LED_BAT_LEV_3;
  46   2              }
  47   1              else
  48   1              {
  49   2                      led_bat_lev = LED_BAT_LEV_4;
  50   2              }
  51   1      }
  52          
C51 COMPILER V9.60.7.0   LED_BAT_LEV                                                       07/17/2026 18:50:04 PAGE 2   

  53          void led_bat_lev_handle(void)
  54          {
  55   1              if (is_in_charging &&
  56   1                      (led_bat_lev_sta != LED_BAT_LEV_STA_CHARGE_BEGIN &&
  57   1                       led_bat_lev_sta != LED_BAT_LEV_STA_CHARGE_BEGIN_ANIM &&
  58   1                       led_bat_lev_sta != LED_BAT_LEV_STA_CHARGING &&
  59   1                       led_bat_lev_sta != LED_BAT_LEV_STA_CHARGE_END))
  60   1              {
  61   2                      // ж£АжµЛеИ∞ж≠£еЬ®еЕЕзФµпЉМзФµж±†зФµйЗПжМЗз§ЇзБѓеНідЄНеЬ®еЕЕзФµеѓєеЇФзЪДзКґжАБпЉМеИЩињЫеЕ•еЕЕзФµеЉАеІЛзЪ
             -ДзКґжАБ
  62   2                      led_bat_lev_sta = LED_BAT_LEV_STA_CHARGE_BEGIN;
  63   2              }
  64   1              else if (is_in_charging == 0 &&
  65   1                               ble_ic.is_working == 0 &&
  66   1                               led_ctl.status == LED_STATUS_OFF &&
  67   1                               0 == is_in_discharging) // еЕЕзФµicж≤°жЬЙиЊУеЗЇжФЊзФµзЪДдњ°еПЈ
  68   1              {
  69   2                      /*
  70   2                              дЄНеЬ®еЕЕзФµ
  71   2                              иУЭзЙЩicж≤°жЬЙеЈ•дљЬ
  72   2                              дЄїзБѓеЕЙж≤°жЬЙжЙУеЉА
  73   2                              еЕЕзФµICж≤°жЬЙиЊУеЗЇжФЊзФµзЪДдњ°еПЈ
  74   2                              ињЩдЇЫжЭ°дїґйГљжї°иґ≥жЧґпЉМзФµж±†зФµйЗПжМЗз§ЇзБѓињЫеЕ•еЊЕжЬЇзКґжАБ
  75   2                      */
  76   2                      led_bat_lev_sta = LED_BAT_LEV_STA_IDLE;
  77   2              }
  78   1              else if (is_in_charging == 0 &&
  79   1                               (ble_ic.is_working ||
  80   1                                led_ctl.status != LED_STATUS_OFF ||
  81   1                                is_in_discharging))
  82   1              {
  83   2                      if (led_bat_lev_sta != LED_BAT_LEV_STA_DISCHARGE &&
  84   2                              led_bat_lev_sta != LED_BAT_LEV_STA_ALERT)
  85   2                      {
  86   3                              // дЄНеЬ®жФЊзФµпЉМдєЯдЄНеЬ®жФЊзФµдљОзФµйЗПжПРз§ЇзКґжАБпЉМжЙНињЫеЕ•жФЊзФµзКґжАБ
  87   3                              led_bat_lev_sta = LED_BAT_LEV_STA_DISCHARGE;
  88   3                      }
  89   2              }
  90   1      }
  91          
  92          // жФЊзФµжЧґпЉМзФµж±†зФµйЗПжМЗз§ЇзБѓзЪДе§ДзРЖеЗљжХ∞
  93          static void led_bat_lev_sta_discharge_handle(void)
  94          {
  95   1              static volatile u32 jump_down_cnt_ms = 0; // иЈ≥зЇІеРСдЄЛзЪДеОїжКЦиЃ°жЧґпЉИmsпЉЙ
  96   1      
  97   1              volatile u8 target_bat_lev = LED_BAT_LEV_4; // зЫЃж†ЗзФµйЗПз≠ЙзЇІ
  98   1      
  99   1              if (led_ctl.status == LED_STATUS_YELLOW ||
 100   1                      led_ctl.status == LED_STATUS_WHITE ||
 101   1                      led_ctl.status == LED_STATUS_RED_BLUE_FLASH)
 102   1              {
 103   2                      // еП™жЬЙдЄАзІНзБѓдЇЃпЉИsingle lightпЉЙ
 104   2                      if (avg_voltage_mv < BAT_SINGLE_LIGHT_LOW_WARN_VOLTAGE)
 105   2                      {
 106   3                              target_bat_lev = LED_BAT_LEV_ALERT;
 107   3                      }
 108   2                      else if (avg_voltage_mv < BAT_SINGLE_LIGHT_1LED_VOLTAGE)
 109   2                      {
 110   3                              target_bat_lev = LED_BAT_LEV_1;
 111   3                      }
 112   2                      else if (avg_voltage_mv < BAT_SINGLE_LIGHT_2LED_VOLTAGE)
 113   2                      {
C51 COMPILER V9.60.7.0   LED_BAT_LEV                                                       07/17/2026 18:50:04 PAGE 3   

 114   3                              target_bat_lev = LED_BAT_LEV_2;
 115   3                      }
 116   2                      else if (avg_voltage_mv < BAT_SINGLE_LIGHT_3LED_VOLTAGE)
 117   2                      {
 118   3                              target_bat_lev = LED_BAT_LEV_3;
 119   3                      }
 120   2                      else if (avg_voltage_mv > BAT_SINGLE_LIGHT_3LED_VOLTAGE)
 121   2                      {
 122   3                              target_bat_lev = LED_BAT_LEV_4;
 123   3                      }
 124   2                      else
 125   2                      {
 126   3                              // REVIEW
 127   3                              // зЙєжЃКжГЕеЖµ
 128   3                      }
 129   2              }
 130   1              else if (led_ctl.status == LED_STATUS_WHITE_YELLOW)
 131   1              {
 132   2                      // йїДзЩљзБѓйГљдЇЃ
 133   2                      if (avg_voltage_mv < BAT_WY_LOW_WARN_VOLTAGE)
 134   2                      {
 135   3                              target_bat_lev = LED_BAT_LEV_ALERT;
 136   3                      }
 137   2                      else if (avg_voltage_mv < BAT_WY_1LED_VOLTAGE)
 138   2                      {
 139   3                              target_bat_lev = LED_BAT_LEV_1;
 140   3                      }
 141   2                      else if (avg_voltage_mv < BAT_WY_2LED_VOLTAGE)
 142   2                      {
 143   3                              target_bat_lev = LED_BAT_LEV_2;
 144   3                      }
 145   2                      else if (avg_voltage_mv < BAT_WY_3LED_VOLTAGE)
 146   2                      {
 147   3                              target_bat_lev = LED_BAT_LEV_3;
 148   3                      }
 149   2                      else
 150   2                      {
 151   3                              target_bat_lev = LED_BAT_LEV_4;
 152   3                      }
 153   2              }
 154   1      
 155   1      #if USER_DEBUG_ENABLE
              
                      {
                              static u16 cnt = 0;
                              cnt++;
                              if (cnt >= 1000)
                              {
                                      cnt = 0;
                                      printf("target_bat_lev == %u\n", (u16)target_bat_lev);
                              }
                      }
              #endif
 167   1      
 168   1              /*
 169   1                      еИ§жЦ≠ељУеЙНжШЊз§ЇзЪДзФµж±†зФµйЗПз≠ЙзЇІжШѓеР¶иЈЯзЫЃеЙНзФµйЗПз≠ЙзЇІзЫЄз≠Й
 170   1                      е¶ВжЮЬдЄНзЫЄз≠ЙпЉМ
 171   1                              - еИ§жЦ≠жМ°дљНзЫЄеЈЃжШѓеР¶еЬ®1дї•еЖЕ
 172   1                                      е¶ВжЮЬеЬ®1дї•еЖЕпЉМеИ§жЦ≠жФЊзФµжЧґйЧіжШѓеР¶жї°иґ≥жМ°дљНеѓєеЇФзЪДдЇЛдїґ
 173   1                                      е¶ВжЮЬдЄНеЖН1дї•еЖЕпЉМйЬАи¶БиЈ≥зЇІ
 174   1              */
 175   1              if (led_bat_lev > target_bat_lev)
C51 COMPILER V9.60.7.0   LED_BAT_LEV                                                       07/17/2026 18:50:04 PAGE 4   

 176   1              {
 177   2                      if (led_bat_lev - target_bat_lev <= 1)
 178   2                      {
 179   3                              /*
 180   3                                      ељУеЙНжШЊз§ЇзЪДзФµж±†зФµйЗПдЄОзЫЃж†ЗзФµйЗПеП™зЫЄеЈЃ1дї•еЖЕпЉМ
 181   3                                      еИ§жЦ≠жШѓеР¶еИ∞дЇЖеѓєеЇФзЪДжФЊзФµжЧґйЧі
 182   3                              */
 183   3                              jump_down_cnt_ms = 0;
 184   3      
 185   3                              if (led_ctl.status == LED_STATUS_YELLOW ||
 186   3                                      led_ctl.status == LED_STATUS_WHITE ||
 187   3                                      led_ctl.status == LED_STATUS_RED_BLUE_FLASH)
 188   3                              {
 189   4                                      // еНХиЙ≤зБѓ
 190   4                                      switch (target_bat_lev)
 191   4                                      {
 192   5                                      case LED_BAT_LEV_3:
 193   5                                              if (discharge_time_cnt >= BAT_SINGLE_LIGHT_3LED_TIME)
 194   5                                              {
 195   6                                                      led_bat_lev = target_bat_lev;
 196   6                                              }
 197   5                                              break;
 198   5      
 199   5                                      case LED_BAT_LEV_2:
 200   5                                              if (discharge_time_cnt >= BAT_SINGLE_LIGHT_2LED_TIME)
 201   5                                              {
 202   6                                                      led_bat_lev = target_bat_lev;
 203   6                                              }
 204   5                                              break;
 205   5      
 206   5                                      case LED_BAT_LEV_1:
 207   5                                              if (discharge_time_cnt >= BAT_SINGLE_LIGHT_1LED_TIME)
 208   5                                              {
 209   6                                                      led_bat_lev = target_bat_lev;
 210   6                                              }
 211   5                                              break;
 212   5      
 213   5                                      case LED_BAT_LEV_ALERT:
 214   5                                              led_bat_lev = target_bat_lev;
 215   5                                              led_bat_lev_sta = LED_BAT_LEV_STA_ALERT;
 216   5                                              LED_100_PERCENT_OFF();
 217   5                                              LED_75_PERCENT_OFF();
 218   5                                              LED_50_PERCENT_OFF();
 219   5                                              LED_25_PERCENT_OFF();
 220   5                                              return;
 221   5                                              break;
 222   5      
 223   5                                      default:
 224   5                                              break;
 225   5                                      }
 226   4                              }
 227   3                              else if (led_ctl.status == LED_STATUS_WHITE_YELLOW)
 228   3                              {
 229   4                                      // еПМиЙ≤зБѓ
 230   4                                      switch (target_bat_lev)
 231   4                                      {
 232   5                                      case LED_BAT_LEV_3:
 233   5                                              if (discharge_time_cnt >= BAT_WY_3LED_TIME)
 234   5                                              {
 235   6                                                      led_bat_lev = target_bat_lev;
 236   6                                              }
 237   5                                              break;
C51 COMPILER V9.60.7.0   LED_BAT_LEV                                                       07/17/2026 18:50:04 PAGE 5   

 238   5      
 239   5                                      case LED_BAT_LEV_2:
 240   5                                              if (discharge_time_cnt >= BAT_WY_2LED_TIME)
 241   5                                              {
 242   6                                                      led_bat_lev = target_bat_lev;
 243   6                                              }
 244   5                                              break;
 245   5      
 246   5                                      case LED_BAT_LEV_1:
 247   5                                              if (discharge_time_cnt >= BAT_WY_1LED_TIME)
 248   5                                              {
 249   6                                                      led_bat_lev = target_bat_lev;
 250   6                                              }
 251   5                                              break;
 252   5      
 253   5                                      case LED_BAT_LEV_ALERT:
 254   5                                              led_bat_lev = target_bat_lev;
 255   5                                              led_bat_lev_sta = LED_BAT_LEV_STA_ALERT;
 256   5                                              LED_100_PERCENT_OFF();
 257   5                                              LED_75_PERCENT_OFF();
 258   5                                              LED_50_PERCENT_OFF();
 259   5                                              LED_25_PERCENT_OFF();
 260   5                                              return;
 261   5                                              break;
 262   5      
 263   5                                      default:
 264   5                                              break;
 265   5                                      }
 266   4                              }
 267   3                      }
 268   2                      else
 269   2                      {
 270   3                              /*
 271   3                                      led_bat_lev > target_bat_levпЉМ
 272   3                                      еєґдЄФ led_bat_lev дЄО target_bat_lev дєЛйЧізЪДеЈЃеАЉе§ІдЇО1пЉМйЬАи¶БиЈ≥зЇІ
 273   3      
 274   3                                      иЈ≥зЇІдєЛеРОпЉМе¶ВжЮЬжФЊзФµжЧґйЧіеѓєдЄНдЄКпЉМйЬАи¶БеК†дЄКи°•еБњ
 275   3                                      и°•еБњдєЛеРОпЉМжФЊзФµзЪДжЧґйЧідЉЪе§ІдЇОељУеЙНжМ°дљНеѓєеЇФзЪДжФЊзФµжЧґйЧі
 276   3                              */
 277   3                              jump_down_cnt_ms++;
 278   3                              if (jump_down_cnt_ms >= LED_BAT_LEV_JUMP_DOWN_DEBOUNCE_MS)
 279   3                              {
 280   4                                      jump_down_cnt_ms = 0;
 281   4      
 282   4      #if USER_DEBUG_ENABLE
                                              printf("jump down\n");
              #endif
 285   4      
 286   4                                      if (led_bat_lev > LED_BAT_LEV_ALERT)
 287   4                                      {
 288   5                                              led_bat_lev--;
 289   5                                      }
 290   4      
 291   4                                      if (led_ctl.status == LED_STATUS_YELLOW ||
 292   4                                              led_ctl.status == LED_STATUS_WHITE ||
 293   4                                              led_ctl.status == LED_STATUS_RED_BLUE_FLASH)
 294   4                                      {
 295   5                                              // еНХиЙ≤зБѓ
 296   5                                              switch (led_bat_lev)
 297   5                                              {
 298   6                                              case LED_BAT_LEV_3:
 299   6                                                      if (discharge_time_cnt < BAT_SINGLE_LIGHT_3LED_TIME)
C51 COMPILER V9.60.7.0   LED_BAT_LEV                                                       07/17/2026 18:50:04 PAGE 6   

 300   6                                                      {
 301   7                                                              // жФЊзФµжЧґйЧіе∞ПдЇОиѓ•жМ°дљНеѓєеЇФзЪДжЧґйЧіпЉМињЫи°Ми°•еБњ
 302   7                                                              discharge_time_cnt =
 303   7                                                                      ((BAT_SINGLE_LIGHT_3LED_TIME +
 304   7                                                                        BAT_SINGLE_LIGHT_2LED_TIME) /
 305   7                                                                       2);
 306   7                                                      }
 307   6                                                      break;
 308   6      
 309   6                                              case LED_BAT_LEV_2:
 310   6                                                      if (discharge_time_cnt < BAT_SINGLE_LIGHT_2LED_TIME)
 311   6                                                      {
 312   7                                                              // жФЊзФµжЧґйЧіе∞ПдЇОиѓ•жМ°дљНеѓєеЇФзЪДжЧґйЧіпЉМињЫи°Ми°•еБњ
 313   7                                                              discharge_time_cnt =
 314   7                                                                      ((BAT_SINGLE_LIGHT_2LED_TIME +
 315   7                                                                        BAT_SINGLE_LIGHT_1LED_TIME) /
 316   7                                                                       2);
 317   7                                                      }
 318   6                                                      break;
 319   6      
 320   6                                              case LED_BAT_LEV_1:
 321   6                                                      if (discharge_time_cnt < BAT_SINGLE_LIGHT_1LED_TIME)
 322   6                                                      {
 323   7                                                              // жФЊзФµжЧґйЧіе∞ПдЇОиѓ•жМ°дљНеѓєеЇФзЪДжЧґйЧіпЉМињЫи°Ми°•еБњ
 324   7                                                              discharge_time_cnt =
 325   7                                                                      ((BAT_SINGLE_LIGHT_1LED_TIME +
 326   7                                                                        BAT_SINGLE_LIGHT_LOW_WARN_TIME) /
 327   7                                                                       2);
 328   7                                                      }
 329   6                                                      break;
 330   6      
 331   6                                              default:
 332   6                                                      break;
 333   6                                              }
 334   5                                      }
 335   4                                      else if (led_ctl.status == LED_STATUS_WHITE_YELLOW)
 336   4                                      {
 337   5                                              // еПМиЙ≤зБѓ
 338   5                                              switch (led_bat_lev)
 339   5                                              {
 340   6                                              case LED_BAT_LEV_3:
 341   6                                                      if (discharge_time_cnt < BAT_WY_3LED_TIME)
 342   6                                                      {
 343   7                                                              // жФЊзФµжЧґйЧіе∞ПдЇОиѓ•жМ°дљНеѓєеЇФзЪДжЧґйЧіпЉМињЫи°Ми°•еБњ
 344   7                                                              discharge_time_cnt =
 345   7                                                                      ((BAT_WY_3LED_TIME +
 346   7                                                                        BAT_WY_2LED_TIME) /
 347   7                                                                       2);
 348   7                                                      }
 349   6                                                      break;
 350   6      
 351   6                                              case LED_BAT_LEV_2:
 352   6                                                      if (discharge_time_cnt < BAT_WY_2LED_TIME)
 353   6                                                      {
 354   7                                                              // жФЊзФµжЧґйЧіе∞ПдЇОиѓ•жМ°дљНеѓєеЇФзЪДжЧґйЧіпЉМињЫи°Ми°•еБњ
 355   7                                                              discharge_time_cnt =
 356   7                                                                      ((BAT_WY_2LED_TIME +
 357   7                                                                        BAT_WY_1LED_TIME) /
 358   7                                                                       2);
 359   7                                                      }
 360   6                                                      break;
 361   6      
C51 COMPILER V9.60.7.0   LED_BAT_LEV                                                       07/17/2026 18:50:04 PAGE 7   

 362   6                                              case LED_BAT_LEV_1:
 363   6                                                      if (discharge_time_cnt < BAT_WY_1LED_TIME)
 364   6                                                      {
 365   7                                                              // жФЊзФµжЧґйЧіе∞ПдЇОиѓ•жМ°дљНеѓєеЇФзЪДжЧґйЧіпЉМињЫи°Ми°•еБњ
 366   7                                                              discharge_time_cnt =
 367   7                                                                      ((BAT_WY_1LED_TIME +
 368   7                                                                        BAT_WY_LOW_WARN_TIME) /
 369   7                                                                       2);
 370   7                                                      }
 371   6                                                      break;
 372   6      
 373   6                                              default:
 374   6                                                      break;
 375   6                                              }
 376   5                                      }
 377   4                              }
 378   3                      }
 379   2              }
 380   1      
 381   1      #if USER_DEBUG_ENABLE
              
                      {
                              static u16 cnt = 0;
                              cnt++;
                              if (cnt >= 1000)
                              {
                                      cnt = 0;
                                      printf("led_bat_lev == %u\n", (u16)led_bat_lev);
                              }
                      }
              #endif
 393   1      
 394   1              // жЫіжЦ∞жШЊз§ЇеИ∞жЦ∞зЪДж°£дљН
 395   1              switch (led_bat_lev)
 396   1              {
 397   2              case LED_BAT_LEV_OFF:
 398   2              case LED_BAT_LEV_ALERT:
 399   2                      // дљОзФµйЗПжПРз§ЇпЉМеЕИеЕ≥йЧ≠жЙАжЬЙжМЗз§ЇзБѓпЉМзФ±еРОзї≠дљОзФµйЗПжПРз§ЇзЪДе§ДзРЖеЗљжХ∞жЭ•жОІеИґеК®зФї
 400   2                      led_bat_lev_sta = LED_BAT_LEV_STA_ALERT;
 401   2                      LED_100_PERCENT_OFF();
 402   2                      LED_75_PERCENT_OFF();
 403   2                      LED_50_PERCENT_OFF();
 404   2                      LED_25_PERCENT_OFF();
 405   2                      break;
 406   2              case LED_BAT_LEV_1:
 407   2                      LED_100_PERCENT_OFF();
 408   2                      LED_75_PERCENT_OFF();
 409   2                      LED_50_PERCENT_OFF();
 410   2                      LED_25_PERCENT_ON();
 411   2                      break;
 412   2              case LED_BAT_LEV_2:
 413   2                      LED_100_PERCENT_OFF();
 414   2                      LED_75_PERCENT_OFF();
 415   2                      LED_50_PERCENT_ON();
 416   2                      LED_25_PERCENT_ON();
 417   2                      break;
 418   2              case LED_BAT_LEV_3:
 419   2                      LED_100_PERCENT_OFF();
 420   2                      LED_75_PERCENT_ON();
 421   2                      LED_50_PERCENT_ON();
 422   2                      LED_25_PERCENT_ON();
 423   2                      break;
C51 COMPILER V9.60.7.0   LED_BAT_LEV                                                       07/17/2026 18:50:04 PAGE 8   

 424   2              default:
 425   2                      LED_100_PERCENT_ON();
 426   2                      LED_75_PERCENT_ON();
 427   2                      LED_50_PERCENT_ON();
 428   2                      LED_25_PERCENT_ON();
 429   2                      break;
 430   2              }
 431   1      }
 432          
 433          static void led_bat_lev_sta_alert_handle(void)
 434          {
 435   1              static volatile u16 cnt = 0; // жОІеИґйЧ™зГБзЪДжЧґйЧійЧійЪФ
 436   1      
 437   1              LED_100_PERCENT_OFF();
 438   1              LED_75_PERCENT_OFF();
 439   1              LED_50_PERCENT_OFF();
 440   1      
 441   1              cnt++;
 442   1              if (cnt >= 500)
 443   1              {
 444   2                      cnt = 0;
 445   2                      LED_25_PERCENT_TOGGLE();
 446   2              }
 447   1      }
 448          
 449          static void led_bat_lev_sta_idle_handle(void)
 450          {
 451   1              LED_100_PERCENT_OFF();
 452   1              LED_75_PERCENT_OFF();
 453   1              LED_50_PERCENT_OFF();
 454   1              LED_25_PERCENT_OFF();
 455   1      }
 456          
 457          static void led_bat_lev_sta_charge_begin_handle(void)
 458          {
 459   1              LED_100_PERCENT_OFF();
 460   1              LED_75_PERCENT_OFF();
 461   1              LED_50_PERCENT_OFF();
 462   1              LED_25_PERCENT_OFF();
 463   1              led_charge_anim_phase = 0; // еЕЕзФµеК®зФїзЪДйШґжЃµпЉМеИЭеІЛеМЦдЄЇ0
 464   1              led_charge_anim_cnt = 0;   // жЄЕз©ЇеЕЕзФµеК®зФїзЪДиЃ°жХ∞еАЉ
 465   1              led_bat_lev_sta = LED_BAT_LEV_STA_CHARGE_BEGIN_ANIM;
 466   1      }
 467          
 468          static void led_bat_lev_sta_charge_begin_anim_handle(void)
 469          {
 470   1              led_charge_anim_cnt++;
 471   1              if (led_charge_anim_cnt >= 500)
 472   1              {
 473   2                      led_charge_anim_cnt = 0;
 474   2                      if (led_charge_anim_phase == 0 &&
 475   2                              LED_BAT_LEV_1 <= led_bat_lev)
 476   2                      {
 477   3                              LED_25_PERCENT_ON();
 478   3                              led_charge_anim_phase = 1;
 479   3                      }
 480   2                      else if (led_charge_anim_phase == 1 &&
 481   2                                       LED_BAT_LEV_2 <= led_bat_lev)
 482   2                      {
 483   3                              LED_50_PERCENT_ON();
 484   3                              led_charge_anim_phase = 2;
 485   3                      }
C51 COMPILER V9.60.7.0   LED_BAT_LEV                                                       07/17/2026 18:50:04 PAGE 9   

 486   2                      else if (led_charge_anim_phase == 2 &&
 487   2                                       LED_BAT_LEV_3 <= led_bat_lev)
 488   2                      {
 489   3                              LED_75_PERCENT_ON();
 490   3                              led_charge_anim_phase = 3;
 491   3                      }
 492   2                      else
 493   2                      {
 494   3                              led_charge_anim_cnt = 0;
 495   3      
 496   3                              // еЕЕзФµеЉАеІЛеК®зФїзїУжЭЯпЉМиљђеИ∞еЕЕзФµеК®зФїзКґжАБ
 497   3                              led_bat_lev_sta = LED_BAT_LEV_STA_CHARGING;
 498   3                      }
 499   2              }
 500   1      }
 501          
 502          static void led_bat_lev_sta_charging_handle(void)
 503          {
 504   1              static volatile u32 led_quick_fill_cnt = 0; // еЕЕжї°зФµжЧґпЉМењЂйАЯе°ЂеЕЕзЪДиЃ°жХ∞еАЉ
 505   1      
 506   1              led_charge_anim_cnt++;
 507   1              // ж≠£еЬ®еЕЕзФµпЉМиЃ©ељУеЙНзФµйЗПеѓєеЇФзЪДжМЗз§ЇзБѓйЧ™зГБпЉИеП™йЧ™зГБдЄАдЄ™зБѓпЉЙ
 508   1              // led_charge_anim_cnt == 0пЉМиѓіжШОеИЪињЫеЕ•ињЩдЄ™йШґжЃµпЉМдєЯйЬАи¶БеѓєеЇФзЪДжМЗз§ЇзБѓзКґжАБзњїиљђдЄАжђ°
 509   1              if (led_charge_anim_cnt >= 500 || led_charge_anim_cnt == 0)
 510   1              {
 511   2                      led_charge_anim_cnt = 0;
 512   2      
 513   2                      // ж†єжНЃ LED_BAT_LEVEL_STA_CHARGE_BEGIN_ANIM жЬЯйЧіжЫіжЦ∞зЪДеАЉпЉМиЃ©еѓєеЇФзЪДжМЗз§ЇзБѓйЧ™зГБ
 514   2                      switch (led_charge_anim_phase)
 515   2                      {
 516   3                      case 0:
 517   3                              LED_25_PERCENT_TOGGLE();
 518   3                              break;
 519   3                      case 1:
 520   3                              LED_50_PERCENT_TOGGLE();
 521   3                              break;
 522   3                      case 2:
 523   3                              LED_75_PERCENT_TOGGLE();
 524   3                              break;
 525   3                      case 3:
 526   3                              LED_100_PERCENT_TOGGLE();
 527   3                              break;
 528   3                      }
 529   2              }
 530   1      
 531   1              if ((is_in_charging_by_charger || // йАЪињЗеЕЕзФµеЩ®еЕЕзФµпЉМжИЦиАЕйАЪињЗе§™йШ≥иГљеЕЕзФµ
 532   1                       is_in_charging_by_solar_panel) &&
 533   1                      is_charging_ic_stop) // еЕЕзФµICжК•еСКеБЬж≠ҐпЉМиЃ§дЄЇеЕЕжї°зФµпЉМињЫеЕ•ењЂйАЯе°ЂеЕЕжШЊз§ЇзКґжАБ
 534   1              {
 535   2                      // е¶ВжЮЬеЈ≤зїПжШѓжї°зФµжШЊз§ЇпЉМзЫіжО•ж†ЗиЃ∞дЄЇеЕЕжї°
 536   2                      if (led_bat_lev >= LED_BAT_LEV_4)
 537   2                      {
 538   3                              led_bat_lev_sta = LED_BAT_LEV_STA_CHARGE_END;
 539   3                      }
 540   2                      else
 541   2                      {
 542   3                              // е¶ВжЮЬеЈ≤зїПжї°зФµпЉМдљЖжШѓељУеЙНж≤°жЬЙжШЊз§Ї4дЄ™жМЗз§ЇзБѓ
 543   3                              // ењЂйАЯе°ЂеЕЕпЉЪдї•иЊГзЯ≠жЧґйЧійАРж°£дЄКеНЗжШЊз§ЇпЉИзФ± led_quick_fill_cnt й©±еК®пЉЙ
 544   3                              if (led_quick_fill_cnt < ((u32)-1))
 545   3                              {
 546   4                                      led_quick_fill_cnt++;
 547   4                              }
C51 COMPILER V9.60.7.0   LED_BAT_LEV                                                       07/17/2026 18:50:04 PAGE 10  

 548   3      
 549   3                              if (led_quick_fill_cnt >= LED_CHARGE_QUICK_FILL_INTERVAL_MS)
 550   3                              {
 551   4                                      led_quick_fill_cnt = 0;
 552   4      
 553   4                                      /*
 554   4                                              REVIEW, е¶ВжЮЬ led_bat_lev еТМ led_charge_anim_phase
 555   4                                              зЪДжХ∞еАЉеєґдЄНеѓєеЇФпЉМињЩйЗМйЬАи¶БйЗНжЦ∞жШ†е∞ДпЉМеїЇзЂЛеѓєеЇФеЕ≥з≥ї
 556   4                                      */
 557   4                                      led_bat_lev++;
 558   4                                      led_charge_anim_phase++;
 559   4                              }
 560   3                      }
 561   2              }
 562   1              else
 563   1              {
 564   2                      led_quick_fill_cnt = 0;
 565   2              }
 566   1      
 567   1              if (charge_time_cnt >= BAT_CHARGE_3LED_TIME &&
 568   1                      (led_charge_anim_phase == 2 ||
 569   1                       led_charge_anim_phase == 3))
 570   1              {
 571   2                      led_charge_anim_phase = 3;
 572   2                      LED_75_PERCENT_ON(); //
 573   2      
 574   2                      led_bat_lev = LED_BAT_LEV_3;
 575   2              }
 576   1              else if (charge_time_cnt >= BAT_CHARGE_2LED_TIME &&
 577   1                               (led_charge_anim_phase == 1 ||
 578   1                                led_charge_anim_phase == 2))
 579   1              {
 580   2                      led_charge_anim_phase = 2;
 581   2                      LED_50_PERCENT_ON(); //
 582   2      
 583   2                      led_bat_lev = LED_BAT_LEV_2;
 584   2              }
 585   1              else if (charge_time_cnt >= BAT_CHARGE_1LED_TIME &&
 586   1                               (led_charge_anim_phase == 0 ||
 587   1                                led_charge_anim_phase == 1))
 588   1              {
 589   2                      led_charge_anim_phase = 1;
 590   2                      LED_25_PERCENT_ON(); //
 591   2      
 592   2                      led_bat_lev = LED_BAT_LEV_1;
 593   2              }
 594   1      }
 595          
 596          static void led_bat_lev_sta_charge_end_handle(void)
 597          {
 598   1              // еЕЕзФµзїУжЭЯпЉМжШЊз§Їжї°зФµзКґжАБ
 599   1              LED_100_PERCENT_ON();
 600   1              LED_75_PERCENT_ON();
 601   1              LED_50_PERCENT_ON();
 602   1              LED_25_PERCENT_ON();
 603   1      }
 604          
 605          void led_bat_lev_dislplay_1ms_isr(void)
 606          {
 607   1              switch (led_bat_lev_sta)
 608   1              {
 609   2              case LED_BAT_LEV_STA_IDLE:
C51 COMPILER V9.60.7.0   LED_BAT_LEV                                                       07/17/2026 18:50:04 PAGE 11  

 610   2                      led_bat_lev_sta_idle_handle();
 611   2                      break;
 612   2              case LED_BAT_LEV_STA_CHARGE_BEGIN:
 613   2                      led_bat_lev_sta_charge_begin_handle();
 614   2                      break;
 615   2      
 616   2              case LED_BAT_LEV_STA_CHARGE_BEGIN_ANIM:
 617   2                      led_bat_lev_sta_charge_begin_anim_handle();
 618   2                      break;
 619   2      
 620   2              case LED_BAT_LEV_STA_CHARGING:
 621   2                      led_bat_lev_sta_charging_handle();
 622   2                      break;
 623   2      
 624   2              case LED_BAT_LEV_STA_CHARGE_END:
 625   2                      led_bat_lev_sta_charge_end_handle();
 626   2                      break;
 627   2      
 628   2              case LED_BAT_LEV_STA_ALERT:
 629   2                      led_bat_lev_sta_alert_handle();
 630   2                      break;
 631   2      
 632   2              case LED_BAT_LEV_STA_DISCHARGE:
 633   2                      led_bat_lev_sta_discharge_handle();
 634   2                      break;
 635   2              }
 636   1      }


MODULE INFORMATION:   STATIC OVERLAYABLE
   CODE SIZE        =   1494    ----
   CONSTANT SIZE    =   ----    ----
   XDATA SIZE       =     15       1
   PDATA SIZE       =   ----    ----
   DATA SIZE        =   ----    ----
   IDATA SIZE       =   ----    ----
   BIT SIZE         =   ----    ----
END OF MODULE INFORMATION.


C51 COMPILATION COMPLETE.  0 WARNING(S),  0 ERROR(S)
