C51 COMPILER V9.60.7.0   LOW_POWER                                                         07/13/2026 17:21:41 PAGE 1   


C51 COMPILER V9.60.7.0, COMPILATION OF MODULE LOW_POWER
OBJECT MODULE PLACED IN .\Release\Objects\low_power.obj
COMPILER INVOKED BY: C:\Keil_v5\C51\BIN\C51.EXE ..\..\User\low_power.c LARGE OPTIMIZE(9,SIZE) BROWSE ORDER INTVECTOR(0X0
                    -00C) INCDIR(..\..\Libraries\Include;..\..\User;..\..\driver_on_chip) INTERVAL(3) DEBUG OBJECTEXTEND PRINT(.\Release\List
                    -ings\low_power.lst) OBJECT(.\Release\Objects\low_power.obj)

line level    source

   1          #include "low_power.h"
   2          #include "bat_scan.h"
   3          
   4          static volatile is_low_power_enter_enable = 0;
   5          
   6          // еҲӨж–ӯиҝӣе…ҘдҪҺеҠҹиҖ—зҡ„жқЎд»¶жҳҜеҗҰжҲҗз«Ӣ
   7          u8 is_low_power_condition_establish(void)
   8          {
   9   1          /*
  10   1              и“қзүҷicжӯЈеңЁе·ҘдҪңгҖҒзҒҜе…үжү“ејҖгҖҒжӯЈеңЁе……з”өпјҢ
  11   1              жЈҖжөӢеҲ°е……з”өicиҫ“еҮәж”ҫз”өдҝЎеҸ·
  12   1              иҝ”еӣһ0пјҢиЎЁзӨәдёҚиҝӣе…ҘдҪҺеҠҹиҖ—
  13   1          */
  14   1          return !(ble_ic.is_working ||
  15   1                   (led_ctl.status != LED_STATUS_OFF) ||
  16   1                   is_in_charging ||
  17   1                   is_in_discharging ||
  18   1                   is_detect_discharge_signal);
  19   1      }
  20          
  21          // иҝӣе…ҘдҪҺеҠҹиҖ—зҡ„жқЎд»¶жҲҗз«ӢпјҢеҲҷзҙҜеҠ ж—¶й—ҙпјҢж»Ўи¶іж—¶й—ҙеҗҺиҝӣе…ҘдҪҺеҠҹиҖ—
  22          void low_power_enter_timer_callback(void)
  23          {
  24   1          static u16 cnt = 0;
  25   1          if (is_low_power_condition_establish())
  26   1          {
  27   2              cnt++;
  28   2              if (cnt >= LOW_POWER_ENTER_TIME_WHEN_POWER_OFF)
  29   2              {
  30   3                  cnt = 0;
  31   3                  is_low_power_enter_enable = 1;
  32   3              }
  33   2          }
  34   1          else
  35   1          {
  36   2              cnt = 0;
  37   2              is_low_power_enter_enable = 0;
  38   2          }
  39   1      }
  40          
  41          void low_power_in(void)
  42          {
  43   1      #if USER_DEBUG_ENABLE
                  // printf("stop in\n");
              #endif
  46   1      
  47   1          __DisableIRQ(TMR1_IRQn);  // зҰҒжӯў е®ҡж—¶еҷЁ 1 дёӯж–ӯ
  48   1          __DisableIRQ(TMR0_IRQn);  // зҰҒжӯў е®ҡж—¶еҷЁ 0 дёӯж–ӯ
  49   1          __DisableIRQ(ADC_IRQn);   // зҰҒжӯў ADC дёӯж–ӯ
  50   1          __DisableIRQ(UART0_IRQn); // зҰҒжӯў дёІеҸЈ 0 дёӯж–ӯ
  51   1      
  52   1          TMR1_CONL &= ~(TMR_MODE_SEL(0x03)); // дёҚдҪҝиғҪи®Ўж•°
  53   1          TMR0_CONL &= ~(TMR_MODE_SEL(0x03)); // дёҚдҪҝиғҪи®Ўж•°
C51 COMPILER V9.60.7.0   LOW_POWER                                                         07/13/2026 17:21:41 PAGE 2   

  54   1      
  55   1          ADC_ACON0 &= ~(ADC_CMP_EN(0x01) |  // дёҚдҪҝиғҪеҶ…йғЁжҜ”иҫғеҷЁ
  56   1                         ADC_BIAS_EN(0x01)); // дёҚдҪҝиғҪеҶ…йғЁеҒҸзҪ®з”өжөҒ
  57   1          ADC_CHS0 = 0x1F;                   // adcйҖҡйҒ“ жҒўеӨҚдёәй»ҳи®ӨеҖј
  58   1          ADC_CFG0 &= ~(ADC_EN(0x01));       // е…ій—ӯADC
  59   1      
  60   1          FIN_S7 = GPIO_FIN_SEL_GND;
  61   1          UART0_CON0 &= ~UART_EN(0x01);
  62   1      
  63   1          // е…ій—ӯPWM
  64   1          // P30 = 1; // дёҚзӮ№дә® й»„зҒҜ
  65   1          // FOUT_S30 = GPIO_FOUT_AF_FUNC;
  66   1          // P27 = 1; // дёҚзӮ№дә® зҷҪзҒҜ
  67   1          // FOUT_S27 = GPIO_FOUT_AF_FUNC;
  68   1      
  69   1          // STMR_LOADEN &= ~STMR_0_LOAD_EN(0x01); // дёҚдҪҝиғҪиҮӘеҠЁиЈ…иҪҪ
  70   1          STMR_CNTEN &= ~STMR_0_CNT_EN(0x1); // дёҚдҪҝиғҪ STMR 0
  71   1          STMR_PWMEN &= ~STMR_0_PWM_EN(0x1); // дёҚдҪҝиғҪ PWMиҫ“еҮә
  72   1          // STMR_LOADEN &= ~STMR_1_LOAD_EN(0x01); // дёҚдҪҝиғҪиҮӘеҠЁиЈ…иҪҪ
  73   1          STMR_CNTEN &= ~STMR_1_CNT_EN(0x1); // дёҚдҪҝиғҪ STMR 1
  74   1          STMR_PWMEN &= ~STMR_1_PWM_EN(0x1); // дёҚдҪҝиғҪ PWMиҫ“еҮә
  75   1      
  76   1          // жЈҖжөӢе……з”өicзҡ„дёӨдёӘеј•и„ҡ
  77   1          P2_MD0 |= GPIO_P22_MODE_SEL(0x03);
  78   1          P2_MD0 |= GPIO_P21_MODE_SEL(0x03);
  79   1          P2_PU &= ~(GPIO_P22_PULL_UP(0x01) | GPIO_P21_PULL_UP(0x01)); // е…ій—ӯдёҠжӢү
  80   1      
  81   1          // е…ій—ӯдёІеҸЈ
  82   1          P2_PU &= ~GPIO_P26_PULL_UP(0x01);
  83   1          P2_MD1 |= GPIO_P25_MODE_SEL(0x03); // TXи„ҡй…ҚзҪ®дёә жЁЎжӢҹиҫ“е…Ҙ
  84   1          P2_MD1 |= GPIO_P26_MODE_SEL(0x03); // RXи„ҡй…ҚзҪ®дёә жЁЎжӢҹиҫ“е…Ҙ
  85   1          FOUT_S25 = GPIO_FOUT_AF_FUNC;
  86   1      
  87   1          // з”өжұ з”өйҮҸжҢҮзӨәзҒҜ
  88   1          // P0_MD0 |= GPIO_P00_MODE_SEL(0x03);
  89   1          // P0_MD1 |= GPIO_P05_MODE_SEL(0x03);
  90   1          // P0_MD1 |= GPIO_P06_MODE_SEL(0x03);
  91   1          // P1_MD0 |= GPIO_P13_MODE_SEL(0x03);
  92   1      
  93   1          // P1_MD1 |= GPIO_P16_MODE_SEL(0x03);
  94   1          // P1_MD1 |= GPIO_P17_MODE_SEL(0x03);
  95   1          // P3_MD0 |= GPIO_P31_MODE_SEL(0x03);
  96   1      
  97   1          // иҝҷдёӘе°ҒиЈ…е…¶д»–жІЎжңүеј•еҮәжқҘзҡ„еј•и„ҡ
  98   1      
  99   1      #if 1
 100   1          // ==========================================================
 101   1      
 102   1          // й…ҚзҪ®ioе”ӨйҶ’
 103   1          P2_MD1 &= ~GPIO_P24_MODE_SEL(0x3); // й…ҚзҪ® P24 дёәиҫ“е…ҘжЁЎејҸ
 104   1          FIN_S10 = GPIO_FIN_SEL_P24;        // й…ҚзҪ® P24 дёәйҖҡйҒ“0иҫ“е…Ҙе”ӨйҶ’з«ҜеҸЈ
 105   1      
 106   1          // е……з”өicжЈҖжөӢи„ҡ ch1
 107   1          P2_MD0 &= ~GPIO_P21_MODE_SEL(0x3);
 108   1          // P2_PU &= ~GPIO_P21_PULL_UP(0x01); // е…ій—ӯдёҠжӢү
 109   1          FIN_S11 = GPIO_FIN_SEL_P21; // й…ҚзҪ® P21 дёә йҖҡйҒ“1 иҫ“е…Ҙе”ӨйҶ’з«ҜеҸЈ
 110   1      
 111   1          // е……з”өicжЈҖжөӢи„ҡ ch2 жЈҖжөӢж”ҫз”өдҝЎеҸ·
 112   1          P2_MD0 &= ~GPIO_P22_MODE_SEL(0x3);
 113   1          FIN_S13 = GPIO_FIN_SEL_P22; // й…ҚзҪ® P22 дёә йҖҡйҒ“3 иҫ“е…Ҙе”ӨйҶ’з«ҜеҸЈ
 114   1      
 115   1          delay_ms(1); // е®ҳж–№жҸҗдҫӣзҡ„дҪҺеҠҹиҖ—SDKдёӯпјҢиҝҷйҮҢжңүе»¶ж—¶ж“ҚдҪң
C51 COMPILER V9.60.7.0   LOW_POWER                                                         07/13/2026 17:21:41 PAGE 3   

 116   1      
 117   1          /*
 118   1                 й…ҚзҪ® wake up timer
 119   1                 дҪҝз”Ё64Kж—¶й’ҹпјҢ64еҲҶйў‘пјҢйӮЈд№Ҳ1msи®Ўж•°дёҖж¬ЎпјҢеҰӮжһңе‘ЁжңҹеҖјжҳҜ(1000 - 1)пјҢйӮЈд№Ҳ1sдә§
             -з”ҹдёҖж¬Ўдёӯж–ӯ
 120   1             */
 121   1          TMR_ALLCON = WUT_CNT_CLR(0x1); // жё…йҷӨи®Ўж•°еҖј
 122   1          // 10ms е”ӨйҶ’дёҖж¬Ў
 123   1          // WUT_PRH = TMR_PERIOD_VAL_H(((((u32)64000 / 64 / 100 - 1)) >> 8) & 0xFF); // е‘ЁжңҹеҖј
 124   1          // WUT_PRL = TMR_PERIOD_VAL_L(((((u32)64000 / 64 / 100 - 1)) >> 0) & 0xFF);
 125   1          // 200ms е”ӨйҶ’дёҖж¬Ў
 126   1          // WUT_PRH = TMR_PERIOD_VAL_H(((((u32)64000 / 64 / 5 - 1)) >> 8) & 0xFF); // е‘ЁжңҹеҖј
 127   1          // WUT_PRL = TMR_PERIOD_VAL_L(((((u32)64000 / 64 / 5 - 1)) >> 0) & 0xFF);
 128   1      
 129   1          // 1s е”ӨйҶ’дёҖж¬Ўпјҡ
 130   1          WUT_PRH = TMR_PERIOD_VAL_H(((((u32)64000 / 64)) >> 8) & 0xFF); // е‘ЁжңҹеҖј
 131   1          WUT_PRL = TMR_PERIOD_VAL_L(((((u32)64000 / 64)) >> 0) & 0xFF);
 132   1          WUT_CONH = TMR_PRD_PND(0x1) | TMR_PRD_IRQ_EN(0x1); // дҪҝиғҪе”ӨйҶ’е®ҡж—¶еҷЁ
 133   1          WUT_CONL = TMR_SOURCE_SEL(0x7) |
 134   1                     TMR_PRESCALE_SEL(0x06) |
 135   1                     TMR_MODE_SEL(0x1); // йҖүжӢ©зі»з»ҹж—¶й’ҹпјҢ64еҲҶйў‘пјҢи®Ўж•°жЁЎејҸ
 136   1      
 137   1          LP_CON &= ~LP_ISD_DIS_LP_EN(0x1);  // дҪҝиғҪISDжЁЎејҸдёӢдҪҺеҠҹиҖ—еҠҹиғҪ
 138   1          LP_WKPND |= LP_WKUP_0_PCLR(0x1);   // жё…йҷӨе”ӨйҶ’ж Үеҝ—дҪҚ
 139   1          LP_WKCON |= (LP_WKUP_0_EDG(0x01) | // йҖҡйҒ“0 дҪҺз”өе№і и§ҰеҸ‘е”ӨйҶ’
 140   1                       LP_WKUP_0_EN(0x1));   // е”ӨйҶ’йҖҡйҒ“0 дҪҝиғҪ
 141   1      
 142   1          LP_WKCON &= ~LP_WKUP_1_EDG(0x01); // йҖҡйҒ“1 й«ҳз”өе№і и§ҰеҸ‘е”ӨйҶ’
 143   1          LP_WKCON |= LP_WKUP_1_EN(0x1);    // е”ӨйҶ’ йҖҡйҒ“1 дҪҝиғҪ
 144   1      
 145   1          LP_WKPND |= LP_WKUP_2_PCLR(0x1);  // жё…йҷӨе”ӨйҶ’ж Үеҝ—дҪҚ
 146   1          LP_WKCON |= (LP_WKUP_2_EDG(0x0) | // йҖҡйҒ“2й«ҳз”өе№іи§ҰеҸ‘е”ӨйҶ’
 147   1                       LP_WKUP_2_EN(0x1));  // е”ӨйҶ’йҖҡйҒ“2 дҪҝиғҪ
 148   1      
 149   1          LP_WKPND |= LP_WKUP_3_PCLR(0x1);  // жё…йҷӨе”ӨйҶ’ж Үеҝ—дҪҚ
 150   1          LP_WKCON |= (LP_WKUP_3_EDG(0x0) | // йҖҡйҒ“3 й«ҳз”өе№і и§ҰеҸ‘е”ӨйҶ’
 151   1                       LP_WKUP_3_EN(0x1));  // е”ӨйҶ’йҖҡйҒ“3 дҪҝиғҪ
 152   1      
 153   1          __EnableIRQ(WUT_IRQn); // дҪҝиғҪWUTдёӯж–ӯ
 154   1          IE_EA = 1;             // дҪҝиғҪжҖ»дёӯж–ӯ
 155   1      #endif
 156   1      
 157   1          SYS_CON6 |= SYS_MPDN_CNT(0x3);     // е…ій—ӯзЁӢеәҸеӯҳеӮЁеҷЁдҫӣз”өзҡ„е»¶иҝҹж—¶й—ҙй…ҚзҪ®4дёӘзі»з»ҹе‘Ёжңҹ
 158   1          SYS_CON7 = (SYS_EXT_SLP_CNT(0x3) | // йҖҖеҮәдҪҺеҠҹиҖ—е»¶иҝҹзҡ„ж—¶й—ҙй…ҚзҪ®еҗ„й…ҚеӣӣдёӘзі»з»ҹе‘Ёжңҹ
 159   1                      SYS_MTPUP_CNT(0x3) |
 160   1                      SYS_OPM_LDO_CNT(0x3) |
 161   1                      SYS_CLSM_LDO_CNT(0x3));
 162   1          SYS_CON8 |= SYS_LPSLP_DIS_ANA(0x1);   // жү“ејҖдҪҺеҠҹиҖ—sleep modeдёҖй”®е…іжЁЎжӢҹжЁЎеқ—еҠҹиғҪ(еҚіе…ій—
             -ӯTK,AMP,CMP,ADCд№Ӣзұ»зҡ„жЁЎеқ—)
 163   1          CLK_XOSC &= ~(CLK_XOSC_LOW_EN(0x1) |  // е…ій—ӯ32.768KHzдҪҺйҖҹжҷ¶жҢҜ
 164   1                        CLK_XOSC_HIGH_EN(0x1)); // е…ій—ӯй«ҳйҖҹжҷ¶жҢҜ
 165   1          LVD_CON0 &= ~(LVD_VCC_DETE_EN(0x1) |  // е…ій—ӯVCCз”өжәҗVCCз”өеҺӢдҪҺз”өжЈҖжөӢеҠҹиғҪ
 166   1                        LVD_VDD_DETE_EN(0x1));  // е…ій—ӯ1.5Vж•°еӯ—йҖ»иҫ‘зі»з»ҹе·ҘдҪңз”өеҺӢVDDдҪҺз”өжЈҖжөӢеҠҹиғҪ
 167   1          PMU_CON2 &= ~0x70;                    // е…ій—ӯVPTAT_ADCиҫ“еҮәпјҢе…ій—ӯжё©еәҰдј ж„ҹеҷЁиҫ“еҮәVPTATпјҢдё
             -»LDOиҝҮжөҒжЎЈдҪҚйҖүжӢ©50mA
 168   1          CLK_CON0 &= ~CLK_SYSCLK_SEL(0x3);     // зі»з»ҹж—¶й’ҹйҖүжӢ©rc64k
 169   1          FLASH_TIMEREG1 = 0x0;                 // й…ҚзҪ®LIRCж—¶FLASHи®ҝй—®йҖҹеәҰ
 170   1      
 171   1          PMU_CON0 &= ~0x60;                 // е…ій—ӯVDD PORжЁЎеқ—, е…ій—ӯVBG06_REFиҫ“еҮә
 172   1          CLK_ACON0 &= ~CLK_AIP_HRC_EN(0x1); // е…ій—ӯHRCж—¶й’ҹ
 173   1      
 174   1          // P17 = 1; // з”ЁиҜҘеј•и„ҡжөӢиҜ•дҪҺеҠҹиҖ—зҡ„ж—¶й—ҙ
C51 COMPILER V9.60.7.0   LOW_POWER                                                         07/13/2026 17:21:41 PAGE 4   

 175   1          // =============================================================
 176   1          // иҝӣе…Ҙ sleep дҪҺеҠҹиҖ—жЁЎејҸ
 177   1          LP_CON = (LP_IDLE_EN(0x1) |     // IdleдҪҺеҠҹиҖ—жЁЎејҸдҪҝиғҪ
 178   1                    LP_SLEEP_GO_EN(0x1) | // SleepдҪҺеҠҹиҖ—жЁЎејҸе”ӨйҶ’еҗҺз»§з»ӯи·‘еҗҺз»ӯзЁӢеәҸ
 179   1                    LP_SLEEP_EN(0x1));    // дҪҝиғҪзқЎзң 
 180   1          // йҖҖеҮә
 181   1          // =============================================================
 182   1          // P17 = 0; // з”ЁиҜҘеј•и„ҡжөӢиҜ•дҪҺеҠҹиҖ—зҡ„ж—¶й—ҙ
 183   1      }
 184          
 185          void low_power_out(void)
 186          {
 187   1          // е…ій—ӯ wake up timer
 188   1          __DisableIRQ(WUT_IRQn);           // зҰҒжӯўWUTдёӯж–ӯ
 189   1          WUT_CONH &= ~TMR_PRD_IRQ_EN(0x1); // дёҚдҪҝиғҪи®Ўж•°дёӯж–ӯ
 190   1          WUT_CONL &= ~TMR_MODE_SEL(0x1);   // дёҚдҪҝиғҪи®Ўж•°
 191   1      
 192   1          // дёҚдҪҝиғҪе”ӨйҶ’йҖҡйҒ“
 193   1          LP_WKCON &= ~(LP_WKUP_0_EN(0x01) |
 194   1                        LP_WKUP_1_EN(0x01) |
 195   1                        LP_WKUP_2_EN(0x01));
 196   1      
 197   1          FIN_S10 = GPIO_FIN_SEL_GND;
 198   1          FIN_S11 = GPIO_FIN_SEL_GND;
 199   1      
 200   1          // CLK_ACON0 |= CLK_AIP_HRC_EN(0x1); // дҪҝиғҪHRCж—¶й’ҹ
 201   1          // LP_WKPND |= LP_WKUP_0_PCLR(0x1);  // жё…йҷӨйҖҡйҒ“0е”ӨйҶ’ж Үеҝ—дҪҚ
 202   1          // CLK_CON0 |= CLK_SYSCLK_SEL(0x3);  // зі»з»ҹж—¶й’ҹйҖүжӢ©hirc_clk
 203   1      
 204   1          SYS_CON8 &= ~SYS_LPSLP_DIS_ANA(0x1); // е…ій—ӯдҪҺеҠҹиҖ—sleep modeдёҖй”®е…іжЁЎжӢҹжЁЎеқ—еҠҹиғҪ(еҚіжү“ејҖ
             -TK,AMP,CMP,ADCд№Ӣзұ»зҡ„жЁЎеқ—)
 205   1          PMU_CON0 |= 0x60;                    // дҪҝиғҪVDD PORжЁЎеқ—пјҢдҪҝиғҪVBG06_REFиҫ“еҮә
 206   1          LVD_CON0 |= (LVD_VCC_DETE_EN(0x1) |  // дҪҝиғҪVCCз”өжәҗVCCз”өеҺӢдҪҺз”өжЈҖжөӢеҠҹиғҪ
 207   1                       LVD_VDD_DETE_EN(0x1));  // дҪҝиғҪ1.5Vж•°еӯ—йҖ»иҫ‘зі»з»ҹе·ҘдҪңз”өеҺӢVDDдҪҺз”өжЈҖжөӢеҠҹиғҪ
 208   1          PMU_CON2 |= 0x70;                    // дҪҝиғҪVPTAT_ADCиҫ“еҮәпјҢдҪҝиғҪжё©еәҰдј ж„ҹеҷЁиҫ“еҮәVPTATпјҢдё»
             -LDOиҝҮжөҒжЎЈдҪҚйҖүжӢ©100mA
 209   1          CLK_ACON0 |= CLK_AIP_HRC_EN(0x1);    // дҪҝиғҪHRCж—¶й’ҹ
 210   1          // USER_TO_DO зңӢзңӢиҝҷйҮҢиҰҒдёҚиҰҒжё…еҜ№еә”зҡ„е”ӨйҶ’ж Үеҝ—
 211   1          LP_WKPND |= LP_WKUP_2_PCLR(0x1); // жё…йҷӨйҖҡйҒ“2е”ӨйҶ’ж Үеҝ—дҪҚ
 212   1          FLASH_TIMEREG1 = 0x58;           // FLASHи®ҝй—®йҖҹеәҰ = зі»з»ҹж—¶й’ҹ/3
 213   1          CLK_CON0 |= CLK_SYSCLK_SEL(0x3); // зі»з»ҹж—¶й’ҹйҖүжӢ©hirc_clk
 214   1      }
 215          
 216          void low_power_handle(void)
 217          {
 218   1          // static volatile u16 update_bat_percent_cnt = 0; // и®Ўж•°еҖјпјҢи®Ўж»ЎдёҖе®ҡж¬Ўж•°еҗҺпјҢжӣҙж–°з”өжұ 
             -з”өйҮҸдҝЎжҒҜ
 219   1          // u8 tmp_bat_percent;           // дёҙж—¶еӯҳж”ҫзҡ„з”өжұ з”өйҮҸзҷҫеҲҶжҜ”
 220   1          u8 is_charge_sig_wkup = 0;    // жҳҜеҗҰз”ұе……з”өдҝЎеҸ·е”ӨйҶ’
 221   1          u8 is_discharge_sig_wkup = 0; // жҳҜеҗҰз”ұж”ҫз”өдҝЎеҸ·е”ӨйҶ’
 222   1          u8 is_key_sig_wkup = 0;       // жҳҜеҗҰз”ұadжҢүй”®е”ӨйҶ’
 223   1          u16 adc_val;
 224   1      
 225   1          if (is_low_power_enter_enable)
 226   1          {
 227   2              is_low_power_enter_enable = 0;
 228   2          }
 229   1          else
 230   1          {
 231   2              return;
 232   2          }
 233   1      
C51 COMPILER V9.60.7.0   LOW_POWER                                                         07/13/2026 17:21:41 PAGE 5   

 234   1      #if USER_DEBUG_ENABLE
                  printf("low power in\n");
              #endif
 237   1      label_low_power_in:
 238   1      
 239   1          is_charge_sig_wkup = 0;    // жҳҜеҗҰз”ұе……з”өдҝЎеҸ·е”ӨйҶ’
 240   1          is_discharge_sig_wkup = 0; // жҳҜеҗҰз”ұж”ҫз”өдҝЎеҸ·е”ӨйҶ’
 241   1          is_key_sig_wkup = 0;       // жҳҜеҗҰз”ұadжҢүй”®е”ӨйҶ’
 242   1      
 243   1          low_power_in();
 244   1          low_power_out();
 245   1      
 246   1      #if USER_DEBUG_ENABLE
                  uart0_init();
                  printf("low power out\n");
              #endif
 250   1      
 251   1          // е”ӨйҶ’еҗҺпјҢжЈҖжөӢжңүжІЎжңүжҢүй”®ж“ҚдҪңгҖҒжңүжІЎжңүе……з”өпјҢжңүеҲҷжҒўеӨҚе·ҘдҪңпјҢжІЎжңүеҲҷеӣһеҲ°дҪҺ
             -еҠҹиҖ—
 252   1          adc_pin_init();
 253   1          adc_init_when_low_pwr_out();
 254   1      
 255   1          adc_channel_sel(ADC_CHANNEL_SEL_AD_KEY);
 256   1          delay_ms(1);
 257   1          adc_val = adc_get_val_once();
 258   1          // еҰӮжһңadеҖје°ҸдәҺadжҢүй”®зҡ„йҳҲеҖјпјҢиҜҙжҳҺжңүжҢүй”®жҢүдёӢ
 259   1          if (adc_val < AD_KEY_INDEX_MAX_VAL)
 260   1          {
 261   2              // жңүжҢүй”®жҢүдёӢ
 262   2              is_key_sig_wkup = 1;
 263   2      #if USER_DEBUG_ENABLE
                      // printf("key down\n");
              #endif
 266   2          }
 267   1      
 268   1          adc_channel_sel(ADC_CHANNEL_SEL_SOLAR_DET);
 269   1          delay_ms(1);
 270   1          adc_val = adc_get_val_once();
 271   1          // еҰӮжһңжЈҖжөӢеҲ°еӨ§дәҺ4.5VпјҢи®ӨдёәжңүеӨӘйҳіиғҪе……з”ө
 272   1          if (((u32)adc_val * 2 * 2400 / 4096) >= 4500)
 273   1          {
 274   2              is_charge_sig_wkup = 1;
 275   2      #if USER_DEBUG_ENABLE
                      // printf("charge by solar panel\n");
              #endif
 278   2          }
 279   1      
 280   1          // еҰӮжһңжҳҜе……з”өicиҫ“еҮәжӯЈеңЁе……з”өзҡ„дҝЎеҸ·пјҢеҜјиҮҙзҡ„е”ӨйҶ’
 281   1          if (LP_WKPND & LP_WKUP_1_PND(0x01))
 282   1          {
 283   2      #if USER_DEBUG_ENABLE
                      printf("wake up by charging\n");
              #endif
 286   2              LP_WKPND |= LP_WKUP_1_PCLR(0x01); // жё…з©әе”ӨйҶ’ж Үеҝ—дҪҚ
 287   2              is_charge_sig_wkup = 1;
 288   2          }
 289   1      
 290   1          if (LP_WKPND & LP_WKUP_3_PND(0x01))
 291   1          {
 292   2              // еҰӮжһңжҳҜе……з”өicиҫ“еҮәжӯЈеңЁж”ҫз”өзҡ„дҝЎеҸ·пјҢеҜјиҮҙзҡ„е”ӨйҶ’
 293   2              LP_WKPND |= LP_WKUP_3_PND(0x01); // жё…з©әе”ӨйҶ’ж Үеҝ—дҪҚ
 294   2      
C51 COMPILER V9.60.7.0   LOW_POWER                                                         07/13/2026 17:21:41 PAGE 6   

 295   2              is_discharge_sig_wkup = 1;
 296   2      
 297   2      #if USER_DEBUG_ENABLE
                      printf("wake up by discharge signal\n");
              #endif
 300   2          }
 301   1      
 302   1          adc_channel_sel(ADC_CHANNEL_SEL_BAT_DET);
 303   1          delay_ms(1);
 304   1          adc_val = adc_get_val_once();
 305   1          avg_voltage_mv = get_battery_voltage_by_adc(adc_val);
 306   1          // еҲқе§ӢеҢ–з”өжұ е……з”өгҖҒж”ҫз”өж—¶й—ҙ
 307   1          bat_charge_time_cnt_update(avg_voltage_mv);
 308   1          bat_discharge_time_cnt_update(avg_voltage_mv);
 309   1      
 310   1          /*
 311   1              1. жҢүй”®е”ӨйҶ’пјҢз”өжұ з”өеҺӢдҪҺпјҢе№¶дё”жІЎжңүеңЁе……з”өпјҢиҝ”еӣһдҪҺеҠҹиҖ—
 312   1              2. жІЎжңүжҢүй”®е”ӨйҶ’пјҢе№¶дё”жІЎжңүеңЁе……з”өпјҢиҝ”еӣһдҪҺеҠҹиҖ—
 313   1          */
 314   1          if ((is_key_sig_wkup &&
 315   1               avg_voltage_mv <= BATTERY_EMPTY_VOLTAGE &&
 316   1               0 == is_charge_sig_wkup &&
 317   1               0 == is_discharge_sig_wkup) ||
 318   1              (0 == is_key_sig_wkup &&
 319   1               0 == is_charge_sig_wkup &&
 320   1               0 == is_discharge_sig_wkup))
 321   1          {
 322   2      #if USER_DEBUG_ENABLE
                      if ((is_key_sig_wkup &&
                           avg_voltage_mv < BATTERY_EMPTY_VOLTAGE &&
                           0 == is_charge_sig_wkup &&
                           0 == is_discharge_sig_wkup))
                      {
                          printf("key press, but bat is low\n");
                      }
              
                      // printf("goto low power in\n");
              #endif
 333   2      
 334   2              goto label_low_power_in;
 335   2          }
 336   1          // else if (is_charge_sig_wkup || is_discharge_sig_wkup)
 337   1          // {
 338   1          //     // е……з”өicиҫ“еҮәе……з”өжҲ–ж”ҫз”өдҝЎеҸ·пјҢе”ӨйҶ’пјҢдёҚиҝ”еӣһдҪҺеҠҹиҖ—
 339   1          // }
 340   1      
 341   1          // жҲҗеҠҹйҖҖеҮәдҪҺеҠҹиҖ—д№ӢеҗҺпјҢжё…йҷӨдҪҺз”өйҮҸжҠҘиӯҰе’ҢдҪҺз”өйҮҸе…іжңәзҡ„ж Үеҝ—дҪҚ
 342   1          // йҖҡиҝҮжҢүй”®йҖҖеҮәдҪҺеҠҹиҖ—пјҢд№ҹдјҡжё…йҷӨиҝҷдәӣж Үеҝ—дҪҚ
 343   1          is_sent_low_bat_alert = 0;
 344   1          is_in_low_bat_alert = 0;
 345   1          bat_vol_history_buff_init(avg_voltage_mv);
 346   1          user_init();
 347   1      }
 348          
 349          // wake up timer дёӯж–ӯжңҚеҠЎеҮҪж•°
 350          void WUT_IRQHandler(void) interrupt WUT_IRQn
 351          {
 352   1          // иҝӣе…Ҙдёӯж–ӯи®ҫзҪ®IPпјҢдёҚеҸҜеҲ йҷӨ
 353   1          __IRQnIPnPush(WUT_IRQn);
 354   1      
 355   1          // ---------------- з”ЁжҲ·еҮҪж•°еӨ„зҗҶ -------------------
 356   1      
C51 COMPILER V9.60.7.0   LOW_POWER                                                         07/13/2026 17:21:41 PAGE 7   

 357   1          // е‘Ёжңҹдёӯж–ӯ
 358   1          if (WUT_CONH & TMR_PRD_PND(0x1))
 359   1          {
 360   2              WUT_CONH |= TMR_PRD_PND(0x1); // жё…йҷӨpending
 361   2          }
 362   1      
 363   1          // йҖҖеҮәдёӯж–ӯи®ҫзҪ®IPпјҢдёҚеҸҜеҲ йҷӨ
 364   1          __IRQnIPnPop(WUT_IRQn);
 365   1      }


MODULE INFORMATION:   STATIC OVERLAYABLE
   CODE SIZE        =    738    ----
   CONSTANT SIZE    =   ----    ----
   XDATA SIZE       =      4       5
   PDATA SIZE       =   ----    ----
   DATA SIZE        =   ----    ----
   IDATA SIZE       =   ----    ----
   BIT SIZE         =   ----    ----
END OF MODULE INFORMATION.


C51 COMPILATION COMPLETE.  0 WARNING(S),  0 ERROR(S)
