C51 COMPILER V9.60.7.0   MAIN                                                              04/03/2026 16:59:41 PAGE 1   


C51 COMPILER V9.60.7.0, COMPILATION OF MODULE MAIN
OBJECT MODULE PLACED IN .\Release\Objects\main.obj
COMPILER INVOKED BY: C:\Keil_v5\C51\BIN\C51.EXE ..\..\User\main.c LARGE OPTIMIZE(9,SIZE) BROWSE ORDER INTVECTOR(0X000C) 
                    -INCDIR(..\..\Libraries\Include;..\..\User;..\..\driver_on_chip) INTERVAL(3) DEBUG OBJECTEXTEND PRINT(.\Release\Listings\
                    -main.lst) OBJECT(.\Release\Objects\main.obj)

line level    source

   1          /**
   2           ******************************************************************************
   3           * @file    main.c
   4           * @author  HUGE-IC Application Team
   5           * @version V1.0.0
   6           * @date    02-09-2022
   7           * @brief   Main program body
   8           ******************************************************************************
   9           * @attention
  10           *
  11           * <h2><center>&copy; COPYRIGHT 2021 HUGE-IC</center></h2>
  12           *
  13           * зүҲжқғиҜҙжҳҺеҗҺз»ӯиЎҘдёҠ
  14           *
  15           ******************************************************************************
  16           */
  17          
  18          /* Includes ------------------------------------------------------------------*/
  19          
  20          #include "include.h"
  21          #include "user_config.h"
  22          #include "uart0.h"
  23          #include "timer0.h"
  24          #include "adc.h"
  25          #include "led.h"
  26          #include "pwm.h"
  27          
  28          // #include "battery_monitor.h"  // ж·»еҠ з”өжұ зӣ‘жөӢеӨҙж–Үд»¶
  29          
  30          #include "uart_data_handle.h"
  31          #include "ad_key.h"
  32          
  33          #include "user_include.h"
  34          
  35          #if 0
              volatile delay_exec_block_t delay_exec_array[DELAY_EXEC_MAX];
              
              void delay_exec_init(void)
              {
                  u8 i;
                  for (i = 0; i < DELAY_EXEC_MAX; i++)
                  {
                      delay_exec_array[i].cur_cnt = 0;
                      delay_exec_array[i].dest_cnt = 0;
                      delay_exec_array[i].is_pending = 0;
                      delay_exec_array[i].is_enable = 0;
                  }
              }
              
              void delay_exec_set(delay_exec_task_id_t task_id, u8 interval_ms)
              {
                  delay_exec_array[task_id].cur_cnt = 0;
                  delay_exec_array[task_id].dest_cnt = interval_ms;
C51 COMPILER V9.60.7.0   MAIN                                                              04/03/2026 16:59:41 PAGE 2   

                  delay_exec_array[task_id].is_pending = 0;
                  delay_exec_array[task_id].is_enable = 1;
              }
              
              void delay_exec_reset(delay_exec_task_id_t task_id)
              {
                  delay_exec_array[task_id].is_enable = 0;
                  delay_exec_array[task_id].cur_cnt = 0;
                  delay_exec_array[task_id].dest_cnt = 0;
                  delay_exec_array[task_id].is_pending = 0;
              }
              
              // жӣҙж–°е»¶ж—¶жү§иЎҢд»»еҠЎзҡ„еҪ“еүҚж—¶й—ҙи®Ўж•°
              void delay_exec_update(void)
              {
                  u8 i;
                  for (i = 0; i < DELAY_EXEC_MAX; i++)
                  {
                      if (delay_exec_array[i].is_enable)
                      {
                          delay_exec_array[i].cur_cnt++;
                          if (delay_exec_array[i].cur_cnt >= delay_exec_array[i].dest_cnt)
                          {
                              delay_exec_array[i].cur_cnt = 0;
                              delay_exec_array[i].is_pending = 1;
                          }
                      }
                  }
              }
              
              u8 delay_exec_is_pending(delay_exec_task_id_t task_id)
              {
                  return delay_exec_array[task_id].is_pending;
              }
              
              void delay_exec_handle(void)
              {
                  if (delay_exec_is_pending(DELAY_EXEC_BLE_OFF))
                  {
                      // delay_exec_reset(DELAY_EXEC_BLE_OFF);
              
                      delay_exec_array[DELAY_EXEC_BLE_OFF].is_pending = 0;
              
                      // е…ій—ӯи“қзүҷ
                      USER_DEBUG_PIN_TOGGLE();
                  }
              }
              #endif
 102          
 103          void user_init(void)
 104          {
 105   1          adc_pin_init();
 106   1          adc_init();
 107   1          led_init();
 108   1          uart0_init();
 109   1          pwm_init();
 110   1          bluetooth_ic_handle_init();
 111   1      
 112   1          led_ctl_init();
 113   1          charge_det_init();
 114   1      
 115   1          // йңҖиҰҒзӯүеӨ–и®ҫйғҪеҮҶеӨҮеҘҪпјҢеҶҚи·‘ж—¶й—ҙ
C51 COMPILER V9.60.7.0   MAIN                                                              04/03/2026 16:59:41 PAGE 3   

 116   1          timer0_init();
 117   1          timer1_init();
 118   1      
 119   1      #if USER_DEBUG_ENABLE
                  // user_debug_pin_init();
                  // timebase_init();
                  printf("sys init\n");
              #endif
 124   1      }
 125          
 126          void main(void)
 127          {
 128   1          // зңӢй—ЁзӢ—й»ҳи®Өжү“ејҖ, еӨҚдҪҚж—¶й—ҙ2s
 129   1          WDT_KEY = WDT_KEY_VAL(0xDD); // е…ій—ӯзңӢй—ЁзӢ— (еҰӮйңҖй…ҚзҪ®зңӢй—ЁзӢ—иҜ·жҹҘзңӢ"WDT\WDT_Reset"зӨәдҫӢ)
 130   1          system_init();
 131   1      
 132   1          // е…ій—ӯHCKе’ҢHDAзҡ„и°ғиҜ•еҠҹиғҪ
 133   1          WDT_KEY = 0x55;  // и§ЈйҷӨеҶҷдҝқжҠӨ
 134   1          IO_MAP &= ~0x01; // жё…йҷӨиҝҷдёӘеҜ„еӯҳеҷЁзҡ„еҖјпјҢе®һзҺ°е…ій—ӯHCKе’ҢHDAеј•и„ҡзҡ„и°ғиҜ•еҠҹиғҪпјҲи§ЈйҷӨж
             -ҳ е°„пјү
 135   1          WDT_KEY = 0xBB;  // еҶҷдёҖдёӘж— ж•Ҳзҡ„ж•°жҚ®пјҢи§ҰеҸ‘еҶҷдҝқжҠӨ
 136   1      
 137   1          P0_MD0 = 0xFF;
 138   1          P0_MD1 = 0xFF;
 139   1          P1_MD0 = 0xFF;
 140   1          P1_MD1 = 0xFF;
 141   1          P2_MD0 = 0xFF;
 142   1          P2_MD1 = 0xFF;
 143   1          P3_MD0 = 0xFF;
 144   1          P3_MD1 = 0xFF;
 145   1      
 146   1          user_init();
 147   1          delay_ms(10); // зӯүеҫ…зі»з»ҹзЁіе®ҡпјҲиҮіе°‘иҰҒзӯүadеҖјйғҪжӣҙж–°дёҖйҒҚпјү
 148   1      
 149   1          while (1)
 150   1          {
 151   2              key_driver_scan(&ad_key_para);
 152   2              ad_key_handle();
 153   2      
 154   2              uart_data_handle();
 155   2      
 156   2              battery_monitor_handle();
 157   2      
 158   2              charge_det();
 159   2      
 160   2              low_power_handle();
 161   2      
 162   2      #if USER_DEBUG_ENABLE
                      // user_test_main();
              #endif
 165   2          }
 166   1      }
 167          
 168          /**
 169           * @}
 170           */
 171          
 172          /*************************** (C) COPYRIGHT 2022 HUGE-IC ***** END OF FILE *****/


MODULE INFORMATION:   STATIC OVERLAYABLE
   CODE SIZE        =    107    ----
C51 COMPILER V9.60.7.0   MAIN                                                              04/03/2026 16:59:41 PAGE 4   

   CONSTANT SIZE    =   ----    ----
   XDATA SIZE       =   ----    ----
   PDATA SIZE       =   ----    ----
   DATA SIZE        =   ----    ----
   IDATA SIZE       =   ----    ----
   BIT SIZE         =   ----    ----
END OF MODULE INFORMATION.


C51 COMPILATION COMPLETE.  0 WARNING(S),  0 ERROR(S)
